Log file open, 09/06/22 13:35:02
LogWindows: Failed to load 'aqProf.dll' (GetLastError=126)
LogWindows: File 'aqProf.dll' does not exist
LogWindows: Failed to load 'VtuneApi.dll' (GetLastError=126)
LogWindows: File 'VtuneApi.dll' does not exist
LogWindows: Failed to load 'VtuneApi32e.dll' (GetLastError=126)
LogWindows: File 'VtuneApi32e.dll' does not exist
LogConsoleResponse: Display: Failed to find resolution value strings in scalability ini. Falling back to default.
LogConsoleResponse: Display: Failed to find resolution value strings in scalability ini. Falling back to default.
LogInit: Display: Running engine for game: UnrealTeamProject
LogPlatformFile: Not using cached read wrapper
LogTaskGraph: Started task graph with 5 named threads and 23 total threads with 3 sets of task threads.
LogStats: Stats thread started at 0.188818
LogICUInternationalization: ICU TimeZone Detection - Raw Offset: +9:00, Platform Override: ''
LogInit: Display: Loading text-based GConfig....
LogPluginManager: Mounting plugin MeshPainting
LogPluginManager: Mounting plugin XGEController
LogPluginManager: Mounting plugin Paper2D
LogPluginManager: Mounting plugin EnvironmentQueryEditor
LogPluginManager: Mounting plugin AISupport
LogPluginManager: Mounting plugin LightPropagationVolume
LogPluginManager: Mounting plugin LiveLink
LogPluginManager: Mounting plugin CameraShakePreviewer
LogPluginManager: Mounting plugin GameplayCameras
LogPluginManager: Mounting plugin OodleNetwork
LogPluginManager: Mounting plugin OodleData
LogPluginManager: Mounting plugin AssetManagerEditor
LogPluginManager: Mounting plugin CurveEditorTools
LogPluginManager: Mounting plugin CryptoKeys
LogPluginManager: Mounting plugin DataValidation
LogPluginManager: Mounting plugin FacialAnimation
LogPluginManager: Mounting plugin GameplayTagsEditor
LogPluginManager: Mounting plugin GeometryMode
LogPluginManager: Mounting plugin MaterialAnalyzer
LogPluginManager: Mounting plugin MacGraphicsSwitching
LogPluginManager: Mounting plugin MobileLauncherProfileWizard
LogPluginManager: Mounting plugin PluginBrowser
LogPluginManager: Mounting plugin SpeedTreeImporter
LogPluginManager: Mounting plugin Niagara
LogPluginManager: Mounting plugin AnimationSharing
LogPluginManager: Mounting plugin DatasmithContent
LogPluginManager: Mounting plugin VariantManagerContent
LogPluginManager: Mounting plugin CLionSourceCodeAccess
LogPluginManager: Mounting plugin GitSourceControl
LogPluginManager: Mounting plugin CodeLiteSourceCodeAccess
LogPluginManager: Mounting plugin KDevelopSourceCodeAccess
LogPluginManager: Mounting plugin NullSourceCodeAccess
LogPluginManager: Mounting plugin PerforceSourceControl
LogPluginManager: Mounting plugin PixWinPlugin
LogPluginManager: Mounting plugin PropertyAccessNode
LogPluginManager: Mounting plugin PlasticSourceControl
LogPluginManager: Mounting plugin PluginUtils
LogPluginManager: Mounting plugin RiderSourceCodeAccess
LogPluginManager: Mounting plugin SubversionSourceControl
LogPluginManager: Mounting plugin TextureFormatOodle
LogPluginManager: Mounting plugin UObjectPlugin
LogPluginManager: Mounting plugin VisualStudioCodeSourceCodeAccess
LogPluginManager: Mounting plugin VisualStudioSourceCodeAccess
LogPluginManager: Mounting plugin XCodeSourceCodeAccess
LogPluginManager: Mounting plugin AlembicImporter
LogPluginManager: Mounting plugin AutomationUtils
LogPluginManager: Mounting plugin BackChannel
LogPluginManager: Mounting plugin ChaosClothEditor
LogPluginManager: Mounting plugin ChaosCloth
LogPluginManager: Mounting plugin ChaosNiagara
LogPluginManager: Mounting plugin ChaosEditor
LogPluginManager: Mounting plugin ChaosSolverPlugin
LogPluginManager: Mounting plugin CharacterAI
LogPluginManager: Mounting plugin GeometryCache
LogPluginManager: Mounting plugin GeometryCollectionPlugin
LogPluginManager: Mounting plugin LuminPlatformFeatures
LogPluginManager: Mounting plugin MagicLeap
LogPluginManager: Mounting plugin MagicLeapLightEstimation
LogPluginManager: Mounting plugin MagicLeapMedia
LogPluginManager: Mounting plugin MagicLeapPassableWorld
LogPluginManager: Mounting plugin MLSDK
LogPluginManager: Mounting plugin AndroidMedia
LogPluginManager: Mounting plugin TcpMessaging
LogPluginManager: Mounting plugin AvfMedia
LogPluginManager: Mounting plugin UdpMessaging
LogPluginManager: Mounting plugin GeometryProcessing
LogPluginManager: Mounting plugin ImgMedia
LogPluginManager: Mounting plugin MediaCompositing
LogPluginManager: Mounting plugin MediaPlayerEditor
LogPluginManager: Mounting plugin WebMMedia
LogPluginManager: Mounting plugin MotoSynth
LogPluginManager: Mounting plugin OpenImageDenoise
LogPluginManager: Mounting plugin PlanarCut
LogPluginManager: Mounting plugin WmfMedia
LogPluginManager: Mounting plugin ProxyLODPlugin
LogPluginManager: Mounting plugin PlatformCrypto
LogPluginManager: Mounting plugin PythonScriptPlugin
LogPluginManager: Mounting plugin RawInput
LogPluginManager: Mounting plugin SkeletalReduction
LogPluginManager: Mounting plugin ActorSequence
LogPluginManager: Mounting plugin MatineeToLevelSequence
LogPluginManager: Mounting plugin LevelSequenceEditor
LogPluginManager: Mounting plugin TemplateSequence
LogPluginManager: Mounting plugin OnlineSubsystem
LogPluginManager: Mounting plugin LauncherChunkInstaller
LogPluginManager: Mounting plugin OnlineSubsystemNull
LogPluginManager: Mounting plugin OnlineSubsystemUtils
LogPluginManager: Mounting plugin ActorLayerUtilities
LogPluginManager: Mounting plugin AndroidPermission
LogPluginManager: Mounting plugin AndroidMoviePlayer
LogPluginManager: Mounting plugin AndroidDeviceProfileSelector
LogPluginManager: Mounting plugin AppleMoviePlayer
LogPluginManager: Mounting plugin AppleImageUtils
LogPluginManager: Mounting plugin ArchVisCharacter
LogPluginManager: Mounting plugin AudioCapture
LogPluginManager: Mounting plugin AssetTags
LogPluginManager: Mounting plugin AudioSynesthesia
LogPluginManager: Mounting plugin CableComponent
LogPluginManager: Mounting plugin ChunkDownloader
LogPluginManager: Mounting plugin CustomMeshComponent
LogPluginManager: Mounting plugin EditableMesh
LogPluginManager: Mounting plugin ExampleDeviceProfileSelector
LogPluginManager: Mounting plugin GoogleCloudMessaging
LogPluginManager: Mounting plugin GooglePAD
LogPluginManager: Mounting plugin ScreenshotTools
LogPluginManager: Mounting plugin LinuxDeviceProfileSelector
LogPluginManager: Mounting plugin IOSDeviceProfileSelector
LogPluginManager: Mounting plugin LocationServicesBPLibrary
LogPluginManager: Mounting plugin MobilePatchingUtils
LogPluginManager: Mounting plugin OpenXR
LogPluginManager: Mounting plugin OpenXREyeTracker
LogPluginManager: Mounting plugin OpenXRHandTracking
LogPluginManager: Mounting plugin PhysXVehicles
LogPluginManager: Mounting plugin Takes
LogPluginManager: Mounting plugin PostSplashScreen
LogPluginManager: Mounting plugin PropertyAccessEditor
LogPluginManager: Mounting plugin ProceduralMeshComponent
LogPluginManager: Mounting plugin SignificanceManager
LogPluginManager: Mounting plugin RuntimePhysXCooking
LogPluginManager: Mounting plugin SoundFields
LogPluginManager: Mounting plugin Synthesis
LogPluginManager: Mounting plugin WebMMoviePlayer
LogPluginManager: Mounting plugin WindowsMoviePlayer
LogPluginManager: Mounting plugin ContentBrowserAssetDataSource
LogPluginManager: Mounting plugin ContentBrowserFileDataSource
LogPluginManager: Mounting plugin ContentBrowserClassDataSource
LogPluginManager: Mounting plugin OnlineSubsystemIOS
LogPluginManager: Mounting plugin OnlineSubsystemGooglePlay
LogPluginManager: Mounting plugin OculusVR
LogPluginManager: Mounting plugin SteamVR
PixWinPlugin: PIX capture plugin failed to initialize! Check that the process is launched from PIX.
LogInit: Using libcurl 7.55.1-DEV
LogInit:  - built for x86_64-pc-win32
LogInit:  - supports SSL with OpenSSL/1.1.1
LogInit:  - supports HTTP deflate (compression) using libz 1.2.8
LogInit:  - other features:
LogInit:      CURL_VERSION_SSL
LogInit:      CURL_VERSION_LIBZ
LogInit:      CURL_VERSION_IPV6
LogInit:      CURL_VERSION_ASYNCHDNS
LogInit:      CURL_VERSION_LARGEFILE
LogInit:      CURL_VERSION_IDN
LogInit:  CurlRequestOptions (configurable via config and command line):
LogInit:  - bVerifyPeer = true  - Libcurl will verify peer certificate
LogInit:  - bUseHttpProxy = false  - Libcurl will NOT use HTTP proxy
LogInit:  - bDontReuseConnections = false  - Libcurl will reuse connections
LogInit:  - MaxHostConnections = 16  - Libcurl will limit the number of connections to a host
LogInit:  - LocalHostAddr = Default
LogInit:  - BufferSize = 65536
LogOnline: OSS: Creating online subsystem instance for: NULL
LogInit: WinSock: version 1.1 (2.2), MaxSocks=32767, MaxUdp=65467
LogOnline: OSS: TryLoadSubsystemAndSetDefault: Loaded subsystem for module [NULL]
LogOculusPluginWrapper: OculusPlugin initialized successfully
LogHMD: Failed initializing OVRPlugin 1.59.0
LogInit: Build: ++UE4+Release-4.27-CL-18319896
LogInit: Engine Version: 4.27.2-18319896+++UE4+Release-4.27
LogInit: Compatible Engine Version: 4.27.0-17155196+++UE4+Release-4.27
LogInit: Net CL: 17155196
LogInit: OS: Windows 10 (Release 2009) (), CPU: Intel(R) Core(TM) i5-10300H CPU @ 2.50GHz, GPU: Intel(R) UHD Graphics
LogInit: Compiled (64-bit): Nov 30 2021 07:12:08
LogInit: Compiled with Visual C++: 19.24.28315.00
LogInit: Build Configuration: Development
LogInit: Branch Name: ++UE4+Release-4.27
LogInit: Command Line: 
LogInit: Base Directory: C:/Program Files/Epic Games/UE_4.27/Engine/Binaries/Win64/
LogInit: Allocator: TBB
LogInit: Installed Engine Build: 1
LogDevObjectVersion: Number of dev versions registered: 29
LogDevObjectVersion:   Dev-Blueprints (B0D832E4-1F89-4F0D-ACCF-7EB736FD4AA2): 10
LogDevObjectVersion:   Dev-Build (E1C64328-A22C-4D53-A36C-8E866417BD8C): 0
LogDevObjectVersion:   Dev-Core (375EC13C-06E4-48FB-B500-84F0262A717E): 4
LogDevObjectVersion:   Dev-Editor (E4B068ED-F494-42E9-A231-DA0B2E46BB41): 40
LogDevObjectVersion:   Dev-Framework (CFFC743F-43B0-4480-9391-14DF171D2073): 37
LogDevObjectVersion:   Dev-Mobile (B02B49B5-BB20-44E9-A304-32B752E40360): 3
LogDevObjectVersion:   Dev-Networking (A4E4105C-59A1-49B5-A7C5-40C4547EDFEE): 0
LogDevObjectVersion:   Dev-Online (39C831C9-5AE6-47DC-9A44-9C173E1C8E7C): 0
LogDevObjectVersion:   Dev-Physics (78F01B33-EBEA-4F98-B9B4-84EACCB95AA2): 14
LogDevObjectVersion:   Dev-Platform (6631380F-2D4D-43E0-8009-CF276956A95A): 0
LogDevObjectVersion:   Dev-Rendering (12F88B9F-8875-4AFC-A67C-D90C383ABD29): 45
LogDevObjectVersion:   Dev-Sequencer (7B5AE74C-D270-4C10-A958-57980B212A5A): 13
LogDevObjectVersion:   Dev-VR (D7296918-1DD6-4BDD-9DE2-64A83CC13884): 3
LogDevObjectVersion:   Dev-LoadTimes (C2A15278-BFE7-4AFE-6C17-90FF531DF755): 1
LogDevObjectVersion:   Private-Geometry (6EACA3D4-40EC-4CC1-B786-8BED09428FC5): 3
LogDevObjectVersion:   Dev-AnimPhys (29E575DD-E0A3-4627-9D10-D276232CDCEA): 17
LogDevObjectVersion:   Dev-Anim (AF43A65D-7FD3-4947-9873-3E8ED9C1BB05): 15
LogDevObjectVersion:   Dev-ReflectionCapture (6B266CEC-1EC7-4B8F-A30B-E4D90942FC07): 1
LogDevObjectVersion:   Dev-Automation (0DF73D61-A23F-47EA-B727-89E90C41499A): 1
LogDevObjectVersion:   FortniteMain (601D1886-AC64-4F84-AA16-D3DE0DEAC7D6): 47
LogDevObjectVersion:   FortniteRelease (E7086368-6B23-4C58-8439-1B7016265E91): 1
LogDevObjectVersion:   Dev-Enterprise (9DFFBCD6-494F-0158-E221-12823C92A888): 10
LogDevObjectVersion:   Dev-Niagara (F2AED0AC-9AFE-416F-8664-AA7FFA26D6FC): 1
LogDevObjectVersion:   Dev-Destruction (174F1F0B-B4C6-45A5-B13F-2EE8D0FB917D): 10
LogDevObjectVersion:   Dev-Physics-Ext (35F94A83-E258-406C-A318-09F59610247C): 41
LogDevObjectVersion:   Dev-PhysicsMaterial-Chaos (B68FC16E-8B1B-42E2-B453-215C058844FE): 1
LogDevObjectVersion:   Dev-CineCamera (B2E18506-4273-CFC2-A54E-F4BB758BBA07): 1
LogDevObjectVersion:   Dev-VirtualProduction (64F58936-FD1B-42BA-BA96-7289D5D0FA4E): 1
LogDevObjectVersion:   Dev-MediaFramework (6F0ED827-A609-4895-9C91-998D90180EA4): 2
LogInit: Presizing for max 25165824 objects, including 0 objects not considered by GC, pre-allocating 0 bytes for permanent pool.
LogConfig: Applying CVar settings from Section [/Script/Engine.StreamingSettings] File [C:/Work/TeamProjectClone/UnrealTeam/UnrealTeamProject/Saved/Config/Windows/Engine.ini]
LogConfig: Setting CVar [[s.MinBulkDataSizeForAsyncLoading:131072]]
LogConfig: Setting CVar [[s.AsyncLoadingThreadEnabled:0]]
LogConfig: Setting CVar [[s.EventDrivenLoaderEnabled:1]]
LogConfig: Setting CVar [[s.WarnIfTimeLimitExceeded:0]]
LogConfig: Setting CVar [[s.TimeLimitExceededMultiplier:1.5]]
LogConfig: Setting CVar [[s.TimeLimitExceededMinTime:0.005]]
LogConfig: Setting CVar [[s.UseBackgroundLevelStreaming:1]]
LogConfig: Setting CVar [[s.PriorityAsyncLoadingExtraTime:15.0]]
LogConfig: Setting CVar [[s.LevelStreamingActorsUpdateTimeLimit:5.0]]
LogConfig: Setting CVar [[s.PriorityLevelStreamingActorsUpdateExtraTime:5.0]]
LogConfig: Setting CVar [[s.LevelStreamingComponentsRegistrationGranularity:10]]
LogConfig: Setting CVar [[s.UnregisterComponentsTimeLimit:1.0]]
LogConfig: Setting CVar [[s.LevelStreamingComponentsUnregistrationGranularity:5]]
LogConfig: Setting CVar [[s.FlushStreamingOnExit:1]]
LogInit: Object subsystem initialized
LogConfig: Setting CVar [[con.DebugEarlyDefault:1]]
LogConfig: Setting CVar [[r.setres:1280x720]]
[2022.09.06-04.35.03:677][  0]LogConfig: Setting CVar [[r.VSync:0]]
[2022.09.06-04.35.03:677][  0]LogConfig: Setting CVar [[r.RHICmdBypass:0]]
[2022.09.06-04.35.03:677][  0]LogConfig: Applying CVar settings from Section [/Script/Engine.RendererSettings] File [C:/Work/TeamProjectClone/UnrealTeam/UnrealTeamProject/Saved/Config/Windows/Engine.ini]
[2022.09.06-04.35.03:677][  0]LogConfig: Setting CVar [[r.GPUCrashDebugging:0]]
[2022.09.06-04.35.03:677][  0]LogConfig: Applying CVar settings from Section [/Script/Engine.RendererOverrideSettings] File [C:/Work/TeamProjectClone/UnrealTeam/UnrealTeamProject/Saved/Config/Windows/Engine.ini]
[2022.09.06-04.35.03:677][  0]LogConfig: Applying CVar settings from Section [/Script/Engine.StreamingSettings] File [C:/Work/TeamProjectClone/UnrealTeam/UnrealTeamProject/Saved/Config/Windows/Engine.ini]
[2022.09.06-04.35.03:677][  0]LogConfig: Setting CVar [[s.MinBulkDataSizeForAsyncLoading:131072]]
[2022.09.06-04.35.03:677][  0]LogConfig: Setting CVar [[s.AsyncLoadingThreadEnabled:0]]
[2022.09.06-04.35.03:677][  0]LogConfig: Setting CVar [[s.EventDrivenLoaderEnabled:1]]
[2022.09.06-04.35.03:677][  0]LogConfig: Setting CVar [[s.WarnIfTimeLimitExceeded:0]]
[2022.09.06-04.35.03:677][  0]LogConfig: Setting CVar [[s.TimeLimitExceededMultiplier:1.5]]
[2022.09.06-04.35.03:677][  0]LogConfig: Setting CVar [[s.TimeLimitExceededMinTime:0.005]]
[2022.09.06-04.35.03:678][  0]LogConfig: Setting CVar [[s.UseBackgroundLevelStreaming:1]]
[2022.09.06-04.35.03:678][  0]LogConfig: Setting CVar [[s.PriorityAsyncLoadingExtraTime:15.0]]
[2022.09.06-04.35.03:678][  0]LogConfig: Setting CVar [[s.LevelStreamingActorsUpdateTimeLimit:5.0]]
[2022.09.06-04.35.03:678][  0]LogConfig: Setting CVar [[s.PriorityLevelStreamingActorsUpdateExtraTime:5.0]]
[2022.09.06-04.35.03:678][  0]LogConfig: Setting CVar [[s.LevelStreamingComponentsRegistrationGranularity:10]]
[2022.09.06-04.35.03:678][  0]LogConfig: Setting CVar [[s.UnregisterComponentsTimeLimit:1.0]]
[2022.09.06-04.35.03:678][  0]LogConfig: Setting CVar [[s.LevelStreamingComponentsUnregistrationGranularity:5]]
[2022.09.06-04.35.03:678][  0]LogConfig: Setting CVar [[s.FlushStreamingOnExit:1]]
[2022.09.06-04.35.03:678][  0]LogConfig: Applying CVar settings from Section [/Script/Engine.GarbageCollectionSettings] File [C:/Work/TeamProjectClone/UnrealTeam/UnrealTeamProject/Saved/Config/Windows/Engine.ini]
[2022.09.06-04.35.03:678][  0]LogConfig: Setting CVar [[gc.MaxObjectsNotConsideredByGC:1]]
[2022.09.06-04.35.03:678][  0]LogConfig: Setting CVar [[gc.SizeOfPermanentObjectPool:0]]
[2022.09.06-04.35.03:678][  0]LogConfig: Setting CVar [[gc.FlushStreamingOnGC:0]]
[2022.09.06-04.35.03:678][  0]LogConfig: Setting CVar [[gc.NumRetriesBeforeForcingGC:10]]
[2022.09.06-04.35.03:678][  0]LogConfig: Setting CVar [[gc.AllowParallelGC:1]]
[2022.09.06-04.35.03:678][  0]LogConfig: Setting CVar [[gc.TimeBetweenPurgingPendingKillObjects:61.1]]
[2022.09.06-04.35.03:678][  0]LogConfig: Setting CVar [[gc.MaxObjectsInEditor:25165824]]
[2022.09.06-04.35.03:678][  0]LogConfig: Setting CVar [[gc.IncrementalBeginDestroyEnabled:1]]
[2022.09.06-04.35.03:678][  0]LogConfig: Setting CVar [[gc.CreateGCClusters:1]]
[2022.09.06-04.35.03:678][  0]LogConfig: Setting CVar [[gc.MinGCClusterSize:5]]
[2022.09.06-04.35.03:678][  0]LogConfig: Setting CVar [[gc.ActorClusteringEnabled:0]]
[2022.09.06-04.35.03:678][  0]LogConfig: Setting CVar [[gc.BlueprintClusteringEnabled:0]]
[2022.09.06-04.35.03:678][  0]LogConfig: Setting CVar [[gc.UseDisregardForGCOnDedicatedServers:0]]
[2022.09.06-04.35.03:678][  0]LogConfig: Setting CVar [[gc.MultithreadedDestructionEnabled:1]]
[2022.09.06-04.35.03:678][  0]LogConfig: Applying CVar settings from Section [/Script/Engine.NetworkSettings] File [C:/Work/TeamProjectClone/UnrealTeam/UnrealTeamProject/Saved/Config/Windows/Engine.ini]
[2022.09.06-04.35.03:678][  0]LogConfig: Applying CVar settings from Section [/Script/UnrealEd.CookerSettings] File [C:/Work/TeamProjectClone/UnrealTeam/UnrealTeamProject/Saved/Config/Windows/Engine.ini]
[2022.09.06-04.35.03:681][  0]LogConfig: Applying CVar settings from Section [ViewDistanceQuality@3] File [C:/Work/TeamProjectClone/UnrealTeam/UnrealTeamProject/Saved/Config/Windows/Scalability.ini]
[2022.09.06-04.35.03:681][  0]LogConfig: Setting CVar [[r.SkeletalMeshLODBias:0]]
[2022.09.06-04.35.03:682][  0]LogConfig: Setting CVar [[r.ViewDistanceScale:1.0]]
[2022.09.06-04.35.03:682][  0]LogConfig: Applying CVar settings from Section [AntiAliasingQuality@3] File [C:/Work/TeamProjectClone/UnrealTeam/UnrealTeamProject/Saved/Config/Windows/Scalability.ini]
[2022.09.06-04.35.03:682][  0]LogConfig: Setting CVar [[r.PostProcessAAQuality:4]]
[2022.09.06-04.35.03:682][  0]LogConfig: Applying CVar settings from Section [ShadowQuality@3] File [C:/Work/TeamProjectClone/UnrealTeam/UnrealTeamProject/Saved/Config/Windows/Scalability.ini]
[2022.09.06-04.35.03:682][  0]LogConfig: Setting CVar [[r.LightFunctionQuality:1]]
[2022.09.06-04.35.03:682][  0]LogConfig: Setting CVar [[r.ShadowQuality:5]]
[2022.09.06-04.35.03:682][  0]LogConfig: Setting CVar [[r.Shadow.CSM.MaxCascades:10]]
[2022.09.06-04.35.03:682][  0]LogConfig: Setting CVar [[r.Shadow.MaxResolution:2048]]
[2022.09.06-04.35.03:682][  0]LogConfig: Setting CVar [[r.Shadow.MaxCSMResolution:2048]]
[2022.09.06-04.35.03:682][  0]LogConfig: Setting CVar [[r.Shadow.RadiusThreshold:0.01]]
[2022.09.06-04.35.03:682][  0]LogConfig: Setting CVar [[r.Shadow.DistanceScale:1.0]]
[2022.09.06-04.35.03:682][  0]LogConfig: Setting CVar [[r.Shadow.CSM.TransitionScale:1.0]]
[2022.09.06-04.35.03:682][  0]LogConfig: Setting CVar [[r.Shadow.PreShadowResolutionFactor:1.0]]
[2022.09.06-04.35.03:682][  0]LogConfig: Setting CVar [[r.DistanceFieldShadowing:1]]
[2022.09.06-04.35.03:682][  0]LogConfig: Setting CVar [[r.DistanceFieldAO:1]]
[2022.09.06-04.35.03:682][  0]LogConfig: Setting CVar [[r.AOQuality:2]]
[2022.09.06-04.35.03:682][  0]LogConfig: Setting CVar [[r.VolumetricFog:1]]
[2022.09.06-04.35.03:682][  0]LogConfig: Setting CVar [[r.VolumetricFog.GridPixelSize:8]]
[2022.09.06-04.35.03:682][  0]LogConfig: Setting CVar [[r.VolumetricFog.GridSizeZ:128]]
[2022.09.06-04.35.03:682][  0]LogConfig: Setting CVar [[r.VolumetricFog.HistoryMissSupersampleCount:4]]
[2022.09.06-04.35.03:682][  0]LogConfig: Setting CVar [[r.LightMaxDrawDistanceScale:1]]
[2022.09.06-04.35.03:682][  0]LogConfig: Setting CVar [[r.CapsuleShadows:1]]
[2022.09.06-04.35.03:682][  0]LogConfig: Applying CVar settings from Section [PostProcessQuality@3] File [C:/Work/TeamProjectClone/UnrealTeam/UnrealTeamProject/Saved/Config/Windows/Scalability.ini]
[2022.09.06-04.35.03:682][  0]LogConfig: Setting CVar [[r.MotionBlurQuality:4]]
[2022.09.06-04.35.03:682][  0]LogConfig: Setting CVar [[r.AmbientOcclusionMipLevelFactor:0.4]]
[2022.09.06-04.35.03:682][  0]LogConfig: Setting CVar [[r.AmbientOcclusionMaxQuality:100]]
[2022.09.06-04.35.03:682][  0]LogConfig: Setting CVar [[r.AmbientOcclusionLevels:-1]]
[2022.09.06-04.35.03:682][  0]LogConfig: Setting CVar [[r.AmbientOcclusionRadiusScale:1.0]]
[2022.09.06-04.35.03:682][  0]LogConfig: Setting CVar [[r.DepthOfFieldQuality:2]]
[2022.09.06-04.35.03:682][  0]LogConfig: Setting CVar [[r.RenderTargetPoolMin:400]]
[2022.09.06-04.35.03:682][  0]LogConfig: Setting CVar [[r.LensFlareQuality:2]]
[2022.09.06-04.35.03:682][  0]LogConfig: Setting CVar [[r.SceneColorFringeQuality:1]]
[2022.09.06-04.35.03:682][  0]LogConfig: Setting CVar [[r.EyeAdaptationQuality:2]]
[2022.09.06-04.35.03:682][  0]LogConfig: Setting CVar [[r.BloomQuality:5]]
[2022.09.06-04.35.03:682][  0]LogConfig: Setting CVar [[r.FastBlurThreshold:100]]
[2022.09.06-04.35.03:682][  0]LogConfig: Setting CVar [[r.Upscale.Quality:3]]
[2022.09.06-04.35.03:682][  0]LogConfig: Setting CVar [[r.Tonemapper.GrainQuantization:1]]
[2022.09.06-04.35.03:682][  0]LogConfig: Setting CVar [[r.LightShaftQuality:1]]
[2022.09.06-04.35.03:682][  0]LogConfig: Setting CVar [[r.Filter.SizeScale:1]]
[2022.09.06-04.35.03:682][  0]LogConfig: Setting CVar [[r.Tonemapper.Quality:5]]
[2022.09.06-04.35.03:682][  0]LogConfig: Setting CVar [[r.DOF.Gather.AccumulatorQuality:1        ; higher gathering accumulator quality]]
[2022.09.06-04.35.03:682][  0]LogConfig: Setting CVar [[r.DOF.Gather.PostfilterMethod:1          ; Median3x3 postfilering method]]
[2022.09.06-04.35.03:682][  0]LogConfig: Setting CVar [[r.DOF.Gather.EnableBokehSettings:0       ; no bokeh simulation when gathering]]
[2022.09.06-04.35.03:682][  0]LogConfig: Setting CVar [[r.DOF.Gather.RingCount:4                 ; medium number of samples when gathering]]
[2022.09.06-04.35.03:682][  0]LogConfig: Setting CVar [[r.DOF.Scatter.ForegroundCompositing:1    ; additive foreground scattering]]
[2022.09.06-04.35.03:682][  0]LogConfig: Setting CVar [[r.DOF.Scatter.BackgroundCompositing:2    ; additive background scattering]]
[2022.09.06-04.35.03:682][  0]LogConfig: Setting CVar [[r.DOF.Scatter.EnableBokehSettings:1      ; bokeh simulation when scattering]]
[2022.09.06-04.35.03:682][  0]LogConfig: Setting CVar [[r.DOF.Scatter.MaxSpriteRatio:0.1         ; only a maximum of 10% of scattered bokeh]]
[2022.09.06-04.35.03:682][  0]LogConfig: Setting CVar [[r.DOF.Recombine.Quality:1                ; cheap slight out of focus]]
[2022.09.06-04.35.03:682][  0]LogConfig: Setting CVar [[r.DOF.Recombine.EnableBokehSettings:0    ; no bokeh simulation on slight out of focus]]
[2022.09.06-04.35.03:682][  0]LogConfig: Setting CVar [[r.DOF.TemporalAAQuality:1                ; more stable temporal accumulation]]
[2022.09.06-04.35.03:682][  0]LogConfig: Setting CVar [[r.DOF.Kernel.MaxForegroundRadius:0.025]]
[2022.09.06-04.35.03:682][  0]LogConfig: Setting CVar [[r.DOF.Kernel.MaxBackgroundRadius:0.025]]
[2022.09.06-04.35.03:682][  0]LogConfig: Applying CVar settings from Section [TextureQuality@3] File [C:/Work/TeamProjectClone/UnrealTeam/UnrealTeamProject/Saved/Config/Windows/Scalability.ini]
[2022.09.06-04.35.03:682][  0]LogConfig: Setting CVar [[r.Streaming.MipBias:0]]
[2022.09.06-04.35.03:682][  0]LogConfig: Setting CVar [[r.Streaming.AmortizeCPUToGPUCopy:0]]
[2022.09.06-04.35.03:682][  0]LogConfig: Setting CVar [[r.Streaming.MaxNumTexturesToStreamPerFrame:0]]
[2022.09.06-04.35.03:682][  0]LogConfig: Setting CVar [[r.Streaming.Boost:1]]
[2022.09.06-04.35.03:682][  0]LogConfig: Setting CVar [[r.MaxAnisotropy:8]]
[2022.09.06-04.35.03:682][  0]LogConfig: Setting CVar [[r.VT.MaxAnisotropy:8]]
[2022.09.06-04.35.03:682][  0]LogConfig: Setting CVar [[r.Streaming.LimitPoolSizeToVRAM:0]]
[2022.09.06-04.35.03:682][  0]LogConfig: Setting CVar [[r.Streaming.PoolSize:1000]]
[2022.09.06-04.35.03:682][  0]LogConfig: Setting CVar [[r.Streaming.MaxEffectiveScreenSize:0]]
[2022.09.06-04.35.03:682][  0]LogConfig: Applying CVar settings from Section [EffectsQuality@3] File [C:/Work/TeamProjectClone/UnrealTeam/UnrealTeamProject/Saved/Config/Windows/Scalability.ini]
[2022.09.06-04.35.03:682][  0]LogConfig: Setting CVar [[r.TranslucencyLightingVolumeDim:64]]
[2022.09.06-04.35.03:682][  0]LogConfig: Setting CVar [[r.RefractionQuality:2]]
[2022.09.06-04.35.03:682][  0]LogConfig: Setting CVar [[r.SSR.Quality:3]]
[2022.09.06-04.35.03:682][  0]LogConfig: Setting CVar [[r.SSR.HalfResSceneColor:0]]
[2022.09.06-04.35.03:682][  0]LogConfig: Setting CVar [[r.SceneColorFormat:4]]
[2022.09.06-04.35.03:682][  0]LogConfig: Setting CVar [[r.DetailMode:2]]
[2022.09.06-04.35.03:682][  0]LogConfig: Setting CVar [[r.TranslucencyVolumeBlur:1]]
[2022.09.06-04.35.03:682][  0]LogConfig: Setting CVar [[r.MaterialQualityLevel:1 ; High quality]]
[2022.09.06-04.35.03:682][  0]LogConfig: Setting CVar [[r.AnisotropicMaterials:1]]
[2022.09.06-04.35.03:682][  0]LogConfig: Setting CVar [[r.SSS.Scale:1]]
[2022.09.06-04.35.03:682][  0]LogConfig: Setting CVar [[r.SSS.SampleSet:2]]
[2022.09.06-04.35.03:682][  0]LogConfig: Setting CVar [[r.SSS.Quality:1]]
[2022.09.06-04.35.03:682][  0]LogConfig: Setting CVar [[r.SSS.HalfRes:0]]
[2022.09.06-04.35.03:682][  0]LogConfig: Setting CVar [[r.SSGI.Quality:3]]
[2022.09.06-04.35.03:682][  0]LogConfig: Setting CVar [[r.EmitterSpawnRateScale:1.0]]
[2022.09.06-04.35.03:682][  0]LogConfig: Setting CVar [[r.ParticleLightQuality:2]]
[2022.09.06-04.35.03:682][  0]LogConfig: Setting CVar [[r.SkyAtmosphere.AerialPerspectiveLUT.FastApplyOnOpaque:1 ; Always have FastSkyLUT 1 in this case to avoid wrong sky]]
[2022.09.06-04.35.03:682][  0]LogConfig: Setting CVar [[r.SkyAtmosphere.AerialPerspectiveLUT.SampleCountMaxPerSlice:4]]
[2022.09.06-04.35.03:682][  0]LogConfig: Setting CVar [[r.SkyAtmosphere.AerialPerspectiveLUT.DepthResolution:16.0]]
[2022.09.06-04.35.03:682][  0]LogConfig: Setting CVar [[r.SkyAtmosphere.FastSkyLUT:1]]
[2022.09.06-04.35.03:682][  0]LogConfig: Setting CVar [[r.SkyAtmosphere.FastSkyLUT.SampleCountMin:4.0]]
[2022.09.06-04.35.03:682][  0]LogConfig: Setting CVar [[r.SkyAtmosphere.FastSkyLUT.SampleCountMax:128.0]]
[2022.09.06-04.35.03:682][  0]LogConfig: Setting CVar [[r.SkyAtmosphere.SampleCountMin:4.0]]
[2022.09.06-04.35.03:682][  0]LogConfig: Setting CVar [[r.SkyAtmosphere.SampleCountMax:128.0]]
[2022.09.06-04.35.03:682][  0]LogConfig: Setting CVar [[r.SkyAtmosphere.TransmittanceLUT.UseSmallFormat:0]]
[2022.09.06-04.35.03:682][  0]LogConfig: Setting CVar [[r.SkyAtmosphere.TransmittanceLUT.SampleCount:10.0]]
[2022.09.06-04.35.03:682][  0]LogConfig: Setting CVar [[r.SkyAtmosphere.MultiScatteringLUT.SampleCount:15.0]]
[2022.09.06-04.35.03:682][  0]LogConfig: Setting CVar [[r.SkyLight.RealTimeReflectionCapture:1]]
[2022.09.06-04.35.03:682][  0]LogConfig: Applying CVar settings from Section [FoliageQuality@3] File [C:/Work/TeamProjectClone/UnrealTeam/UnrealTeamProject/Saved/Config/Windows/Scalability.ini]
[2022.09.06-04.35.03:682][  0]LogConfig: Setting CVar [[foliage.DensityScale:1.0]]
[2022.09.06-04.35.03:682][  0]LogConfig: Setting CVar [[grass.DensityScale:1.0]]
[2022.09.06-04.35.03:682][  0]LogConfig: Applying CVar settings from Section [ShadingQuality@3] File [C:/Work/TeamProjectClone/UnrealTeam/UnrealTeamProject/Saved/Config/Windows/Scalability.ini]
[2022.09.06-04.35.03:682][  0]LogConfig: Setting CVar [[r.HairStrands.SkyLighting.IntegrationType:2]]
[2022.09.06-04.35.03:682][  0]LogConfig: Setting CVar [[r.HairStrands.SkyAO.SampleCount:4]]
[2022.09.06-04.35.03:682][  0]LogConfig: Setting CVar [[r.HairStrands.Visibility.MSAA.SamplePerPixel:4]]
[2022.09.06-04.35.03:682][  0]LogInit: Selected Device Profile: [Windows]
[2022.09.06-04.35.03:683][  0]LogInit: Applying CVar settings loaded from the selected device profile: [Windows]
[2022.09.06-04.35.03:683][  0]LogHAL: Display: Platform has ~ 16 GB [16989282304 / 17179869184 / 16], which maps to Larger [LargestMinGB=32, LargerMinGB=12, DefaultMinGB=8, SmallerMinGB=6, SmallestMinGB=0)
[2022.09.06-04.35.03:683][  0]LogInit: Going up to parent DeviceProfile []
[2022.09.06-04.35.03:683][  0]LogConfig: Applying CVar settings from Section [ViewDistanceQuality@3] File [C:/Work/TeamProjectClone/UnrealTeam/UnrealTeamProject/Saved/Config/Windows/Scalability.ini]
[2022.09.06-04.35.03:683][  0]LogConfig: Setting CVar [[r.SkeletalMeshLODBias:0]]
[2022.09.06-04.35.03:683][  0]LogConfig: Setting CVar [[r.ViewDistanceScale:1.0]]
[2022.09.06-04.35.03:683][  0]LogConfig: Applying CVar settings from Section [AntiAliasingQuality@3] File [C:/Work/TeamProjectClone/UnrealTeam/UnrealTeamProject/Saved/Config/Windows/Scalability.ini]
[2022.09.06-04.35.03:683][  0]LogConfig: Setting CVar [[r.PostProcessAAQuality:4]]
[2022.09.06-04.35.03:683][  0]LogConfig: Applying CVar settings from Section [ShadowQuality@3] File [C:/Work/TeamProjectClone/UnrealTeam/UnrealTeamProject/Saved/Config/Windows/Scalability.ini]
[2022.09.06-04.35.03:683][  0]LogConfig: Setting CVar [[r.LightFunctionQuality:1]]
[2022.09.06-04.35.03:683][  0]LogConfig: Setting CVar [[r.ShadowQuality:5]]
[2022.09.06-04.35.03:683][  0]LogConfig: Setting CVar [[r.Shadow.CSM.MaxCascades:10]]
[2022.09.06-04.35.03:683][  0]LogConfig: Setting CVar [[r.Shadow.MaxResolution:2048]]
[2022.09.06-04.35.03:683][  0]LogConfig: Setting CVar [[r.Shadow.MaxCSMResolution:2048]]
[2022.09.06-04.35.03:683][  0]LogConfig: Setting CVar [[r.Shadow.RadiusThreshold:0.01]]
[2022.09.06-04.35.03:683][  0]LogConfig: Setting CVar [[r.Shadow.DistanceScale:1.0]]
[2022.09.06-04.35.03:683][  0]LogConfig: Setting CVar [[r.Shadow.CSM.TransitionScale:1.0]]
[2022.09.06-04.35.03:683][  0]LogConfig: Setting CVar [[r.Shadow.PreShadowResolutionFactor:1.0]]
[2022.09.06-04.35.03:683][  0]LogConfig: Setting CVar [[r.DistanceFieldShadowing:1]]
[2022.09.06-04.35.03:683][  0]LogConfig: Setting CVar [[r.DistanceFieldAO:1]]
[2022.09.06-04.35.03:683][  0]LogConfig: Setting CVar [[r.AOQuality:2]]
[2022.09.06-04.35.03:683][  0]LogConfig: Setting CVar [[r.VolumetricFog:1]]
[2022.09.06-04.35.03:683][  0]LogConfig: Setting CVar [[r.VolumetricFog.GridPixelSize:8]]
[2022.09.06-04.35.03:683][  0]LogConfig: Setting CVar [[r.VolumetricFog.GridSizeZ:128]]
[2022.09.06-04.35.03:683][  0]LogConfig: Setting CVar [[r.VolumetricFog.HistoryMissSupersampleCount:4]]
[2022.09.06-04.35.03:683][  0]LogConfig: Setting CVar [[r.LightMaxDrawDistanceScale:1]]
[2022.09.06-04.35.03:683][  0]LogConfig: Setting CVar [[r.CapsuleShadows:1]]
[2022.09.06-04.35.03:683][  0]LogConfig: Applying CVar settings from Section [PostProcessQuality@3] File [C:/Work/TeamProjectClone/UnrealTeam/UnrealTeamProject/Saved/Config/Windows/Scalability.ini]
[2022.09.06-04.35.03:683][  0]LogConfig: Setting CVar [[r.MotionBlurQuality:4]]
[2022.09.06-04.35.03:683][  0]LogConfig: Setting CVar [[r.AmbientOcclusionMipLevelFactor:0.4]]
[2022.09.06-04.35.03:683][  0]LogConfig: Setting CVar [[r.AmbientOcclusionMaxQuality:100]]
[2022.09.06-04.35.03:683][  0]LogConfig: Setting CVar [[r.AmbientOcclusionLevels:-1]]
[2022.09.06-04.35.03:683][  0]LogConfig: Setting CVar [[r.AmbientOcclusionRadiusScale:1.0]]
[2022.09.06-04.35.03:683][  0]LogConfig: Setting CVar [[r.DepthOfFieldQuality:2]]
[2022.09.06-04.35.03:683][  0]LogConfig: Setting CVar [[r.RenderTargetPoolMin:400]]
[2022.09.06-04.35.03:683][  0]LogConfig: Setting CVar [[r.LensFlareQuality:2]]
[2022.09.06-04.35.03:683][  0]LogConfig: Setting CVar [[r.SceneColorFringeQuality:1]]
[2022.09.06-04.35.03:683][  0]LogConfig: Setting CVar [[r.EyeAdaptationQuality:2]]
[2022.09.06-04.35.03:683][  0]LogConfig: Setting CVar [[r.BloomQuality:5]]
[2022.09.06-04.35.03:683][  0]LogConfig: Setting CVar [[r.FastBlurThreshold:100]]
[2022.09.06-04.35.03:683][  0]LogConfig: Setting CVar [[r.Upscale.Quality:3]]
[2022.09.06-04.35.03:683][  0]LogConfig: Setting CVar [[r.Tonemapper.GrainQuantization:1]]
[2022.09.06-04.35.03:683][  0]LogConfig: Setting CVar [[r.LightShaftQuality:1]]
[2022.09.06-04.35.03:683][  0]LogConfig: Setting CVar [[r.Filter.SizeScale:1]]
[2022.09.06-04.35.03:683][  0]LogConfig: Setting CVar [[r.Tonemapper.Quality:5]]
[2022.09.06-04.35.03:683][  0]LogConfig: Setting CVar [[r.DOF.Gather.AccumulatorQuality:1        ; higher gathering accumulator quality]]
[2022.09.06-04.35.03:683][  0]LogConfig: Setting CVar [[r.DOF.Gather.PostfilterMethod:1          ; Median3x3 postfilering method]]
[2022.09.06-04.35.03:683][  0]LogConfig: Setting CVar [[r.DOF.Gather.EnableBokehSettings:0       ; no bokeh simulation when gathering]]
[2022.09.06-04.35.03:683][  0]LogConfig: Setting CVar [[r.DOF.Gather.RingCount:4                 ; medium number of samples when gathering]]
[2022.09.06-04.35.03:683][  0]LogConfig: Setting CVar [[r.DOF.Scatter.ForegroundCompositing:1    ; additive foreground scattering]]
[2022.09.06-04.35.03:683][  0]LogConfig: Setting CVar [[r.DOF.Scatter.BackgroundCompositing:2    ; additive background scattering]]
[2022.09.06-04.35.03:683][  0]LogConfig: Setting CVar [[r.DOF.Scatter.EnableBokehSettings:1      ; bokeh simulation when scattering]]
[2022.09.06-04.35.03:683][  0]LogConfig: Setting CVar [[r.DOF.Scatter.MaxSpriteRatio:0.1         ; only a maximum of 10% of scattered bokeh]]
[2022.09.06-04.35.03:683][  0]LogConfig: Setting CVar [[r.DOF.Recombine.Quality:1                ; cheap slight out of focus]]
[2022.09.06-04.35.03:683][  0]LogConfig: Setting CVar [[r.DOF.Recombine.EnableBokehSettings:0    ; no bokeh simulation on slight out of focus]]
[2022.09.06-04.35.03:683][  0]LogConfig: Setting CVar [[r.DOF.TemporalAAQuality:1                ; more stable temporal accumulation]]
[2022.09.06-04.35.03:683][  0]LogConfig: Setting CVar [[r.DOF.Kernel.MaxForegroundRadius:0.025]]
[2022.09.06-04.35.03:683][  0]LogConfig: Setting CVar [[r.DOF.Kernel.MaxBackgroundRadius:0.025]]
[2022.09.06-04.35.03:683][  0]LogConfig: Applying CVar settings from Section [TextureQuality@3] File [C:/Work/TeamProjectClone/UnrealTeam/UnrealTeamProject/Saved/Config/Windows/Scalability.ini]
[2022.09.06-04.35.03:683][  0]LogConfig: Setting CVar [[r.Streaming.MipBias:0]]
[2022.09.06-04.35.03:683][  0]LogConfig: Setting CVar [[r.Streaming.AmortizeCPUToGPUCopy:0]]
[2022.09.06-04.35.03:683][  0]LogConfig: Setting CVar [[r.Streaming.MaxNumTexturesToStreamPerFrame:0]]
[2022.09.06-04.35.03:683][  0]LogConfig: Setting CVar [[r.Streaming.Boost:1]]
[2022.09.06-04.35.03:683][  0]LogConfig: Setting CVar [[r.MaxAnisotropy:8]]
[2022.09.06-04.35.03:683][  0]LogConfig: Setting CVar [[r.VT.MaxAnisotropy:8]]
[2022.09.06-04.35.03:683][  0]LogConfig: Setting CVar [[r.Streaming.LimitPoolSizeToVRAM:0]]
[2022.09.06-04.35.03:683][  0]LogConfig: Setting CVar [[r.Streaming.PoolSize:1000]]
[2022.09.06-04.35.03:683][  0]LogConfig: Setting CVar [[r.Streaming.MaxEffectiveScreenSize:0]]
[2022.09.06-04.35.03:683][  0]LogConfig: Applying CVar settings from Section [EffectsQuality@3] File [C:/Work/TeamProjectClone/UnrealTeam/UnrealTeamProject/Saved/Config/Windows/Scalability.ini]
[2022.09.06-04.35.03:683][  0]LogConfig: Setting CVar [[r.TranslucencyLightingVolumeDim:64]]
[2022.09.06-04.35.03:683][  0]LogConfig: Setting CVar [[r.RefractionQuality:2]]
[2022.09.06-04.35.03:683][  0]LogConfig: Setting CVar [[r.SSR.Quality:3]]
[2022.09.06-04.35.03:683][  0]LogConfig: Setting CVar [[r.SSR.HalfResSceneColor:0]]
[2022.09.06-04.35.03:683][  0]LogConfig: Setting CVar [[r.SceneColorFormat:4]]
[2022.09.06-04.35.03:683][  0]LogConfig: Setting CVar [[r.DetailMode:2]]
[2022.09.06-04.35.03:683][  0]LogConfig: Setting CVar [[r.TranslucencyVolumeBlur:1]]
[2022.09.06-04.35.03:683][  0]LogConfig: Setting CVar [[r.MaterialQualityLevel:1 ; High quality]]
[2022.09.06-04.35.03:683][  0]LogConfig: Setting CVar [[r.AnisotropicMaterials:1]]
[2022.09.06-04.35.03:683][  0]LogConfig: Setting CVar [[r.SSS.Scale:1]]
[2022.09.06-04.35.03:683][  0]LogConfig: Setting CVar [[r.SSS.SampleSet:2]]
[2022.09.06-04.35.03:683][  0]LogConfig: Setting CVar [[r.SSS.Quality:1]]
[2022.09.06-04.35.03:683][  0]LogConfig: Setting CVar [[r.SSS.HalfRes:0]]
[2022.09.06-04.35.03:683][  0]LogConfig: Setting CVar [[r.SSGI.Quality:3]]
[2022.09.06-04.35.03:683][  0]LogConfig: Setting CVar [[r.EmitterSpawnRateScale:1.0]]
[2022.09.06-04.35.03:683][  0]LogConfig: Setting CVar [[r.ParticleLightQuality:2]]
[2022.09.06-04.35.03:683][  0]LogConfig: Setting CVar [[r.SkyAtmosphere.AerialPerspectiveLUT.FastApplyOnOpaque:1 ; Always have FastSkyLUT 1 in this case to avoid wrong sky]]
[2022.09.06-04.35.03:683][  0]LogConfig: Setting CVar [[r.SkyAtmosphere.AerialPerspectiveLUT.SampleCountMaxPerSlice:4]]
[2022.09.06-04.35.03:683][  0]LogConfig: Setting CVar [[r.SkyAtmosphere.AerialPerspectiveLUT.DepthResolution:16.0]]
[2022.09.06-04.35.03:683][  0]LogConfig: Setting CVar [[r.SkyAtmosphere.FastSkyLUT:1]]
[2022.09.06-04.35.03:683][  0]LogConfig: Setting CVar [[r.SkyAtmosphere.FastSkyLUT.SampleCountMin:4.0]]
[2022.09.06-04.35.03:683][  0]LogConfig: Setting CVar [[r.SkyAtmosphere.FastSkyLUT.SampleCountMax:128.0]]
[2022.09.06-04.35.03:683][  0]LogConfig: Setting CVar [[r.SkyAtmosphere.SampleCountMin:4.0]]
[2022.09.06-04.35.03:683][  0]LogConfig: Setting CVar [[r.SkyAtmosphere.SampleCountMax:128.0]]
[2022.09.06-04.35.03:683][  0]LogConfig: Setting CVar [[r.SkyAtmosphere.TransmittanceLUT.UseSmallFormat:0]]
[2022.09.06-04.35.03:683][  0]LogConfig: Setting CVar [[r.SkyAtmosphere.TransmittanceLUT.SampleCount:10.0]]
[2022.09.06-04.35.03:683][  0]LogConfig: Setting CVar [[r.SkyAtmosphere.MultiScatteringLUT.SampleCount:15.0]]
[2022.09.06-04.35.03:683][  0]LogConfig: Setting CVar [[r.SkyLight.RealTimeReflectionCapture:1]]
[2022.09.06-04.35.03:683][  0]LogConfig: Applying CVar settings from Section [FoliageQuality@3] File [C:/Work/TeamProjectClone/UnrealTeam/UnrealTeamProject/Saved/Config/Windows/Scalability.ini]
[2022.09.06-04.35.03:684][  0]LogConfig: Setting CVar [[foliage.DensityScale:1.0]]
[2022.09.06-04.35.03:684][  0]LogConfig: Setting CVar [[grass.DensityScale:1.0]]
[2022.09.06-04.35.03:684][  0]LogConfig: Applying CVar settings from Section [ShadingQuality@3] File [C:/Work/TeamProjectClone/UnrealTeam/UnrealTeamProject/Saved/Config/Windows/Scalability.ini]
[2022.09.06-04.35.03:684][  0]LogConfig: Setting CVar [[r.HairStrands.SkyLighting.IntegrationType:2]]
[2022.09.06-04.35.03:684][  0]LogConfig: Setting CVar [[r.HairStrands.SkyAO.SampleCount:4]]
[2022.09.06-04.35.03:684][  0]LogConfig: Setting CVar [[r.HairStrands.Visibility.MSAA.SamplePerPixel:4]]
[2022.09.06-04.35.03:684][  0]LogConfig: Applying CVar settings from Section [Startup] File [../../../Engine/Config/ConsoleVariables.ini]
[2022.09.06-04.35.03:684][  0]LogConfig: Setting CVar [[net.UseAdaptiveNetUpdateFrequency:0]]
[2022.09.06-04.35.03:684][  0]LogConfig: Setting CVar [[p.chaos.AllowCreatePhysxBodies:1]]
[2022.09.06-04.35.03:684][  0]LogConfig: Setting CVar [[fx.SkipVectorVMBackendOptimizations:1]]
[2022.09.06-04.35.03:684][  0]LogConfig: Applying CVar settings from Section [ConsoleVariables] File [C:/Work/TeamProjectClone/UnrealTeam/UnrealTeamProject/Saved/Config/Windows/Engine.ini]
[2022.09.06-04.35.03:684][  0]LogConfig: Applying CVar settings from Section [ConsoleVariables] File [C:/Work/TeamProjectClone/UnrealTeam/UnrealTeamProject/Saved/Config/Windows/Editor.ini]
[2022.09.06-04.35.03:684][  0]LogInit: Computer: DESKTOP-16DOQCS
[2022.09.06-04.35.03:684][  0]LogInit: User: YGL
[2022.09.06-04.35.03:684][  0]LogInit: CPU Page size=4096, Cores=4
[2022.09.06-04.35.03:684][  0]LogInit: High frequency timer resolution =10.000000 MHz
[2022.09.06-04.35.03:684][  0]LogMemory: Memory total: Physical=15.8GB (16GB approx)
[2022.09.06-04.35.03:684][  0]LogMemory: Platform Memory Stats for Windows
[2022.09.06-04.35.03:684][  0]LogMemory: Process Physical Memory: 146.20 MB used, 148.04 MB peak
[2022.09.06-04.35.03:684][  0]LogMemory: Process Virtual Memory: 132.29 MB used, 132.29 MB peak
[2022.09.06-04.35.03:684][  0]LogMemory: Physical Memory: 6694.59 MB used,  9507.66 MB free, 16202.24 MB total
[2022.09.06-04.35.03:684][  0]LogMemory: Virtual Memory: 134200656.00 MB used,  17069.68 MB free, 134217728.00 MB total
[2022.09.06-04.35.03:688][  0]LogWindows: WindowsPlatformFeatures enabled
[2022.09.06-04.35.03:717][  0]LogInit: Physics initialised using underlying interface: PhysX
[2022.09.06-04.35.03:718][  0]LogInit: Using OS detected language (ko-KR).
[2022.09.06-04.35.03:718][  0]LogInit: Using OS detected locale (ko-KR).
[2022.09.06-04.35.03:721][  0]LogTextLocalizationManager: No specific localization for 'ko-KR' exists, so the 'ko' localization will be used.
[2022.09.06-04.35.03:816][  0]LogInit: Setting process to per monitor DPI aware
[2022.09.06-04.35.03:835][  0]LogWindowsTextInputMethodSystem: Display: IME system deactivated.
[2022.09.06-04.35.03:844][  0]LogSlate: New Slate User Created.  User Index 0, Is Virtual User: 0
[2022.09.06-04.35.03:844][  0]LogSlate: Slate User Registered.  User Index 0, Is Virtual User: 0
[2022.09.06-04.35.03:948][  0]LogD3D11RHI: Loaded GFSDK_Aftermath_Lib.x64.dll
[2022.09.06-04.35.03:960][  0]LogHMD: Failed to initialize OpenVR with code 110
[2022.09.06-04.35.03:960][  0]LogD3D11RHI: D3D11 min allowed feature level: 11_0
[2022.09.06-04.35.03:960][  0]LogD3D11RHI: D3D11 max allowed feature level: 11_0
[2022.09.06-04.35.03:960][  0]LogD3D11RHI: D3D11 adapters:
[2022.09.06-04.35.04:043][  0]LogD3D11RHI:    0. 'NVIDIA GeForce GTX 1650 with Max-Q Design' (Feature Level 11_0)
[2022.09.06-04.35.04:043][  0]LogD3D11RHI:       3962/0/8101 MB DedicatedVideo/DedicatedSystem/SharedSystem, Outputs:1, VendorId:0x10de
[2022.09.06-04.35.04:056][  0]LogD3D11RHI:    1. 'Intel(R) UHD Graphics' (Feature Level 11_0)
[2022.09.06-04.35.04:056][  0]LogD3D11RHI:       128/0/8101 MB DedicatedVideo/DedicatedSystem/SharedSystem, Outputs:0, VendorId:0x8086
[2022.09.06-04.35.04:057][  0]LogD3D11RHI:    2. 'Microsoft Basic Render Driver' (Feature Level 11_0)
[2022.09.06-04.35.04:057][  0]LogD3D11RHI:       0/0/8101 MB DedicatedVideo/DedicatedSystem/SharedSystem, Outputs:0, VendorId:0x1414
[2022.09.06-04.35.04:057][  0]LogD3D11RHI: Chosen D3D11 Adapter:
[2022.09.06-04.35.04:057][  0]LogD3D11RHI:     Description : NVIDIA GeForce GTX 1650 with Max-Q Design
[2022.09.06-04.35.04:057][  0]LogD3D11RHI:     VendorId    : 10de
[2022.09.06-04.35.04:057][  0]LogD3D11RHI:     DeviceId    : 1f9d
[2022.09.06-04.35.04:057][  0]LogD3D11RHI:     SubSysId    : 12f41462
[2022.09.06-04.35.04:057][  0]LogD3D11RHI:     Revision    : 00a1
[2022.09.06-04.35.04:057][  0]LogD3D11RHI:     DedicatedVideoMemory : 4154458112 bytes
[2022.09.06-04.35.04:057][  0]LogD3D11RHI:     DedicatedSystemMemory : 0 bytes
[2022.09.06-04.35.04:057][  0]LogD3D11RHI:     SharedSystemMemory : 8494641152 bytes
[2022.09.06-04.35.04:057][  0]LogD3D11RHI:     AdapterLuid : 0 57223
[2022.09.06-04.35.04:061][  0]LogD3D11RHI: Creating new Direct3DDevice
[2022.09.06-04.35.04:061][  0]LogD3D11RHI:     GPU DeviceId: 0x1f9d (for the marketing name, search the web for "GPU Device Id")
[2022.09.06-04.35.04:061][  0]LogWindows: EnumDisplayDevices:
[2022.09.06-04.35.04:061][  0]LogWindows:    0. 'Intel(R) UHD Graphics' (P:1 D:1)
[2022.09.06-04.35.04:061][  0]LogWindows:    1. 'Intel(R) UHD Graphics' (P:0 D:0)
[2022.09.06-04.35.04:061][  0]LogWindows:    2. 'Intel(R) UHD Graphics' (P:0 D:0)
[2022.09.06-04.35.04:062][  0]LogWindows: DebugString: PrimaryIsNotTheChoosenAdapter PrimaryIsNotTheChoosenAdapter PrimaryIsNotTheChoosenAdapter FoundDriverCount:0 
[2022.09.06-04.35.04:062][  0]LogD3D11RHI:     Adapter Name: NVIDIA GeForce GTX 1650 with Max-Q Design
[2022.09.06-04.35.04:062][  0]LogD3D11RHI:   Driver Version: Unknown (internal:Unknown, unified:Unknown)
[2022.09.06-04.35.04:062][  0]LogD3D11RHI:      Driver Date: Unknown
[2022.09.06-04.35.04:062][  0]LogRHI: Texture pool is 2773 MB (70% of 3962 MB)
[2022.09.06-04.35.04:062][  0]LogD3D11RHI: Creating D3DDevice using adapter:
[2022.09.06-04.35.04:062][  0]LogD3D11RHI:     Description : NVIDIA GeForce GTX 1650 with Max-Q Design
[2022.09.06-04.35.04:062][  0]LogD3D11RHI:     VendorId    : 10de
[2022.09.06-04.35.04:062][  0]LogD3D11RHI:     DeviceId    : 1f9d
[2022.09.06-04.35.04:062][  0]LogD3D11RHI:     SubSysId    : 12f41462
[2022.09.06-04.35.04:062][  0]LogD3D11RHI:     Revision    : 00a1
[2022.09.06-04.35.04:062][  0]LogD3D11RHI:     DedicatedVideoMemory : 4154458112 bytes
[2022.09.06-04.35.04:062][  0]LogD3D11RHI:     DedicatedSystemMemory : 0 bytes
[2022.09.06-04.35.04:062][  0]LogD3D11RHI:     SharedSystemMemory : 8494641152 bytes
[2022.09.06-04.35.04:062][  0]LogD3D11RHI:     AdapterLuid : 0 57223
[2022.09.06-04.35.04:115][  0]LogD3D11RHI: RHI has support for 64 bit atomics
[2022.09.06-04.35.04:115][  0]LogD3D11RHI: Async texture creation enabled
[2022.09.06-04.35.04:115][  0]LogD3D11RHI: Array index from any shader is supported
[2022.09.06-04.35.04:139][  0]LogD3D11RHI: GPU Timing Frequency: 1000.000000 (Debug: 2 1)
[2022.09.06-04.35.04:163][  0]LogRHI: GeForceNow SDK initialized: 1
[2022.09.06-04.35.04:435][  0]LogTargetPlatformManager: Display: Loaded TargetPlatform 'AllDesktop'
[2022.09.06-04.35.04:455][  0]LogTargetPlatformManager: Display: Loaded TargetPlatform 'Android'
[2022.09.06-04.35.04:455][  0]LogTargetPlatformManager: Display: Loaded TargetPlatform 'Android_ASTC'
[2022.09.06-04.35.04:455][  0]LogTargetPlatformManager: Display: Loaded TargetPlatform 'Android_DXT'
[2022.09.06-04.35.04:455][  0]LogTargetPlatformManager: Display: Loaded TargetPlatform 'Android_ETC2'
[2022.09.06-04.35.04:455][  0]LogTargetPlatformManager: Display: Loaded TargetPlatform 'AndroidClient'
[2022.09.06-04.35.04:455][  0]LogTargetPlatformManager: Display: Loaded TargetPlatform 'Android_ASTCClient'
[2022.09.06-04.35.04:455][  0]LogTargetPlatformManager: Display: Loaded TargetPlatform 'Android_DXTClient'
[2022.09.06-04.35.04:455][  0]LogTargetPlatformManager: Display: Loaded TargetPlatform 'Android_ETC2Client'
[2022.09.06-04.35.04:455][  0]LogTargetPlatformManager: Display: Loaded TargetPlatform 'Android_Multi'
[2022.09.06-04.35.04:455][  0]LogTargetPlatformManager: Display: Loaded TargetPlatform 'Android_MultiClient'
[2022.09.06-04.35.04:472][  0]LogTargetPlatformManager: Display: Loaded TargetPlatform 'IOSClient'
[2022.09.06-04.35.04:472][  0]LogTargetPlatformManager: Display: Loaded TargetPlatform 'IOS'
[2022.09.06-04.35.04:482][  0]LogTargetPlatformManager: Display: Loaded TargetPlatform 'Linux'
[2022.09.06-04.35.04:485][  0]LogTargetPlatformManager: Display: Loaded TargetPlatform 'LinuxNoEditor'
[2022.09.06-04.35.04:489][  0]LogTargetPlatformManager: Display: Loaded TargetPlatform 'LinuxClient'
[2022.09.06-04.35.04:493][  0]LogTargetPlatformManager: Display: Loaded TargetPlatform 'LinuxServer'
[2022.09.06-04.35.04:502][  0]LogTargetPlatformManager: Display: Loaded TargetPlatform 'LinuxAArch64NoEditor'
[2022.09.06-04.35.04:506][  0]LogTargetPlatformManager: Display: Loaded TargetPlatform 'LinuxAArch64Client'
[2022.09.06-04.35.04:509][  0]LogTargetPlatformManager: Display: Loaded TargetPlatform 'LinuxAArch64Server'
[2022.09.06-04.35.04:534][  0]LogTargetPlatformManager: Display: Loaded TargetPlatform 'Lumin'
[2022.09.06-04.35.04:534][  0]LogTargetPlatformManager: Display: Loaded TargetPlatform 'LuminClient'
[2022.09.06-04.35.04:542][  0]LogTargetPlatformManager: Display: Loaded TargetPlatform 'MacNoEditor'
[2022.09.06-04.35.04:546][  0]LogTargetPlatformManager: Display: Loaded TargetPlatform 'Mac'
[2022.09.06-04.35.04:549][  0]LogTargetPlatformManager: Display: Loaded TargetPlatform 'MacClient'
[2022.09.06-04.35.04:552][  0]LogTargetPlatformManager: Display: Loaded TargetPlatform 'MacServer'
[2022.09.06-04.35.04:562][  0]LogTargetPlatformManager: Display: Loaded TargetPlatform 'TVOSClient'
[2022.09.06-04.35.04:562][  0]LogTargetPlatformManager: Display: Loaded TargetPlatform 'TVOS'
[2022.09.06-04.35.04:571][  0]LogTargetPlatformManager: Display: Loaded TargetPlatform 'WindowsNoEditor'
[2022.09.06-04.35.04:574][  0]LogTargetPlatformManager: Display: Loaded TargetPlatform 'Windows'
[2022.09.06-04.35.04:577][  0]LogTargetPlatformManager: Display: Loaded TargetPlatform 'WindowsClient'
[2022.09.06-04.35.04:580][  0]LogTargetPlatformManager: Display: Loaded TargetPlatform 'WindowsServer'
[2022.09.06-04.35.04:580][  0]LogTargetPlatformManager: Display: Building Assets For Windows
[2022.09.06-04.35.04:585][  0]LogAudioDebug: Display: Lib vorbis DLL was dynamically loaded.
[2022.09.06-04.35.04:608][  0]LogTextureFormatOodle: Display: Oodle Texture 2.9.0 init RDO Off
[2022.09.06-04.35.04:630][  0]LogRendererCore: Ray tracing is disabled. Reason: r.RayTracing=0.
[2022.09.06-04.35.04:631][  0]LogShaderCompilers: Guid format shader working directory is -25 characters bigger than the processId version (../../../../../../Work/TeamProjectClone/UnrealTeam/UnrealTeamProject/Intermediate/Shaders/WorkingDirectory/15460/).
[2022.09.06-04.35.04:631][  0]LogShaderCompilers: Cleaned the shader compiler working directory 'C:/Users/YGL/AppData/Local/Temp/UnrealShaderWorkingDir/A77400454D4DCE4D6C76A499D5303D3A/'.
[2022.09.06-04.35.04:631][  0]LogXGEController: Cannot use XGE Controller as Incredibuild is not installed on this machine.
[2022.09.06-04.35.04:631][  0]LogShaderCompilers: Cannot use XGE Shader Compiler as Incredibuild is not installed on this machine.
[2022.09.06-04.35.04:631][  0]LogShaderCompilers: Display: Using Local Shader Compiler.
[2022.09.06-04.35.05:274][  0]LogDerivedDataCache: Display: Max Cache Size: 512 MB
[2022.09.06-04.35.05:320][  0]LogDerivedDataCache: Loaded boot cache 0.05s 94MB C:/Users/YGL/AppData/Local/UnrealEngine/4.27/DerivedDataCache/Boot.ddc.
[2022.09.06-04.35.05:320][  0]LogDerivedDataCache: Display: Loaded Boot cache: C:/Users/YGL/AppData/Local/UnrealEngine/4.27/DerivedDataCache/Boot.ddc
[2022.09.06-04.35.05:320][  0]LogDerivedDataCache: FDerivedDataBackendGraph:  Pak pak cache file ../../../../../../Work/TeamProjectClone/UnrealTeam/UnrealTeamProject/DerivedDataCache/DDC.ddp not found, will not use a pak cache.
[2022.09.06-04.35.05:320][  0]LogDerivedDataCache: Unable to find inner node Pak for hierarchical cache Hierarchy.
[2022.09.06-04.35.05:320][  0]LogDerivedDataCache: FDerivedDataBackendGraph:  CompressedPak pak cache file ../../../../../../Work/TeamProjectClone/UnrealTeam/UnrealTeamProject/DerivedDataCache/Compressed.ddp not found, will not use a pak cache.
[2022.09.06-04.35.05:320][  0]LogDerivedDataCache: Unable to find inner node CompressedPak for hierarchical cache Hierarchy.
[2022.09.06-04.35.05:334][  0]LogDerivedDataCache: Display: Pak cache opened for reading ../../../Engine/DerivedDataCache/Compressed.ddp.
[2022.09.06-04.35.05:335][  0]LogDerivedDataCache: FDerivedDataBackendGraph:  EnterprisePak pak cache file ../../../Enterprise/DerivedDataCache/Compressed.ddp not found, will not use a pak cache.
[2022.09.06-04.35.05:335][  0]LogDerivedDataCache: Unable to find inner node EnterprisePak for hierarchical cache Hierarchy.
[2022.09.06-04.35.05:353][  0]LogDerivedDataCache: Speed tests for C:/Users/YGL/AppData/Local/UnrealEngine/Common/DerivedDataCache took 0.02 seconds
[2022.09.06-04.35.05:353][  0]LogDerivedDataCache: Display: Performance to C:/Users/YGL/AppData/Local/UnrealEngine/Common/DerivedDataCache: Latency=0.03ms. RandomReadSpeed=329.13MBs, RandomWriteSpeed=61.41MBs. Assigned SpeedClass 'Local'
[2022.09.06-04.35.05:354][  0]LogDerivedDataCache: Using Local data cache path C:/Users/YGL/AppData/Local/UnrealEngine/Common/DerivedDataCache: Writable
[2022.09.06-04.35.05:354][  0]LogDerivedDataCache: Shared data cache path not found in *engine.ini, will not use an Shared cache.
[2022.09.06-04.35.05:354][  0]LogDerivedDataCache: Unable to find inner node Shared for hierarchical cache Hierarchy.
[2022.09.06-04.35.05:394][  0]LogSlate: Using FreeType 2.10.0
[2022.09.06-04.35.05:395][  0]LogSlate: SlateFontServices - WITH_FREETYPE: 1, WITH_HARFBUZZ: 1
[2022.09.06-04.35.05:415][  0]LogAssetRegistry: FAssetRegistry took 0.0020 seconds to start up
[2022.09.06-04.35.05:612][  0]LogInit: Selected Device Profile: [Windows]
[2022.09.06-04.35.05:612][  0]LogInit: Active device profile: [000001CDD7498F00][000001CDD6F88D40 49] Windows
[2022.09.06-04.35.05:613][  0]LogInit: Profiles: [000001CDD7498F00][000001CDD6F88D40 49] Windows, [000001CDD744E400][000001CDD7062EC0 49] WindowsNoEditor, [000001CDD7499F00][000001CDD7087040 49] WindowsServer, [000001CDD744D600][000001CDD708B1C0 49] WindowsClient, [000001CDD7499000][000001CDD708F340 49] IOS, [000001CDD744FA00][000001CDD70934C0 49] iPadAir, [000001CDD749B300][000001CDD7097640 49] iPadAir2, [000001CDD73DD300][000001CDD36E9900 49] IPadPro, [000001CDD73DD400][000001CDD36E5940 49] iPadAir3, [000001CDD744CB00][000001CDD2CE1AC0 49] iPadAir4, [000001CDD73DE100][000001CDD2CE40C0 49] iPadMini2, [000001CDD744F400][000001CDD2CE8240 49] iPadMini3, [000001CDD73DEC00][000001CDD49B83C0 49] iPadMini4, [000001CDD744E700][000001CDD2D1E540 49] iPadMini5, [000001CDD73F0E00][000001CDD2D66800 49] iPhone6, [000001CDD73F0F00][000001CDD2D22840 49] iPodTouch6, [000001CDD749A800][000001CDD2DA8B00 49] iPhone7, [000001CDD749A900][000001CDD2D8EB40 49] iPodTouch7, [000001CDD73DCC00][000001CDD6F8CC80 49] iPhone5S, [000001CDD7499300][000001CDD924EDC0 49] iPhone6Plus, [000001CDD73DEA00][000001CDD927EF00 49] iPhone6S, [000001CDD749AD00][000001CDD9287080 49] iPhone6SPlus, [000001CDD73F0100][000001CDD2C61200 49] iPhone7Plus, [000001CDD73DDD00][000001CDD2C6F380 49] iPhoneSE, [000001CDD73F0C00][000001CDD2C73500 49] iPhone8, [000001CDD73DC400][000001CDD2C77680 49] iPhone8Plus, [000001CDD73F2A00][000001CDD2C7B800 49] iPhoneX, [000001CDD73DFC00][000001CDD2C7F980 49] iPhoneXS, [000001CDD73F2900][000001CDD2C83B00 49] iPhoneXSMax, [000001CDD73DCB00][000001CDD2C86100 49] iPhoneXR, [000001CDD749B800][000001CDD2C90280 49] iPhone11, [000001CDD73DFD00][000001CDD2C94400 49] iPhone11Pro, [000001CDD7499C00][000001CDD2C98580 49] iPhone11ProMax, [000001CDD73DD100][000001CDD2CA6700 49] iPhoneSE2, [000001CDD7499200][000001CDD9874880 49] iPhone12Mini, [000001CDD73DF100][000001CDD989EA00 49] iPhone12, [000001CDD7498900][000001CDD9376B80 49] iPhone12Pro, [000001CDD73DCD00][000001CDD9382D00 49] iPhone12ProMax, [000001CDD749BC00][000001CDD9282E40 49] iPadPro105, [000001CDD73DF700][000001CDD93C6F80 49] iPadPro129, [000001CDD749B000][000001CDD93CB0C0 49] iPadPro97, [000001CDD73DCF00][000001CDD93D3240 49] iPadPro2_129, [000001CDD7498C00][000001CDD93D73C0 49] iPad5, [000001CDD73DFB00][000001CDD93DB540 49] iPad6, [000001CDD7498400][000001CDDA3516C0 49] iPad7, [000001CDD73DFE00][000001CDDA5EF840 49] iPad8, [000001CDD7499B00][000001CDD70679C0 49] iPadPro11, [000001CDD73DE400][000001CDD706BB40 49] iPadPro2_11, [000001CDD7498800][000001CDD706E140 49] iPadPro3_129, [000001CDD73DE800][000001CDDA3862C0 49] iPadPro4_129, [000001CDD749AF00][000001CDD6FD2440 49] AppleTV, [000001CDD73DD200][000001CDD70725C0 49] AppleTV4K, [000001CDD7499700][000001CDD7076740 49] TVOS, [000001CDD73DF600][000001CDD70828C0 49] Mac, [000001CDD749BA00][000001CDD9458A40 49] MacClient, [000001CDD73DE500][000001CDD945CBC0 49] MacNoEditor, [000001CDD7498500][000001CDD9460D40 49] MacServer, [000001CDD73DE000][000001CDD9464EC0 49] Linux, [000001CDD749BB00][000001CDD93CF000 49] LinuxAArch64, [000001CDD73DC300][000001CDD9469140 49] LinuxNoEditor, [000001CDD749B700][000001CDD946D280 49] LinuxAArch64NoEditor, [000001CDD73DE600][000001CDD94713C0 49] LinuxClient, [000001CDD749A600][000001CDD91CD540 49] LinuxAArch64Client, [000001CDD73DDA00][000001CDD2DA56C0 49] LinuxServer, [000001CDD7498200][000001CDD2D93840 49] LinuxAArch64Server, [000001CDD73DD600][000001CDD2D839C0 49] Android, [000001CDD749A100][000001CDD2D79B40 49] Android_Low, [000001CDD73DF800][000001CDD2D6E140 49] Android_Mid, [000001CDD7498600][000001CDD2D142C0 49] Android_High, [000001CDD73DE300][000001CDD2D10440 49] Android_Default, [000001CDD749A300][000001CDD2D0C5C0 49] Android_Adreno4xx, [000001CDD73DF000][000001CDD2D08740 49] Android_Adreno5xx_Low, [000001CDD749AA00][000001CDD49BC8C0 49] Android_Adreno5xx, [000001CDD73DC100][000001CDD98B2A40 49] Android_Adreno6xx, [000001CDD7498B00][000001CDD94BCBC0 49] Android_Adreno6xx_Vulkan, [000001CDD73DCA00][000001CDD6FCED40 49] Android_Mali_T6xx, [000001CDD7498700][000001CDD6F24EC0 49] Android_Mali_T7xx, [000001CDD744DA00][000001CDD91F3040 49] Android_Mali_T8xx, [000001CDD73F0300][000001CDD91D1180 49] Android_Mali_G71, [000001CDD744C600][000001CDD6F692C0 49] Android_Mali_G72, [000001CDD73F1200][000001CDD6F6D400 49] Android_Mali_G72_Vulkan, [000001CDD744FE00][000001CDD6F71540 49] Android_Mali_G76, [000001CDD73F0700][000001CDD6F796C0 49] Android_Mali_G76_Vulkan, [000001CDD744FD00][000001CDD6F7D840 49] Android_Mali_G77, [000001CDD73F3B00][000001CDD6F819C0 49] Android_Mali_G77_Vulkan, [000001CDD744DB00][000001CDD6F85B40 49] Android_Mali_G78, [000001CDD73F3100][000001CDD6F30140 49] Android_Mali_G78_Vulkan, [000001CDD744F900][000001CDD6F342C0 49] Android_Mali_G710, [000001CDD73F2C00][000001CDD6F38440 49] Android_Mali_G710_Vulkan, [000001CDD744F600][000001CDD6F3C5C0 49] Android_Vulkan_SM5, [000001CDD73F3800][000001CDD6F40740 49] Android_PowerVR_G6xxx, [000001CDD744D900][000001CDD6F448C0 49] Android_PowerVR_GT7xxx, [000001CDD73F1D00][000001CDD6F48A40 49] Android_PowerVR_GE8xxx, [000001CDD744ED00][000001CDD6F4CBC0 49] Android_PowerVR_GM9xxx, [000001CDD73F0800][000001CDD6F50D40 49] Android_PowerVR_GM9xxx_Vulkan, [000001CDD744DC00][000001CDD6F54EC0 49] Android_TegraK1, [000001CDD73F1000][000001CDD90C1040 49] Android_Unknown_Vulkan, [000001CDD744E300][000001CDD90C51C0 49] Lumin, [000001CDD73F3E00][000001CDD90C9340 49] Lumin_Desktop, [000001CDD744EB00][000001CDD6F75480 49] HoloLens, 
[2022.09.06-04.35.05:716][  0]LogMeshReduction: Using QuadricMeshReduction for automatic static mesh reduction
[2022.09.06-04.35.05:716][  0]LogMeshReduction: Using SimplygonMeshReduction for automatic skeletal mesh reduction
[2022.09.06-04.35.05:716][  0]LogMeshReduction: Using ProxyLODMeshReduction for automatic mesh merging
[2022.09.06-04.35.05:716][  0]LogMeshReduction: No distributed automatic mesh merging module available
[2022.09.06-04.35.05:716][  0]LogMeshMerging: No distributed automatic mesh merging module available
[2022.09.06-04.35.05:728][  0]LogNetVersion: UnrealTeamProject 1.0.0, NetCL: 17155196, EngineNetVer: 17, GameNetVer: 0 (Checksum: 609421837)
[2022.09.06-04.35.06:039][  0]LogTexture: Default maximum texture size for cubemaps generated from long-lat sources has been changed from 512 to unlimited. In order to preserve old behaiour for '/Engine/MapTemplates/Sky/DaylightAmbientCubemap.DaylightAmbientCubemap', its maximum texture size has been explicitly set to 512.
[2022.09.06-04.35.06:085][  0]LogHMD: PokeAHoleMaterial loaded successfully
[2022.09.06-04.35.06:091][  0]LogUObjectArray: 17178 objects as part of root set at end of initial load.
[2022.09.06-04.35.06:091][  0]LogUObjectAllocator: 4302048 out of 0 bytes used by permanent object pool.
[2022.09.06-04.35.06:091][  0]LogUObjectArray: CloseDisregardForGC: 0/0 objects in disregard for GC pool
[2022.09.06-04.35.06:282][  0]LogNiagaraDebuggerClient: Niagara Debugger Client Initialized | Session: 1B9D5BDF4C1D1F8F780D95B8B17DC5B6 | Instance: B9BCA8DB40B242787869E8B0C7993161 (DESKTOP-16DOQCS-15460).
[2022.09.06-04.35.06:377][  0]LogTcpMessaging: Initializing TcpMessaging bridge
[2022.09.06-04.35.06:380][  0]LogUdpMessaging: Initializing bridge on interface 0.0.0.0:0 to multicast group 230.0.0.1:6666.
[2022.09.06-04.35.06:392][  0]LogPython: Using Python 3.7.7
[2022.09.06-04.35.06:995][  0]SourceControl: 소스 컨트롤이 꺼졌습니다.
[2022.09.06-04.35.06:995][  0]SourceControl: 소스 컨트롤이 꺼졌습니다.
[2022.09.06-04.35.06:997][  0]SourceControl: 소스 컨트롤이 꺼졌습니다.
[2022.09.06-04.35.06:999][  0]SourceControl: 소스 컨트롤이 꺼졌습니다.
[2022.09.06-04.35.07:004][  0]SourceControl: 소스 컨트롤이 꺼졌습니다.
[2022.09.06-04.35.07:008][  0]LogUProjectInfo: Found projects:
[2022.09.06-04.35.07:127][  0]LogOpenImageDenoise: OIDN starting up
[2022.09.06-04.35.07:138][  0]LogAndroidPermission: UAndroidPermissionCallbackProxy::GetInstance
[2022.09.06-04.35.07:152][  0]LogAudioCaptureCore: Display: No Audio Capture implementations found. Audio input will be silent.
[2022.09.06-04.35.07:152][  0]LogAudioCaptureCore: Display: No Audio Capture implementations found. Audio input will be silent.
[2022.09.06-04.35.07:247][  0]LogCollectionManager: Loaded 0 collections in 0.001174 seconds
[2022.09.06-04.35.07:266][  0]LogFileCache: Scanning file cache for directory 'C:/Work/TeamProjectClone/UnrealTeam/UnrealTeamProject/Saved/Collections/' took 0.00s
[2022.09.06-04.35.07:266][  0]LogFileCache: Scanning file cache for directory 'C:/Work/TeamProjectClone/UnrealTeam/UnrealTeamProject/Content/Developers/YGL/Collections/' took 0.00s
[2022.09.06-04.35.07:266][  0]LogFileCache: Scanning file cache for directory 'C:/Work/TeamProjectClone/UnrealTeam/UnrealTeamProject/Content/Collections/' took 0.00s
[2022.09.06-04.35.07:266][  0]LogOcInput: OculusInput pre-init called
[2022.09.06-04.35.07:473][  0]LogClass: Display: IntProperty FRegisteredDeviceInfo::Handle is not initialized properly. Module:RawInput File:Public/RawInputFunctionLibrary.h
[2022.09.06-04.35.07:473][  0]LogClass: Display: IntProperty FRegisteredDeviceInfo::VendorID is not initialized properly. Module:RawInput File:Public/RawInputFunctionLibrary.h
[2022.09.06-04.35.07:473][  0]LogClass: Display: IntProperty FRegisteredDeviceInfo::ProductID is not initialized properly. Module:RawInput File:Public/RawInputFunctionLibrary.h
[2022.09.06-04.35.07:473][  0]LogClass: Display: 3 Uninitialized script struct members found including 0 object properties
[2022.09.06-04.35.07:474][  0]LogEngine: Initializing Engine...
[2022.09.06-04.35.07:534][  0]LogHMD: Optional extension XR_VARJO_quad_views is not available
[2022.09.06-04.35.07:534][  0]LogHMD: Warning: Required extension XR_EXT_eye_gaze_interaction is not available
[2022.09.06-04.35.07:534][  0]LogHMD: Could not enable all required OpenXR extensions for OpenXREyeTracker on current system. This plugin will be loaded but ignored, but will be enabled on a target platform that supports the required extension.
[2022.09.06-04.35.07:535][  0]LogHMD: Failed to get an OpenXR system, result is XR_ERROR_FORM_FACTOR_UNAVAILABLE. Please check that your runtime supports VR headsets.
[2022.09.06-04.35.07:535][  0]LogHMD: Failed to initialize OpenVR with code 110
[2022.09.06-04.35.07:535][  0]LogMagicLeap: Warning: VR disabled because ZI is not enabled.  To enable, in the editor, Edit -> Project Settings -> Plugins -> Magic Leap Plugin -> Enable Zero Iteration
[2022.09.06-04.35.07:536][  0]LogStats: UGameplayTagsManager::InitializeManager -  0.000 s
[2022.09.06-04.35.07:644][  0]LogInit: Initializing FReadOnlyCVARCache
[2022.09.06-04.35.07:650][  0]LogAIModule: Creating AISystem for world Untitled
[2022.09.06-04.35.07:650][  0]LogAudio: Display: Initializing Audio Device Manager...
[2022.09.06-04.35.07:652][  0]LogAudio: Display: Loading Default Audio Settings Objects...
[2022.09.06-04.35.07:652][  0]LogAudio: Display: No default SoundConcurrencyObject specified (or failed to load).
[2022.09.06-04.35.07:652][  0]LogAudio: Display: Audio Device Manager Initialized
[2022.09.06-04.35.07:652][  0]LogAudio: Display: Creating Audio Device:                 Id: 1, Scope: Shared, Realtime: True
[2022.09.06-04.35.07:652][  0]LogAudioMixer: Display: Audio Mixer Platform Settings:
[2022.09.06-04.35.07:652][  0]LogAudioMixer: Display: 	Sample Rate:						  48000
[2022.09.06-04.35.07:652][  0]LogAudioMixer: Display: 	Callback Buffer Frame Size Requested: 1024
[2022.09.06-04.35.07:653][  0]LogAudioMixer: Display: 	Callback Buffer Frame Size To Use:	  1024
[2022.09.06-04.35.07:653][  0]LogAudioMixer: Display: 	Number of buffers to queue:			  2
[2022.09.06-04.35.07:653][  0]LogAudioMixer: Display: 	Max Channels (voices):				  32
[2022.09.06-04.35.07:653][  0]LogAudioMixer: Display: 	Number of Async Source Workers:		  0
[2022.09.06-04.35.07:653][  0]LogAudio: Display: AudioDevice MaxSources: 32
[2022.09.06-04.35.07:653][  0]LogAudio: Display: Audio Spatialization Plugin: None (built-in).
[2022.09.06-04.35.07:653][  0]LogAudio: Display: Audio Reverb Plugin: None (built-in).
[2022.09.06-04.35.07:653][  0]LogAudio: Display: Audio Occlusion Plugin: None (built-in).
[2022.09.06-04.35.07:653][  0]LogAudioMixer: Display: Initializing audio mixer.
[2022.09.06-04.35.07:664][  0]LogAudioMixer: Display: 0: FrontLeft
[2022.09.06-04.35.07:664][  0]LogAudioMixer: Display: 1: FrontRight
[2022.09.06-04.35.08:372][  0]LogAudioMixer: Display: Using Audio Device 스피커(Realtek(R) Audio)
[2022.09.06-04.35.08:377][  0]LogAudioMixer: Display: Initializing Sound Submixes...
[2022.09.06-04.35.08:379][  0]LogAudioMixer: Display: Creating Master Submix 'MasterSubmixDefault'
[2022.09.06-04.35.08:379][  0]LogAudioMixer: Display: Creating Master Submix 'MasterReverbSubmixDefault'
[2022.09.06-04.35.08:379][  0]LogAudioMixer: Display: Creating Master Submix 'MasterEQSubmixDefault'
[2022.09.06-04.35.08:379][  0]LogAudioMixer: FMixerPlatformXAudio2::StartAudioStream() called
[2022.09.06-04.35.08:379][  0]LogAudioMixer: Display: Output buffers initialized: Frames=1024, Channels=2, Samples=2048
[2022.09.06-04.35.08:380][  0]LogAudioMixer: Display: Starting AudioMixerPlatformInterface::RunInternal()
[2022.09.06-04.35.08:380][  0]LogAudioMixer: Display: FMixerPlatformXAudio2::SubmitBuffer() called for the first time
[2022.09.06-04.35.08:380][  0]LogInit: FAudioDevice initialized.
[2022.09.06-04.35.08:380][  0]LogAudio: Display: Audio Device (ID: 1) registered with world 'Untitled'.
[2022.09.06-04.35.08:381][  0]LogNetVersion: Set ProjectVersion to 1.0.0.0. Version Checksum will be recalculated on next use.
[2022.09.06-04.35.08:423][  0]LogDerivedDataCache: Saved boot cache 0.04s 94MB C:/Users/YGL/AppData/Local/UnrealEngine/4.27/DerivedDataCache/Boot.ddc.
[2022.09.06-04.35.08:425][  0]LogInit: Texture streaming: Enabled
[2022.09.06-04.35.08:434][  0]LogAnalytics: Display: [UEEditor.Rocket.Release] APIServer = https://datarouter.ol.epicgames.com/. AppVersion = 4.27.2-18319896+++UE4+Release-4.27
[2022.09.06-04.35.08:437][  0]LogEngineSessionManager: EngineSessionManager initialized
[2022.09.06-04.35.08:437][  0]LogEditorSessionSummary: Verbose: Initializing EditorSessionSummaryWriter for editor session tracking
[2022.09.06-04.35.08:439][  0]LogEditorSessionSummary: EditorSessionSummaryWriter initialized
[2022.09.06-04.35.08:458][  0]LogInit: Transaction tracking system initialized
[2022.09.06-04.35.08:472][  0]BlueprintLog: New page: 에디터 로드
[2022.09.06-04.35.08:516][  0]LocalizationService: 현지화 서비스가 비활성화되었습니다.
[2022.09.06-04.35.08:531][  0]TimingProfiler: Initialize
[2022.09.06-04.35.08:531][  0]TimingProfiler: OnSessionChanged
[2022.09.06-04.35.08:531][  0]LoadingProfiler: Initialize
[2022.09.06-04.35.08:531][  0]LoadingProfiler: OnSessionChanged
[2022.09.06-04.35.08:531][  0]NetworkingProfiler: Initialize
[2022.09.06-04.35.08:532][  0]NetworkingProfiler: OnSessionChanged
[2022.09.06-04.35.08:532][  0]MemoryProfiler: Initialize
[2022.09.06-04.35.08:532][  0]MemoryProfiler: OnSessionChanged
[2022.09.06-04.35.08:646][  0]LogCook: Display: CookSettings for Memory: MemoryMaxUsedVirtual 0MiB, MemoryMaxUsedPhysical 16384MiB, MemoryMinFreeVirtual 0MiB, MemoryMinFreePhysical 1024MiB
[2022.09.06-04.35.08:646][  0]LogCook: Display: Mobile HDR setting 1
[2022.09.06-04.35.08:788][  0]LogFileCache: Scanning file cache for directory 'C:/Work/TeamProjectClone/UnrealTeam/UnrealTeamProject/Content/' took 0.01s
[2022.09.06-04.35.08:965][  0]LogInit: Display: Engine is initialized. Leaving FEngineLoop::Init()
[2022.09.06-04.35.08:967][  0]SourceControl: 소스 컨트롤이 꺼졌습니다.
[2022.09.06-04.35.08:967][  0]LogUnrealEdMisc: Loading editor; pre map load, took 6.710
[2022.09.06-04.35.08:968][  0]Cmd: MAP LOAD FILE="../../../../../../Work/TeamProjectClone/UnrealTeam/UnrealTeamProject/Content/Map_Racing/MainMenu.umap" TEMPLATE=0 SHOWPROGRESS=1 FEATURELEVEL=3
[2022.09.06-04.35.08:968][  0]LightingResults: New page: 라이팅 빌드
[2022.09.06-04.35.08:969][  0]LogWorld: UWorld::CleanupWorld for Untitled, bSessionEnded=true, bCleanupResources=true
[2022.09.06-04.35.08:969][  0]LogSlate: InvalidateAllWidgets triggered.  All widgets were invalidated
[2022.09.06-04.35.08:969][  0]MapCheck: New page: 맵 체크
[2022.09.06-04.35.08:969][  0]LightingResults: New page: 라이팅 빌드
[2022.09.06-04.35.08:973][  0]LogAudio: Display: Audio Device unregistered from world 'None'.
[2022.09.06-04.35.08:975][  0]LogUObjectHash: Compacting FUObjectHashTables data took   0.67ms
[2022.09.06-04.35.09:085][  0]LogLinker: Warning: Asset '../../../../../../Work/TeamProjectClone/UnrealTeam/UnrealTeamProject/Content/Blueprints/TimeConversion.uasset' has been saved with empty engine version. The asset will be loaded but may be incompatible.
[2022.09.06-04.35.09:086][  0]LogLinker: Warning: Asset '../../../../../../Work/TeamProjectClone/UnrealTeam/UnrealTeamProject/Content/Blueprints/MySaveGame.uasset' has been saved with empty engine version. The asset will be loaded but may be incompatible.
[2022.09.06-04.35.09:095][  0]LogLinker: Warning: Asset '../../../../../../Work/TeamProjectClone/UnrealTeam/UnrealTeamProject/Content/Blueprints/UI/HUD.uasset' has been saved with empty engine version. The asset will be loaded but may be incompatible.
[2022.09.06-04.35.09:433][  0]LogSkeletalMesh: Display: [AssetLog] C:\Work\TeamProjectClone\UnrealTeam\UnrealTeamProject\Content\VehicleAdv\Vehicle\Vehicle_SkelMesh.uasset: Find and fix some bad tangent! please re-import this skeletal mesh asset to fix the issue. The shading of the skeletal mesh will be bad and faceted.
[2022.09.06-04.35.09:530][  0]LogAudio: Display: Audio Device (ID: 1) registered with world 'MainMenu'.
[2022.09.06-04.35.09:531][  0]LogAIModule: Creating AISystem for world MainMenu
[2022.09.06-04.35.09:531][  0]LogEditorServer: Finished looking for orphan Actors (0.000 secs)
[2022.09.06-04.35.09:541][  0]LogUObjectHash: Compacting FUObjectHashTables data took   0.97ms
[2022.09.06-04.35.09:541][  0]Cmd: MAP CHECKDEP NOCLEARLOG
[2022.09.06-04.35.09:541][  0]MapCheck: 맵 체크 완료: 오류 0 회, 경고 0 회, 소요 시간 0.132ms.
[2022.09.06-04.35.09:541][  0]LogFileHelpers: Loading map 'MainMenu' took 0.574
[2022.09.06-04.35.09:543][  0]LogUnrealEdMisc: Total Editor Startup Time, took 7.286
[2022.09.06-04.35.09:656][  0]LogSlate: Updating window title bar state: overlay mode, drag disabled, window buttons hidden, title bar hidden
[2022.09.06-04.35.09:661][  0]LogSlate: Updating window title bar state: overlay mode, drag disabled, window buttons hidden, title bar hidden
[2022.09.06-04.35.09:666][  0]LogSlate: Updating window title bar state: overlay mode, drag disabled, window buttons hidden, title bar hidden
[2022.09.06-04.35.09:672][  0]LogSlate: Updating window title bar state: overlay mode, drag disabled, window buttons hidden, title bar hidden
[2022.09.06-04.35.09:682][  0]LogNativeClassHierarchy: Verbose: Native class hierarchy populated in 0.0078 seconds. Added 3824 classes and 931 folders.
[2022.09.06-04.35.09:699][  0]LogNativeClassHierarchy: Verbose: Native class hierarchy updated for 'WidgetCarousel' in 0.0002 seconds. Added 0 classes and 0 folders.
[2022.09.06-04.35.09:700][  0]LogPakFile: PakFile PrimaryIndexSize=187
[2022.09.06-04.35.09:700][  0]LogPakFile: PakFile PathHashIndexSize=101
[2022.09.06-04.35.09:700][  0]LogPakFile: PakFile FullDirectoryIndexSize=148
[2022.09.06-04.35.09:700][  0]LogShaderLibrary: Display: ShaderCodeLibraryPakFileMountedCallback: PakFile 'C:/Program Files/Epic Games/UE_4.27/FeaturePacks/FP_FirstPerson.upack' (chunk index -1, root 'root:/') mounted
[2022.09.06-04.35.09:700][  0]LogShaderLibrary: Display: ShaderCodeLibraryPakFileMountedCallback: pending pak file info (ChunkID:-1 Root:root:/ File:C:/Program Files/Epic Games/UE_4.27/FeaturePacks/FP_FirstPerson.upack)
[2022.09.06-04.35.09:700][  0]LogPakFile: OnPakFileMounted2Time == 0.000047
[2022.09.06-04.35.09:701][  0]LogPakFile: PakFile PrimaryIndexSize=189
[2022.09.06-04.35.09:701][  0]LogPakFile: PakFile PathHashIndexSize=101
[2022.09.06-04.35.09:701][  0]LogPakFile: PakFile FullDirectoryIndexSize=152
[2022.09.06-04.35.09:701][  0]LogShaderLibrary: Display: ShaderCodeLibraryPakFileMountedCallback: PakFile 'C:/Program Files/Epic Games/UE_4.27/FeaturePacks/FP_FirstPersonBP.upack' (chunk index -1, root 'root:/') mounted
[2022.09.06-04.35.09:701][  0]LogShaderLibrary: Display: ShaderCodeLibraryPakFileMountedCallback: pending pak file info (ChunkID:-1 Root:root:/ File:C:/Program Files/Epic Games/UE_4.27/FeaturePacks/FP_FirstPersonBP.upack)
[2022.09.06-04.35.09:701][  0]LogPakFile: OnPakFileMounted2Time == 0.000031
[2022.09.06-04.35.09:701][  0]LogPakFile: PakFile PrimaryIndexSize=191
[2022.09.06-04.35.09:701][  0]LogPakFile: PakFile PathHashIndexSize=101
[2022.09.06-04.35.09:701][  0]LogPakFile: PakFile FullDirectoryIndexSize=160
[2022.09.06-04.35.09:701][  0]LogShaderLibrary: Display: ShaderCodeLibraryPakFileMountedCallback: PakFile 'C:/Program Files/Epic Games/UE_4.27/FeaturePacks/MobileStarterContent.upack' (chunk index -1, root 'root:/') mounted
[2022.09.06-04.35.09:701][  0]LogShaderLibrary: Display: ShaderCodeLibraryPakFileMountedCallback: pending pak file info (ChunkID:-1 Root:root:/ File:C:/Program Files/Epic Games/UE_4.27/FeaturePacks/MobileStarterContent.upack)
[2022.09.06-04.35.09:701][  0]LogPakFile: OnPakFileMounted2Time == 0.000027
[2022.09.06-04.35.09:701][  0]LogPakFile: PakFile PrimaryIndexSize=185
[2022.09.06-04.35.09:701][  0]LogPakFile: PakFile PathHashIndexSize=101
[2022.09.06-04.35.09:701][  0]LogPakFile: PakFile FullDirectoryIndexSize=148
[2022.09.06-04.35.09:701][  0]LogShaderLibrary: Display: ShaderCodeLibraryPakFileMountedCallback: PakFile 'C:/Program Files/Epic Games/UE_4.27/FeaturePacks/StarterContent.upack' (chunk index -1, root 'root:/') mounted
[2022.09.06-04.35.09:701][  0]LogShaderLibrary: Display: ShaderCodeLibraryPakFileMountedCallback: pending pak file info (ChunkID:-1 Root:root:/ File:C:/Program Files/Epic Games/UE_4.27/FeaturePacks/StarterContent.upack)
[2022.09.06-04.35.09:701][  0]LogPakFile: OnPakFileMounted2Time == 0.000029
[2022.09.06-04.35.09:702][  0]LogPakFile: PakFile PrimaryIndexSize=190
[2022.09.06-04.35.09:702][  0]LogPakFile: PakFile PathHashIndexSize=101
[2022.09.06-04.35.09:702][  0]LogPakFile: PakFile FullDirectoryIndexSize=154
[2022.09.06-04.35.09:702][  0]LogShaderLibrary: Display: ShaderCodeLibraryPakFileMountedCallback: PakFile 'C:/Program Files/Epic Games/UE_4.27/FeaturePacks/TP_2DSideScroller.upack' (chunk index -1, root 'root:/') mounted
[2022.09.06-04.35.09:702][  0]LogShaderLibrary: Display: ShaderCodeLibraryPakFileMountedCallback: pending pak file info (ChunkID:-1 Root:root:/ File:C:/Program Files/Epic Games/UE_4.27/FeaturePacks/TP_2DSideScroller.upack)
[2022.09.06-04.35.09:702][  0]LogPakFile: OnPakFileMounted2Time == 0.000027
[2022.09.06-04.35.09:702][  0]LogPakFile: PakFile PrimaryIndexSize=192
[2022.09.06-04.35.09:702][  0]LogPakFile: PakFile PathHashIndexSize=101
[2022.09.06-04.35.09:702][  0]LogPakFile: PakFile FullDirectoryIndexSize=158
[2022.09.06-04.35.09:702][  0]LogShaderLibrary: Display: ShaderCodeLibraryPakFileMountedCallback: PakFile 'C:/Program Files/Epic Games/UE_4.27/FeaturePacks/TP_2DSideScrollerBP.upack' (chunk index -1, root 'root:/') mounted
[2022.09.06-04.35.09:702][  0]LogShaderLibrary: Display: ShaderCodeLibraryPakFileMountedCallback: pending pak file info (ChunkID:-1 Root:root:/ File:C:/Program Files/Epic Games/UE_4.27/FeaturePacks/TP_2DSideScrollerBP.upack)
[2022.09.06-04.35.09:702][  0]LogPakFile: OnPakFileMounted2Time == 0.000027
[2022.09.06-04.35.09:703][  0]LogPakFile: PakFile PrimaryIndexSize=182
[2022.09.06-04.35.09:703][  0]LogPakFile: PakFile PathHashIndexSize=101
[2022.09.06-04.35.09:703][  0]LogPakFile: PakFile FullDirectoryIndexSize=138
[2022.09.06-04.35.09:703][  0]LogShaderLibrary: Display: ShaderCodeLibraryPakFileMountedCallback: PakFile 'C:/Program Files/Epic Games/UE_4.27/FeaturePacks/TP_Flying.upack' (chunk index -1, root 'root:/') mounted
[2022.09.06-04.35.09:703][  0]LogShaderLibrary: Display: ShaderCodeLibraryPakFileMountedCallback: pending pak file info (ChunkID:-1 Root:root:/ File:C:/Program Files/Epic Games/UE_4.27/FeaturePacks/TP_Flying.upack)
[2022.09.06-04.35.09:703][  0]LogPakFile: OnPakFileMounted2Time == 0.000027
[2022.09.06-04.35.09:703][  0]LogPakFile: PakFile PrimaryIndexSize=184
[2022.09.06-04.35.09:703][  0]LogPakFile: PakFile PathHashIndexSize=101
[2022.09.06-04.35.09:703][  0]LogPakFile: PakFile FullDirectoryIndexSize=142
[2022.09.06-04.35.09:703][  0]LogShaderLibrary: Display: ShaderCodeLibraryPakFileMountedCallback: PakFile 'C:/Program Files/Epic Games/UE_4.27/FeaturePacks/TP_FlyingBP.upack' (chunk index -1, root 'root:/') mounted
[2022.09.06-04.35.09:703][  0]LogShaderLibrary: Display: ShaderCodeLibraryPakFileMountedCallback: pending pak file info (ChunkID:-1 Root:root:/ File:C:/Program Files/Epic Games/UE_4.27/FeaturePacks/TP_FlyingBP.upack)
[2022.09.06-04.35.09:703][  0]LogPakFile: OnPakFileMounted2Time == 0.000027
[2022.09.06-04.35.09:704][  0]LogPakFile: PakFile PrimaryIndexSize=188
[2022.09.06-04.35.09:704][  0]LogPakFile: PakFile PathHashIndexSize=101
[2022.09.06-04.35.09:704][  0]LogPakFile: PakFile FullDirectoryIndexSize=150
[2022.09.06-04.35.09:704][  0]LogShaderLibrary: Display: ShaderCodeLibraryPakFileMountedCallback: PakFile 'C:/Program Files/Epic Games/UE_4.27/FeaturePacks/TP_HandheldARBP.upack' (chunk index -1, root 'root:/') mounted
[2022.09.06-04.35.09:704][  0]LogShaderLibrary: Display: ShaderCodeLibraryPakFileMountedCallback: pending pak file info (ChunkID:-1 Root:root:/ File:C:/Program Files/Epic Games/UE_4.27/FeaturePacks/TP_HandheldARBP.upack)
[2022.09.06-04.35.09:704][  0]LogPakFile: OnPakFileMounted2Time == 0.000027
[2022.09.06-04.35.09:704][  0]LogPakFile: PakFile PrimaryIndexSize=182
[2022.09.06-04.35.09:704][  0]LogPakFile: PakFile PathHashIndexSize=101
[2022.09.06-04.35.09:704][  0]LogPakFile: PakFile FullDirectoryIndexSize=138
[2022.09.06-04.35.09:704][  0]LogShaderLibrary: Display: ShaderCodeLibraryPakFileMountedCallback: PakFile 'C:/Program Files/Epic Games/UE_4.27/FeaturePacks/TP_Puzzle.upack' (chunk index -1, root 'root:/') mounted
[2022.09.06-04.35.09:704][  0]LogShaderLibrary: Display: ShaderCodeLibraryPakFileMountedCallback: pending pak file info (ChunkID:-1 Root:root:/ File:C:/Program Files/Epic Games/UE_4.27/FeaturePacks/TP_Puzzle.upack)
[2022.09.06-04.35.09:704][  0]LogPakFile: OnPakFileMounted2Time == 0.000027
[2022.09.06-04.35.09:704][  0]LogPakFile: PakFile PrimaryIndexSize=184
[2022.09.06-04.35.09:704][  0]LogPakFile: PakFile PathHashIndexSize=101
[2022.09.06-04.35.09:704][  0]LogPakFile: PakFile FullDirectoryIndexSize=142
[2022.09.06-04.35.09:704][  0]LogShaderLibrary: Display: ShaderCodeLibraryPakFileMountedCallback: PakFile 'C:/Program Files/Epic Games/UE_4.27/FeaturePacks/TP_PuzzleBP.upack' (chunk index -1, root 'root:/') mounted
[2022.09.06-04.35.09:704][  0]LogShaderLibrary: Display: ShaderCodeLibraryPakFileMountedCallback: pending pak file info (ChunkID:-1 Root:root:/ File:C:/Program Files/Epic Games/UE_4.27/FeaturePacks/TP_PuzzleBP.upack)
[2022.09.06-04.35.09:704][  0]LogPakFile: OnPakFileMounted2Time == 0.000027
[2022.09.06-04.35.09:705][  0]LogPakFile: PakFile PrimaryIndexSize=183
[2022.09.06-04.35.09:705][  0]LogPakFile: PakFile PathHashIndexSize=101
[2022.09.06-04.35.09:705][  0]LogPakFile: PakFile FullDirectoryIndexSize=140
[2022.09.06-04.35.09:705][  0]LogShaderLibrary: Display: ShaderCodeLibraryPakFileMountedCallback: PakFile 'C:/Program Files/Epic Games/UE_4.27/FeaturePacks/TP_Rolling.upack' (chunk index -1, root 'root:/') mounted
[2022.09.06-04.35.09:705][  0]LogShaderLibrary: Display: ShaderCodeLibraryPakFileMountedCallback: pending pak file info (ChunkID:-1 Root:root:/ File:C:/Program Files/Epic Games/UE_4.27/FeaturePacks/TP_Rolling.upack)
[2022.09.06-04.35.09:705][  0]LogPakFile: OnPakFileMounted2Time == 0.000027
[2022.09.06-04.35.09:705][  0]LogPakFile: PakFile PrimaryIndexSize=185
[2022.09.06-04.35.09:705][  0]LogPakFile: PakFile PathHashIndexSize=101
[2022.09.06-04.35.09:705][  0]LogPakFile: PakFile FullDirectoryIndexSize=144
[2022.09.06-04.35.09:705][  0]LogShaderLibrary: Display: ShaderCodeLibraryPakFileMountedCallback: PakFile 'C:/Program Files/Epic Games/UE_4.27/FeaturePacks/TP_RollingBP.upack' (chunk index -1, root 'root:/') mounted
[2022.09.06-04.35.09:705][  0]LogShaderLibrary: Display: ShaderCodeLibraryPakFileMountedCallback: pending pak file info (ChunkID:-1 Root:root:/ File:C:/Program Files/Epic Games/UE_4.27/FeaturePacks/TP_RollingBP.upack)
[2022.09.06-04.35.09:705][  0]LogPakFile: OnPakFileMounted2Time == 0.000027
[2022.09.06-04.35.09:706][  0]LogPakFile: PakFile PrimaryIndexSize=188
[2022.09.06-04.35.09:706][  0]LogPakFile: PakFile PathHashIndexSize=101
[2022.09.06-04.35.09:706][  0]LogPakFile: PakFile FullDirectoryIndexSize=150
[2022.09.06-04.35.09:706][  0]LogShaderLibrary: Display: ShaderCodeLibraryPakFileMountedCallback: PakFile 'C:/Program Files/Epic Games/UE_4.27/FeaturePacks/TP_SideScroller.upack' (chunk index -1, root 'root:/') mounted
[2022.09.06-04.35.09:706][  0]LogShaderLibrary: Display: ShaderCodeLibraryPakFileMountedCallback: pending pak file info (ChunkID:-1 Root:root:/ File:C:/Program Files/Epic Games/UE_4.27/FeaturePacks/TP_SideScroller.upack)
[2022.09.06-04.35.09:706][  0]LogPakFile: OnPakFileMounted2Time == 0.000027
[2022.09.06-04.35.09:706][  0]LogPakFile: PakFile PrimaryIndexSize=190
[2022.09.06-04.35.09:706][  0]LogPakFile: PakFile PathHashIndexSize=101
[2022.09.06-04.35.09:706][  0]LogPakFile: PakFile FullDirectoryIndexSize=154
[2022.09.06-04.35.09:706][  0]LogShaderLibrary: Display: ShaderCodeLibraryPakFileMountedCallback: PakFile 'C:/Program Files/Epic Games/UE_4.27/FeaturePacks/TP_SideScrollerBP.upack' (chunk index -1, root 'root:/') mounted
[2022.09.06-04.35.09:706][  0]LogShaderLibrary: Display: ShaderCodeLibraryPakFileMountedCallback: pending pak file info (ChunkID:-1 Root:root:/ File:C:/Program Files/Epic Games/UE_4.27/FeaturePacks/TP_SideScrollerBP.upack)
[2022.09.06-04.35.09:706][  0]LogPakFile: OnPakFileMounted2Time == 0.000027
[2022.09.06-04.35.09:707][  0]LogPakFile: PakFile PrimaryIndexSize=187
[2022.09.06-04.35.09:707][  0]LogPakFile: PakFile PathHashIndexSize=101
[2022.09.06-04.35.09:707][  0]LogPakFile: PakFile FullDirectoryIndexSize=148
[2022.09.06-04.35.09:707][  0]LogShaderLibrary: Display: ShaderCodeLibraryPakFileMountedCallback: PakFile 'C:/Program Files/Epic Games/UE_4.27/FeaturePacks/TP_ThirdPerson.upack' (chunk index -1, root 'root:/') mounted
[2022.09.06-04.35.09:707][  0]LogShaderLibrary: Display: ShaderCodeLibraryPakFileMountedCallback: pending pak file info (ChunkID:-1 Root:root:/ File:C:/Program Files/Epic Games/UE_4.27/FeaturePacks/TP_ThirdPerson.upack)
[2022.09.06-04.35.09:707][  0]LogPakFile: OnPakFileMounted2Time == 0.000027
[2022.09.06-04.35.09:707][  0]LogPakFile: PakFile PrimaryIndexSize=189
[2022.09.06-04.35.09:707][  0]LogPakFile: PakFile PathHashIndexSize=101
[2022.09.06-04.35.09:707][  0]LogPakFile: PakFile FullDirectoryIndexSize=152
[2022.09.06-04.35.09:707][  0]LogShaderLibrary: Display: ShaderCodeLibraryPakFileMountedCallback: PakFile 'C:/Program Files/Epic Games/UE_4.27/FeaturePacks/TP_ThirdPersonBP.upack' (chunk index -1, root 'root:/') mounted
[2022.09.06-04.35.09:707][  0]LogShaderLibrary: Display: ShaderCodeLibraryPakFileMountedCallback: pending pak file info (ChunkID:-1 Root:root:/ File:C:/Program Files/Epic Games/UE_4.27/FeaturePacks/TP_ThirdPersonBP.upack)
[2022.09.06-04.35.09:707][  0]LogPakFile: OnPakFileMounted2Time == 0.000027
[2022.09.06-04.35.09:707][  0]LogPakFile: PakFile PrimaryIndexSize=183
[2022.09.06-04.35.09:707][  0]LogPakFile: PakFile PathHashIndexSize=101
[2022.09.06-04.35.09:707][  0]LogPakFile: PakFile FullDirectoryIndexSize=140
[2022.09.06-04.35.09:707][  0]LogShaderLibrary: Display: ShaderCodeLibraryPakFileMountedCallback: PakFile 'C:/Program Files/Epic Games/UE_4.27/FeaturePacks/TP_TopDown.upack' (chunk index -1, root 'root:/') mounted
[2022.09.06-04.35.09:707][  0]LogShaderLibrary: Display: ShaderCodeLibraryPakFileMountedCallback: pending pak file info (ChunkID:-1 Root:root:/ File:C:/Program Files/Epic Games/UE_4.27/FeaturePacks/TP_TopDown.upack)
[2022.09.06-04.35.09:707][  0]LogPakFile: OnPakFileMounted2Time == 0.000035
[2022.09.06-04.35.09:708][  0]LogPakFile: PakFile PrimaryIndexSize=185
[2022.09.06-04.35.09:708][  0]LogPakFile: PakFile PathHashIndexSize=101
[2022.09.06-04.35.09:708][  0]LogPakFile: PakFile FullDirectoryIndexSize=144
[2022.09.06-04.35.09:708][  0]LogShaderLibrary: Display: ShaderCodeLibraryPakFileMountedCallback: PakFile 'C:/Program Files/Epic Games/UE_4.27/FeaturePacks/TP_TopDownBP.upack' (chunk index -1, root 'root:/') mounted
[2022.09.06-04.35.09:708][  0]LogShaderLibrary: Display: ShaderCodeLibraryPakFileMountedCallback: pending pak file info (ChunkID:-1 Root:root:/ File:C:/Program Files/Epic Games/UE_4.27/FeaturePacks/TP_TopDownBP.upack)
[2022.09.06-04.35.09:708][  0]LogPakFile: OnPakFileMounted2Time == 0.000027
[2022.09.06-04.35.09:708][  0]LogPakFile: PakFile PrimaryIndexSize=185
[2022.09.06-04.35.09:708][  0]LogPakFile: PakFile PathHashIndexSize=101
[2022.09.06-04.35.09:708][  0]LogPakFile: PakFile FullDirectoryIndexSize=144
[2022.09.06-04.35.09:708][  0]LogShaderLibrary: Display: ShaderCodeLibraryPakFileMountedCallback: PakFile 'C:/Program Files/Epic Games/UE_4.27/FeaturePacks/TP_TwinStick.upack' (chunk index -1, root 'root:/') mounted
[2022.09.06-04.35.09:708][  0]LogShaderLibrary: Display: ShaderCodeLibraryPakFileMountedCallback: pending pak file info (ChunkID:-1 Root:root:/ File:C:/Program Files/Epic Games/UE_4.27/FeaturePacks/TP_TwinStick.upack)
[2022.09.06-04.35.09:708][  0]LogPakFile: OnPakFileMounted2Time == 0.000027
[2022.09.06-04.35.09:709][  0]LogPakFile: PakFile PrimaryIndexSize=187
[2022.09.06-04.35.09:709][  0]LogPakFile: PakFile PathHashIndexSize=101
[2022.09.06-04.35.09:709][  0]LogPakFile: PakFile FullDirectoryIndexSize=148
[2022.09.06-04.35.09:709][  0]LogShaderLibrary: Display: ShaderCodeLibraryPakFileMountedCallback: PakFile 'C:/Program Files/Epic Games/UE_4.27/FeaturePacks/TP_TwinStickBP.upack' (chunk index -1, root 'root:/') mounted
[2022.09.06-04.35.09:709][  0]LogShaderLibrary: Display: ShaderCodeLibraryPakFileMountedCallback: pending pak file info (ChunkID:-1 Root:root:/ File:C:/Program Files/Epic Games/UE_4.27/FeaturePacks/TP_TwinStickBP.upack)
[2022.09.06-04.35.09:709][  0]LogPakFile: OnPakFileMounted2Time == 0.000027
[2022.09.06-04.35.09:709][  0]LogPakFile: PakFile PrimaryIndexSize=183
[2022.09.06-04.35.09:709][  0]LogPakFile: PakFile PathHashIndexSize=101
[2022.09.06-04.35.09:709][  0]LogPakFile: PakFile FullDirectoryIndexSize=140
[2022.09.06-04.35.09:709][  0]LogShaderLibrary: Display: ShaderCodeLibraryPakFileMountedCallback: PakFile 'C:/Program Files/Epic Games/UE_4.27/FeaturePacks/TP_Vehicle.upack' (chunk index -1, root 'root:/') mounted
[2022.09.06-04.35.09:709][  0]LogShaderLibrary: Display: ShaderCodeLibraryPakFileMountedCallback: pending pak file info (ChunkID:-1 Root:root:/ File:C:/Program Files/Epic Games/UE_4.27/FeaturePacks/TP_Vehicle.upack)
[2022.09.06-04.35.09:709][  0]LogPakFile: OnPakFileMounted2Time == 0.000029
[2022.09.06-04.35.09:709][  0]LogPakFile: PakFile PrimaryIndexSize=186
[2022.09.06-04.35.09:709][  0]LogPakFile: PakFile PathHashIndexSize=101
[2022.09.06-04.35.09:709][  0]LogPakFile: PakFile FullDirectoryIndexSize=146
[2022.09.06-04.35.09:709][  0]LogShaderLibrary: Display: ShaderCodeLibraryPakFileMountedCallback: PakFile 'C:/Program Files/Epic Games/UE_4.27/FeaturePacks/TP_VehicleAdv.upack' (chunk index -1, root 'root:/') mounted
[2022.09.06-04.35.09:709][  0]LogShaderLibrary: Display: ShaderCodeLibraryPakFileMountedCallback: pending pak file info (ChunkID:-1 Root:root:/ File:C:/Program Files/Epic Games/UE_4.27/FeaturePacks/TP_VehicleAdv.upack)
[2022.09.06-04.35.09:709][  0]LogPakFile: OnPakFileMounted2Time == 0.000027
[2022.09.06-04.35.09:710][  0]LogPakFile: PakFile PrimaryIndexSize=188
[2022.09.06-04.35.09:710][  0]LogPakFile: PakFile PathHashIndexSize=101
[2022.09.06-04.35.09:710][  0]LogPakFile: PakFile FullDirectoryIndexSize=150
[2022.09.06-04.35.09:710][  0]LogShaderLibrary: Display: ShaderCodeLibraryPakFileMountedCallback: PakFile 'C:/Program Files/Epic Games/UE_4.27/FeaturePacks/TP_VehicleAdvBP.upack' (chunk index -1, root 'root:/') mounted
[2022.09.06-04.35.09:710][  0]LogShaderLibrary: Display: ShaderCodeLibraryPakFileMountedCallback: pending pak file info (ChunkID:-1 Root:root:/ File:C:/Program Files/Epic Games/UE_4.27/FeaturePacks/TP_VehicleAdvBP.upack)
[2022.09.06-04.35.09:710][  0]LogPakFile: OnPakFileMounted2Time == 0.000027
[2022.09.06-04.35.09:710][  0]LogPakFile: PakFile PrimaryIndexSize=185
[2022.09.06-04.35.09:710][  0]LogPakFile: PakFile PathHashIndexSize=101
[2022.09.06-04.35.09:710][  0]LogPakFile: PakFile FullDirectoryIndexSize=144
[2022.09.06-04.35.09:710][  0]LogShaderLibrary: Display: ShaderCodeLibraryPakFileMountedCallback: PakFile 'C:/Program Files/Epic Games/UE_4.27/FeaturePacks/TP_VehicleBP.upack' (chunk index -1, root 'root:/') mounted
[2022.09.06-04.35.09:710][  0]LogShaderLibrary: Display: ShaderCodeLibraryPakFileMountedCallback: pending pak file info (ChunkID:-1 Root:root:/ File:C:/Program Files/Epic Games/UE_4.27/FeaturePacks/TP_VehicleBP.upack)
[2022.09.06-04.35.09:710][  0]LogPakFile: OnPakFileMounted2Time == 0.000027
[2022.09.06-04.35.09:711][  0]LogPakFile: PakFile PrimaryIndexSize=192
[2022.09.06-04.35.09:711][  0]LogPakFile: PakFile PathHashIndexSize=101
[2022.09.06-04.35.09:711][  0]LogPakFile: PakFile FullDirectoryIndexSize=158
[2022.09.06-04.35.09:711][  0]LogShaderLibrary: Display: ShaderCodeLibraryPakFileMountedCallback: PakFile 'C:/Program Files/Epic Games/UE_4.27/FeaturePacks/TP_VirtualRealityBP.upack' (chunk index -1, root 'root:/') mounted
[2022.09.06-04.35.09:711][  0]LogShaderLibrary: Display: ShaderCodeLibraryPakFileMountedCallback: pending pak file info (ChunkID:-1 Root:root:/ File:C:/Program Files/Epic Games/UE_4.27/FeaturePacks/TP_VirtualRealityBP.upack)
[2022.09.06-04.35.09:711][  0]LogPakFile: OnPakFileMounted2Time == 0.000029
[2022.09.06-04.35.09:740][  0]LogNativeClassHierarchy: Verbose: Native class hierarchy updated for 'AddContentDialog' in 0.0002 seconds. Added 0 classes and 0 folders.
[2022.09.06-04.35.09:741][  0]LogNativeClassHierarchy: Verbose: Native class hierarchy updated for 'SceneOutliner' in 0.0002 seconds. Added 2 classes and 0 folders.
[2022.09.06-04.35.10:030][  0]LogSlate: Only BGRA pngs, bmps or icos are supported in by External Image Picker
[2022.09.06-04.35.10:106][  0]LogNativeClassHierarchy: Verbose: Native class hierarchy updated for 'HierarchicalLODOutliner' in 0.0004 seconds. Added 0 classes and 0 folders.
[2022.09.06-04.35.10:107][  0]LogLoad: (Engine Initialization) Total time: 7.85 seconds
[2022.09.06-04.35.10:107][  0]LogLoad: (Engine Initialization) Total Blueprint compile time: 0.00 seconds
[2022.09.06-04.35.10:129][  0]LogRawInputWindows: Warning: Found device 11 devices
[2022.09.06-04.35.10:129][  0]LogRawInputWindows: Warning: Found device 11 devices
[2022.09.06-04.35.10:129][  0]LogRawInputWindows: Warning: Device was registered succesfully but not connected (Usage:4 UsagePage:1)
[2022.09.06-04.35.10:129][  0]LogRawInputWindows: Warning: Found device 11 devices
[2022.09.06-04.35.10:129][  0]LogRawInputWindows: Warning: Device was registered succesfully but not connected (Usage:5 UsagePage:1)
[2022.09.06-04.35.10:396][  0]LogRenderer: Reallocating scene render targets to support 64x64 Format 10 NumSamples 1 (Frame:1).
[2022.09.06-04.35.10:396][  0]LogAssetRegistry: Asset discovery search completed in 4.9821 seconds
[2022.09.06-04.35.10:404][  0]LogCollectionManager: Fixed up redirectors for 0 collections in 0.000004 seconds (updated 0 objects)
[2022.09.06-04.35.10:405][  0]LogContentStreaming: Texture pool size now 1000 MB
[2022.09.06-04.35.10:412][  0]LogSlate: Took 0.000124 seconds to synchronously load lazily loaded font '../../../Engine/Content/Slate/Fonts/Roboto-Regular.ttf' (155K)
[2022.09.06-04.35.10:414][  0]LogSlate: Took 0.001336 seconds to synchronously load lazily loaded font '../../../Engine/Content/Editor/Slate/Fonts/NanumGothic.ttf' (4243K)
[2022.09.06-04.35.10:415][  0]LogSlate: Took 0.000098 seconds to synchronously load lazily loaded font '../../../Engine/Content/Editor/Slate/Fonts/FontAwesome.ttf' (139K)
[2022.09.06-04.35.10:417][  0]LogSlate: Took 0.001464 seconds to synchronously load lazily loaded font '../../../Engine/Content/Editor/Slate/Fonts/NanumGothicBold.ttf' (4188K)
[2022.09.06-04.35.10:417][  0]LogSlate: Took 0.000108 seconds to synchronously load lazily loaded font '../../../Engine/Content/Slate/Fonts/Roboto-Bold.ttf' (160K)
[2022.09.06-04.35.10:972][  0]LogRenderer: Reallocating scene render targets to support 608x352 Format 10 NumSamples 1 (Frame:1).
[2022.09.06-04.35.10:972][  0]LogSlate: Took 0.000139 seconds to synchronously load lazily loaded font '../../../Engine/Content/Slate/Fonts/Roboto-Light.ttf' (167K)
[2022.09.06-04.35.11:140][  7]LogSlate: Took 0.000137 seconds to synchronously load lazily loaded font '../../../Engine/Content/Slate/Fonts/Roboto-Light.ttf' (167K)
