Log file open, 08/30/22 09:38:58
LogWindows: Failed to load 'aqProf.dll' (GetLastError=126)
LogWindows: File 'aqProf.dll' does not exist
LogWindows: Failed to load 'VtuneApi.dll' (GetLastError=126)
LogWindows: File 'VtuneApi.dll' does not exist
LogWindows: Failed to load 'VtuneApi32e.dll' (GetLastError=126)
LogWindows: File 'VtuneApi32e.dll' does not exist
LogConsoleResponse: Display: Failed to find resolution value strings in scalability ini. Falling back to default.
LogConsoleResponse: Display: Failed to find resolution value strings in scalability ini. Falling back to default.
LogInit: Display: Running engine for game: UnrealTeamProject
LogPlatformFile: Not using cached read wrapper
LogTaskGraph: Started task graph with 5 named threads and 23 total threads with 3 sets of task threads.
LogStats: Stats thread started at 0.359387
LogICUInternationalization: ICU TimeZone Detection - Raw Offset: +9:00, Platform Override: ''
LogInit: Display: Loading text-based GConfig....
LogPluginManager: Mounting plugin MeshPainting
LogPluginManager: Mounting plugin XGEController
LogPluginManager: Mounting plugin Paper2D
LogPluginManager: Mounting plugin LiveLink
LogPluginManager: Mounting plugin LightPropagationVolume
LogPluginManager: Mounting plugin CameraShakePreviewer
LogPluginManager: Mounting plugin GameplayCameras
LogPluginManager: Mounting plugin OodleData
LogPluginManager: Mounting plugin OodleNetwork
LogPluginManager: Mounting plugin AISupport
LogPluginManager: Mounting plugin EnvironmentQueryEditor
LogPluginManager: Mounting plugin Niagara
LogPluginManager: Mounting plugin DatasmithContent
LogPluginManager: Mounting plugin VariantManagerContent
LogPluginManager: Mounting plugin MagicLeap
LogPluginManager: Mounting plugin MagicLeapLightEstimation
LogPluginManager: Mounting plugin MagicLeapMedia
LogPluginManager: Mounting plugin LuminPlatformFeatures
LogPluginManager: Mounting plugin MagicLeapPassableWorld
LogPluginManager: Mounting plugin MLSDK
LogPluginManager: Mounting plugin AndroidMedia
LogPluginManager: Mounting plugin AvfMedia
LogPluginManager: Mounting plugin ImgMedia
LogPluginManager: Mounting plugin MediaCompositing
LogPluginManager: Mounting plugin MediaPlayerEditor
LogPluginManager: Mounting plugin WebMMedia
LogPluginManager: Mounting plugin WmfMedia
LogPluginManager: Mounting plugin AssetManagerEditor
LogPluginManager: Mounting plugin CryptoKeys
LogPluginManager: Mounting plugin CurveEditorTools
LogPluginManager: Mounting plugin DataValidation
LogPluginManager: Mounting plugin FacialAnimation
LogPluginManager: Mounting plugin GameplayTagsEditor
LogPluginManager: Mounting plugin GeometryMode
LogPluginManager: Mounting plugin MacGraphicsSwitching
LogPluginManager: Mounting plugin MaterialAnalyzer
LogPluginManager: Mounting plugin MobileLauncherProfileWizard
LogPluginManager: Mounting plugin PluginBrowser
LogPluginManager: Mounting plugin SpeedTreeImporter
LogPluginManager: Mounting plugin AnimationSharing
LogPluginManager: Mounting plugin CLionSourceCodeAccess
LogPluginManager: Mounting plugin GitSourceControl
LogPluginManager: Mounting plugin CodeLiteSourceCodeAccess
LogPluginManager: Mounting plugin KDevelopSourceCodeAccess
LogPluginManager: Mounting plugin PerforceSourceControl
LogPluginManager: Mounting plugin PixWinPlugin
LogPluginManager: Mounting plugin PlasticSourceControl
LogPluginManager: Mounting plugin NullSourceCodeAccess
LogPluginManager: Mounting plugin PluginUtils
LogPluginManager: Mounting plugin PropertyAccessNode
LogPluginManager: Mounting plugin SubversionSourceControl
LogPluginManager: Mounting plugin RiderSourceCodeAccess
LogPluginManager: Mounting plugin TextureFormatOodle
LogPluginManager: Mounting plugin UObjectPlugin
LogPluginManager: Mounting plugin VisualStudioCodeSourceCodeAccess
LogPluginManager: Mounting plugin VisualStudioSourceCodeAccess
LogPluginManager: Mounting plugin LauncherChunkInstaller
LogPluginManager: Mounting plugin XCodeSourceCodeAccess
LogPluginManager: Mounting plugin TcpMessaging
LogPluginManager: Mounting plugin UdpMessaging
LogPluginManager: Mounting plugin ActorSequence
LogPluginManager: Mounting plugin LevelSequenceEditor
LogPluginManager: Mounting plugin TemplateSequence
LogPluginManager: Mounting plugin MatineeToLevelSequence
LogPluginManager: Mounting plugin OnlineSubsystem
LogPluginManager: Mounting plugin OnlineSubsystemNull
LogPluginManager: Mounting plugin OnlineSubsystemUtils
LogPluginManager: Mounting plugin ScreenshotTools
LogPluginManager: Mounting plugin Takes
LogPluginManager: Mounting plugin AlembicImporter
LogPluginManager: Mounting plugin AutomationUtils
LogPluginManager: Mounting plugin BackChannel
LogPluginManager: Mounting plugin ChaosCloth
LogPluginManager: Mounting plugin ChaosClothEditor
LogPluginManager: Mounting plugin ChaosEditor
LogPluginManager: Mounting plugin ChaosNiagara
LogPluginManager: Mounting plugin ChaosSolverPlugin
LogPluginManager: Mounting plugin CharacterAI
LogPluginManager: Mounting plugin GeometryCache
LogPluginManager: Mounting plugin GeometryCollectionPlugin
LogPluginManager: Mounting plugin GeometryProcessing
LogPluginManager: Mounting plugin MotoSynth
LogPluginManager: Mounting plugin OpenImageDenoise
LogPluginManager: Mounting plugin PlanarCut
LogPluginManager: Mounting plugin PlatformCrypto
LogPluginManager: Mounting plugin ProxyLODPlugin
LogPluginManager: Mounting plugin PythonScriptPlugin
LogPluginManager: Mounting plugin RawInput
LogPluginManager: Mounting plugin SkeletalReduction
LogPluginManager: Mounting plugin ActorLayerUtilities
LogPluginManager: Mounting plugin AndroidPermission
LogPluginManager: Mounting plugin AndroidDeviceProfileSelector
LogPluginManager: Mounting plugin AppleImageUtils
LogPluginManager: Mounting plugin AndroidMoviePlayer
LogPluginManager: Mounting plugin ArchVisCharacter
LogPluginManager: Mounting plugin AssetTags
LogPluginManager: Mounting plugin AudioCapture
LogPluginManager: Mounting plugin AudioSynesthesia
LogPluginManager: Mounting plugin CableComponent
LogPluginManager: Mounting plugin CustomMeshComponent
LogPluginManager: Mounting plugin ChunkDownloader
LogPluginManager: Mounting plugin AppleMoviePlayer
LogPluginManager: Mounting plugin EditableMesh
LogPluginManager: Mounting plugin GooglePAD
LogPluginManager: Mounting plugin ExampleDeviceProfileSelector
LogPluginManager: Mounting plugin GoogleCloudMessaging
LogPluginManager: Mounting plugin LinuxDeviceProfileSelector
LogPluginManager: Mounting plugin LocationServicesBPLibrary
LogPluginManager: Mounting plugin MobilePatchingUtils
LogPluginManager: Mounting plugin IOSDeviceProfileSelector
LogPluginManager: Mounting plugin OpenXR
LogPluginManager: Mounting plugin OpenXREyeTracker
LogPluginManager: Mounting plugin OpenXRHandTracking
LogPluginManager: Mounting plugin PhysXVehicles
LogPluginManager: Mounting plugin PostSplashScreen
LogPluginManager: Mounting plugin ProceduralMeshComponent
LogPluginManager: Mounting plugin PropertyAccessEditor
LogPluginManager: Mounting plugin RuntimePhysXCooking
LogPluginManager: Mounting plugin SignificanceManager
LogPluginManager: Mounting plugin SoundFields
LogPluginManager: Mounting plugin Synthesis
LogPluginManager: Mounting plugin WebMMoviePlayer
LogPluginManager: Mounting plugin WindowsMoviePlayer
LogPluginManager: Mounting plugin ContentBrowserAssetDataSource
LogPluginManager: Mounting plugin ContentBrowserClassDataSource
LogPluginManager: Mounting plugin ContentBrowserFileDataSource
LogPluginManager: Mounting plugin OnlineSubsystemGooglePlay
LogPluginManager: Mounting plugin OnlineSubsystemIOS
LogPluginManager: Mounting plugin OculusVR
LogPluginManager: Mounting plugin SteamVR
PixWinPlugin: PIX capture plugin failed to initialize! Check that the process is launched from PIX.
LogInit: Using libcurl 7.55.1-DEV
LogInit:  - built for x86_64-pc-win32
LogInit:  - supports SSL with OpenSSL/1.1.1
LogInit:  - supports HTTP deflate (compression) using libz 1.2.8
LogInit:  - other features:
LogInit:      CURL_VERSION_SSL
LogInit:      CURL_VERSION_LIBZ
LogInit:      CURL_VERSION_IPV6
LogInit:      CURL_VERSION_ASYNCHDNS
LogInit:      CURL_VERSION_LARGEFILE
LogInit:      CURL_VERSION_IDN
LogInit:  CurlRequestOptions (configurable via config and command line):
LogInit:  - bVerifyPeer = true  - Libcurl will verify peer certificate
LogInit:  - bUseHttpProxy = false  - Libcurl will NOT use HTTP proxy
LogInit:  - bDontReuseConnections = false  - Libcurl will reuse connections
LogInit:  - MaxHostConnections = 16  - Libcurl will limit the number of connections to a host
LogInit:  - LocalHostAddr = Default
LogInit:  - BufferSize = 65536
LogOnline: OSS: Creating online subsystem instance for: NULL
LogInit: WinSock: version 1.1 (2.2), MaxSocks=32767, MaxUdp=65467
LogOnline: OSS: TryLoadSubsystemAndSetDefault: Loaded subsystem for module [NULL]
LogOculusPluginWrapper: OculusPlugin initialized successfully
LogHMD: Failed initializing OVRPlugin 1.59.0
LogInit: Build: ++UE4+Release-4.27-CL-18319896
LogInit: Engine Version: 4.27.2-18319896+++UE4+Release-4.27
LogInit: Compatible Engine Version: 4.27.0-17155196+++UE4+Release-4.27
LogInit: Net CL: 17155196
LogInit: OS: Windows 10 (Release 2009) (), CPU: Intel(R) Core(TM) i5-10300H CPU @ 2.50GHz, GPU: Intel(R) UHD Graphics
LogInit: Compiled (64-bit): Nov 30 2021 07:12:08
LogInit: Compiled with Visual C++: 19.24.28315.00
LogInit: Build Configuration: Development
LogInit: Branch Name: ++UE4+Release-4.27
LogInit: Command Line: 
LogInit: Base Directory: C:/Program Files/Epic Games/UE_4.27/Engine/Binaries/Win64/
LogInit: Allocator: TBB
LogInit: Installed Engine Build: 1
LogDevObjectVersion: Number of dev versions registered: 29
LogDevObjectVersion:   Dev-Blueprints (B0D832E4-1F89-4F0D-ACCF-7EB736FD4AA2): 10
LogDevObjectVersion:   Dev-Build (E1C64328-A22C-4D53-A36C-8E866417BD8C): 0
LogDevObjectVersion:   Dev-Core (375EC13C-06E4-48FB-B500-84F0262A717E): 4
LogDevObjectVersion:   Dev-Editor (E4B068ED-F494-42E9-A231-DA0B2E46BB41): 40
LogDevObjectVersion:   Dev-Framework (CFFC743F-43B0-4480-9391-14DF171D2073): 37
LogDevObjectVersion:   Dev-Mobile (B02B49B5-BB20-44E9-A304-32B752E40360): 3
LogDevObjectVersion:   Dev-Networking (A4E4105C-59A1-49B5-A7C5-40C4547EDFEE): 0
LogDevObjectVersion:   Dev-Online (39C831C9-5AE6-47DC-9A44-9C173E1C8E7C): 0
LogDevObjectVersion:   Dev-Physics (78F01B33-EBEA-4F98-B9B4-84EACCB95AA2): 14
LogDevObjectVersion:   Dev-Platform (6631380F-2D4D-43E0-8009-CF276956A95A): 0
LogDevObjectVersion:   Dev-Rendering (12F88B9F-8875-4AFC-A67C-D90C383ABD29): 45
LogDevObjectVersion:   Dev-Sequencer (7B5AE74C-D270-4C10-A958-57980B212A5A): 13
LogDevObjectVersion:   Dev-VR (D7296918-1DD6-4BDD-9DE2-64A83CC13884): 3
LogDevObjectVersion:   Dev-LoadTimes (C2A15278-BFE7-4AFE-6C17-90FF531DF755): 1
LogDevObjectVersion:   Private-Geometry (6EACA3D4-40EC-4CC1-B786-8BED09428FC5): 3
LogDevObjectVersion:   Dev-AnimPhys (29E575DD-E0A3-4627-9D10-D276232CDCEA): 17
LogDevObjectVersion:   Dev-Anim (AF43A65D-7FD3-4947-9873-3E8ED9C1BB05): 15
LogDevObjectVersion:   Dev-ReflectionCapture (6B266CEC-1EC7-4B8F-A30B-E4D90942FC07): 1
LogDevObjectVersion:   Dev-Automation (0DF73D61-A23F-47EA-B727-89E90C41499A): 1
LogDevObjectVersion:   FortniteMain (601D1886-AC64-4F84-AA16-D3DE0DEAC7D6): 47
LogDevObjectVersion:   FortniteRelease (E7086368-6B23-4C58-8439-1B7016265E91): 1
LogDevObjectVersion:   Dev-Enterprise (9DFFBCD6-494F-0158-E221-12823C92A888): 10
LogDevObjectVersion:   Dev-Niagara (F2AED0AC-9AFE-416F-8664-AA7FFA26D6FC): 1
LogDevObjectVersion:   Dev-Destruction (174F1F0B-B4C6-45A5-B13F-2EE8D0FB917D): 10
LogDevObjectVersion:   Dev-Physics-Ext (35F94A83-E258-406C-A318-09F59610247C): 41
LogDevObjectVersion:   Dev-PhysicsMaterial-Chaos (B68FC16E-8B1B-42E2-B453-215C058844FE): 1
LogDevObjectVersion:   Dev-CineCamera (B2E18506-4273-CFC2-A54E-F4BB758BBA07): 1
LogDevObjectVersion:   Dev-VirtualProduction (64F58936-FD1B-42BA-BA96-7289D5D0FA4E): 1
LogDevObjectVersion:   Dev-MediaFramework (6F0ED827-A609-4895-9C91-998D90180EA4): 2
LogInit: Presizing for max 25165824 objects, including 0 objects not considered by GC, pre-allocating 0 bytes for permanent pool.
LogConfig: Applying CVar settings from Section [/Script/Engine.StreamingSettings] File [C:/Work/TeamProject/UnrealTeam/UnrealTeamProject/Saved/Config/Windows/Engine.ini]
LogConfig: Setting CVar [[s.MinBulkDataSizeForAsyncLoading:131072]]
LogConfig: Setting CVar [[s.AsyncLoadingThreadEnabled:0]]
LogConfig: Setting CVar [[s.EventDrivenLoaderEnabled:1]]
LogConfig: Setting CVar [[s.WarnIfTimeLimitExceeded:0]]
LogConfig: Setting CVar [[s.TimeLimitExceededMultiplier:1.5]]
LogConfig: Setting CVar [[s.TimeLimitExceededMinTime:0.005]]
LogConfig: Setting CVar [[s.UseBackgroundLevelStreaming:1]]
LogConfig: Setting CVar [[s.PriorityAsyncLoadingExtraTime:15.0]]
LogConfig: Setting CVar [[s.LevelStreamingActorsUpdateTimeLimit:5.0]]
LogConfig: Setting CVar [[s.PriorityLevelStreamingActorsUpdateExtraTime:5.0]]
LogConfig: Setting CVar [[s.LevelStreamingComponentsRegistrationGranularity:10]]
LogConfig: Setting CVar [[s.UnregisterComponentsTimeLimit:1.0]]
LogConfig: Setting CVar [[s.LevelStreamingComponentsUnregistrationGranularity:5]]
LogConfig: Setting CVar [[s.FlushStreamingOnExit:1]]
LogInit: Object subsystem initialized
LogConfig: Setting CVar [[con.DebugEarlyDefault:1]]
LogConfig: Setting CVar [[r.setres:1280x720]]
[2022.08.30-00.39.00:993][  0]LogConfig: Setting CVar [[r.VSync:0]]
[2022.08.30-00.39.00:993][  0]LogConfig: Setting CVar [[r.RHICmdBypass:0]]
[2022.08.30-00.39.00:994][  0]LogConfig: Applying CVar settings from Section [/Script/Engine.RendererSettings] File [C:/Work/TeamProject/UnrealTeam/UnrealTeamProject/Saved/Config/Windows/Engine.ini]
[2022.08.30-00.39.00:994][  0]LogConfig: Setting CVar [[r.GPUCrashDebugging:0]]
[2022.08.30-00.39.00:994][  0]LogConfig: Applying CVar settings from Section [/Script/Engine.RendererOverrideSettings] File [C:/Work/TeamProject/UnrealTeam/UnrealTeamProject/Saved/Config/Windows/Engine.ini]
[2022.08.30-00.39.00:994][  0]LogConfig: Applying CVar settings from Section [/Script/Engine.StreamingSettings] File [C:/Work/TeamProject/UnrealTeam/UnrealTeamProject/Saved/Config/Windows/Engine.ini]
[2022.08.30-00.39.00:994][  0]LogConfig: Setting CVar [[s.MinBulkDataSizeForAsyncLoading:131072]]
[2022.08.30-00.39.00:994][  0]LogConfig: Setting CVar [[s.AsyncLoadingThreadEnabled:0]]
[2022.08.30-00.39.00:994][  0]LogConfig: Setting CVar [[s.EventDrivenLoaderEnabled:1]]
[2022.08.30-00.39.00:994][  0]LogConfig: Setting CVar [[s.WarnIfTimeLimitExceeded:0]]
[2022.08.30-00.39.00:994][  0]LogConfig: Setting CVar [[s.TimeLimitExceededMultiplier:1.5]]
[2022.08.30-00.39.00:994][  0]LogConfig: Setting CVar [[s.TimeLimitExceededMinTime:0.005]]
[2022.08.30-00.39.00:994][  0]LogConfig: Setting CVar [[s.UseBackgroundLevelStreaming:1]]
[2022.08.30-00.39.00:994][  0]LogConfig: Setting CVar [[s.PriorityAsyncLoadingExtraTime:15.0]]
[2022.08.30-00.39.00:994][  0]LogConfig: Setting CVar [[s.LevelStreamingActorsUpdateTimeLimit:5.0]]
[2022.08.30-00.39.00:994][  0]LogConfig: Setting CVar [[s.PriorityLevelStreamingActorsUpdateExtraTime:5.0]]
[2022.08.30-00.39.00:994][  0]LogConfig: Setting CVar [[s.LevelStreamingComponentsRegistrationGranularity:10]]
[2022.08.30-00.39.00:994][  0]LogConfig: Setting CVar [[s.UnregisterComponentsTimeLimit:1.0]]
[2022.08.30-00.39.00:994][  0]LogConfig: Setting CVar [[s.LevelStreamingComponentsUnregistrationGranularity:5]]
[2022.08.30-00.39.00:994][  0]LogConfig: Setting CVar [[s.FlushStreamingOnExit:1]]
[2022.08.30-00.39.00:994][  0]LogConfig: Applying CVar settings from Section [/Script/Engine.GarbageCollectionSettings] File [C:/Work/TeamProject/UnrealTeam/UnrealTeamProject/Saved/Config/Windows/Engine.ini]
[2022.08.30-00.39.00:994][  0]LogConfig: Setting CVar [[gc.MaxObjectsNotConsideredByGC:1]]
[2022.08.30-00.39.00:994][  0]LogConfig: Setting CVar [[gc.SizeOfPermanentObjectPool:0]]
[2022.08.30-00.39.00:994][  0]LogConfig: Setting CVar [[gc.FlushStreamingOnGC:0]]
[2022.08.30-00.39.00:994][  0]LogConfig: Setting CVar [[gc.NumRetriesBeforeForcingGC:10]]
[2022.08.30-00.39.00:994][  0]LogConfig: Setting CVar [[gc.AllowParallelGC:1]]
[2022.08.30-00.39.00:994][  0]LogConfig: Setting CVar [[gc.TimeBetweenPurgingPendingKillObjects:61.1]]
[2022.08.30-00.39.00:994][  0]LogConfig: Setting CVar [[gc.MaxObjectsInEditor:25165824]]
[2022.08.30-00.39.00:994][  0]LogConfig: Setting CVar [[gc.IncrementalBeginDestroyEnabled:1]]
[2022.08.30-00.39.00:994][  0]LogConfig: Setting CVar [[gc.CreateGCClusters:1]]
[2022.08.30-00.39.00:994][  0]LogConfig: Setting CVar [[gc.MinGCClusterSize:5]]
[2022.08.30-00.39.00:994][  0]LogConfig: Setting CVar [[gc.ActorClusteringEnabled:0]]
[2022.08.30-00.39.00:994][  0]LogConfig: Setting CVar [[gc.BlueprintClusteringEnabled:0]]
[2022.08.30-00.39.00:994][  0]LogConfig: Setting CVar [[gc.UseDisregardForGCOnDedicatedServers:0]]
[2022.08.30-00.39.00:994][  0]LogConfig: Setting CVar [[gc.MultithreadedDestructionEnabled:1]]
[2022.08.30-00.39.00:994][  0]LogConfig: Applying CVar settings from Section [/Script/Engine.NetworkSettings] File [C:/Work/TeamProject/UnrealTeam/UnrealTeamProject/Saved/Config/Windows/Engine.ini]
[2022.08.30-00.39.00:994][  0]LogConfig: Applying CVar settings from Section [/Script/UnrealEd.CookerSettings] File [C:/Work/TeamProject/UnrealTeam/UnrealTeamProject/Saved/Config/Windows/Engine.ini]
[2022.08.30-00.39.01:005][  0]LogConfig: Applying CVar settings from Section [ViewDistanceQuality@3] File [C:/Work/TeamProject/UnrealTeam/UnrealTeamProject/Saved/Config/Windows/Scalability.ini]
[2022.08.30-00.39.01:005][  0]LogConfig: Setting CVar [[r.SkeletalMeshLODBias:0]]
[2022.08.30-00.39.01:005][  0]LogConfig: Setting CVar [[r.ViewDistanceScale:1.0]]
[2022.08.30-00.39.01:005][  0]LogConfig: Applying CVar settings from Section [AntiAliasingQuality@3] File [C:/Work/TeamProject/UnrealTeam/UnrealTeamProject/Saved/Config/Windows/Scalability.ini]
[2022.08.30-00.39.01:005][  0]LogConfig: Setting CVar [[r.PostProcessAAQuality:4]]
[2022.08.30-00.39.01:005][  0]LogConfig: Applying CVar settings from Section [ShadowQuality@3] File [C:/Work/TeamProject/UnrealTeam/UnrealTeamProject/Saved/Config/Windows/Scalability.ini]
[2022.08.30-00.39.01:005][  0]LogConfig: Setting CVar [[r.LightFunctionQuality:1]]
[2022.08.30-00.39.01:005][  0]LogConfig: Setting CVar [[r.ShadowQuality:5]]
[2022.08.30-00.39.01:005][  0]LogConfig: Setting CVar [[r.Shadow.CSM.MaxCascades:10]]
[2022.08.30-00.39.01:005][  0]LogConfig: Setting CVar [[r.Shadow.MaxResolution:2048]]
[2022.08.30-00.39.01:005][  0]LogConfig: Setting CVar [[r.Shadow.MaxCSMResolution:2048]]
[2022.08.30-00.39.01:005][  0]LogConfig: Setting CVar [[r.Shadow.RadiusThreshold:0.01]]
[2022.08.30-00.39.01:005][  0]LogConfig: Setting CVar [[r.Shadow.DistanceScale:1.0]]
[2022.08.30-00.39.01:005][  0]LogConfig: Setting CVar [[r.Shadow.CSM.TransitionScale:1.0]]
[2022.08.30-00.39.01:005][  0]LogConfig: Setting CVar [[r.Shadow.PreShadowResolutionFactor:1.0]]
[2022.08.30-00.39.01:005][  0]LogConfig: Setting CVar [[r.DistanceFieldShadowing:1]]
[2022.08.30-00.39.01:005][  0]LogConfig: Setting CVar [[r.DistanceFieldAO:1]]
[2022.08.30-00.39.01:005][  0]LogConfig: Setting CVar [[r.AOQuality:2]]
[2022.08.30-00.39.01:005][  0]LogConfig: Setting CVar [[r.VolumetricFog:1]]
[2022.08.30-00.39.01:005][  0]LogConfig: Setting CVar [[r.VolumetricFog.GridPixelSize:8]]
[2022.08.30-00.39.01:005][  0]LogConfig: Setting CVar [[r.VolumetricFog.GridSizeZ:128]]
[2022.08.30-00.39.01:005][  0]LogConfig: Setting CVar [[r.VolumetricFog.HistoryMissSupersampleCount:4]]
[2022.08.30-00.39.01:005][  0]LogConfig: Setting CVar [[r.LightMaxDrawDistanceScale:1]]
[2022.08.30-00.39.01:005][  0]LogConfig: Setting CVar [[r.CapsuleShadows:1]]
[2022.08.30-00.39.01:005][  0]LogConfig: Applying CVar settings from Section [PostProcessQuality@3] File [C:/Work/TeamProject/UnrealTeam/UnrealTeamProject/Saved/Config/Windows/Scalability.ini]
[2022.08.30-00.39.01:005][  0]LogConfig: Setting CVar [[r.MotionBlurQuality:4]]
[2022.08.30-00.39.01:005][  0]LogConfig: Setting CVar [[r.AmbientOcclusionMipLevelFactor:0.4]]
[2022.08.30-00.39.01:005][  0]LogConfig: Setting CVar [[r.AmbientOcclusionMaxQuality:100]]
[2022.08.30-00.39.01:005][  0]LogConfig: Setting CVar [[r.AmbientOcclusionLevels:-1]]
[2022.08.30-00.39.01:005][  0]LogConfig: Setting CVar [[r.AmbientOcclusionRadiusScale:1.0]]
[2022.08.30-00.39.01:005][  0]LogConfig: Setting CVar [[r.DepthOfFieldQuality:2]]
[2022.08.30-00.39.01:005][  0]LogConfig: Setting CVar [[r.RenderTargetPoolMin:400]]
[2022.08.30-00.39.01:005][  0]LogConfig: Setting CVar [[r.LensFlareQuality:2]]
[2022.08.30-00.39.01:005][  0]LogConfig: Setting CVar [[r.SceneColorFringeQuality:1]]
[2022.08.30-00.39.01:005][  0]LogConfig: Setting CVar [[r.EyeAdaptationQuality:2]]
[2022.08.30-00.39.01:005][  0]LogConfig: Setting CVar [[r.BloomQuality:5]]
[2022.08.30-00.39.01:005][  0]LogConfig: Setting CVar [[r.FastBlurThreshold:100]]
[2022.08.30-00.39.01:005][  0]LogConfig: Setting CVar [[r.Upscale.Quality:3]]
[2022.08.30-00.39.01:005][  0]LogConfig: Setting CVar [[r.Tonemapper.GrainQuantization:1]]
[2022.08.30-00.39.01:005][  0]LogConfig: Setting CVar [[r.LightShaftQuality:1]]
[2022.08.30-00.39.01:005][  0]LogConfig: Setting CVar [[r.Filter.SizeScale:1]]
[2022.08.30-00.39.01:005][  0]LogConfig: Setting CVar [[r.Tonemapper.Quality:5]]
[2022.08.30-00.39.01:005][  0]LogConfig: Setting CVar [[r.DOF.Gather.AccumulatorQuality:1        ; higher gathering accumulator quality]]
[2022.08.30-00.39.01:005][  0]LogConfig: Setting CVar [[r.DOF.Gather.PostfilterMethod:1          ; Median3x3 postfilering method]]
[2022.08.30-00.39.01:005][  0]LogConfig: Setting CVar [[r.DOF.Gather.EnableBokehSettings:0       ; no bokeh simulation when gathering]]
[2022.08.30-00.39.01:005][  0]LogConfig: Setting CVar [[r.DOF.Gather.RingCount:4                 ; medium number of samples when gathering]]
[2022.08.30-00.39.01:005][  0]LogConfig: Setting CVar [[r.DOF.Scatter.ForegroundCompositing:1    ; additive foreground scattering]]
[2022.08.30-00.39.01:005][  0]LogConfig: Setting CVar [[r.DOF.Scatter.BackgroundCompositing:2    ; additive background scattering]]
[2022.08.30-00.39.01:005][  0]LogConfig: Setting CVar [[r.DOF.Scatter.EnableBokehSettings:1      ; bokeh simulation when scattering]]
[2022.08.30-00.39.01:005][  0]LogConfig: Setting CVar [[r.DOF.Scatter.MaxSpriteRatio:0.1         ; only a maximum of 10% of scattered bokeh]]
[2022.08.30-00.39.01:005][  0]LogConfig: Setting CVar [[r.DOF.Recombine.Quality:1                ; cheap slight out of focus]]
[2022.08.30-00.39.01:005][  0]LogConfig: Setting CVar [[r.DOF.Recombine.EnableBokehSettings:0    ; no bokeh simulation on slight out of focus]]
[2022.08.30-00.39.01:005][  0]LogConfig: Setting CVar [[r.DOF.TemporalAAQuality:1                ; more stable temporal accumulation]]
[2022.08.30-00.39.01:005][  0]LogConfig: Setting CVar [[r.DOF.Kernel.MaxForegroundRadius:0.025]]
[2022.08.30-00.39.01:005][  0]LogConfig: Setting CVar [[r.DOF.Kernel.MaxBackgroundRadius:0.025]]
[2022.08.30-00.39.01:005][  0]LogConfig: Applying CVar settings from Section [TextureQuality@3] File [C:/Work/TeamProject/UnrealTeam/UnrealTeamProject/Saved/Config/Windows/Scalability.ini]
[2022.08.30-00.39.01:005][  0]LogConfig: Setting CVar [[r.Streaming.MipBias:0]]
[2022.08.30-00.39.01:005][  0]LogConfig: Setting CVar [[r.Streaming.AmortizeCPUToGPUCopy:0]]
[2022.08.30-00.39.01:005][  0]LogConfig: Setting CVar [[r.Streaming.MaxNumTexturesToStreamPerFrame:0]]
[2022.08.30-00.39.01:005][  0]LogConfig: Setting CVar [[r.Streaming.Boost:1]]
[2022.08.30-00.39.01:005][  0]LogConfig: Setting CVar [[r.MaxAnisotropy:8]]
[2022.08.30-00.39.01:005][  0]LogConfig: Setting CVar [[r.VT.MaxAnisotropy:8]]
[2022.08.30-00.39.01:005][  0]LogConfig: Setting CVar [[r.Streaming.LimitPoolSizeToVRAM:0]]
[2022.08.30-00.39.01:005][  0]LogConfig: Setting CVar [[r.Streaming.PoolSize:1000]]
[2022.08.30-00.39.01:005][  0]LogConfig: Setting CVar [[r.Streaming.MaxEffectiveScreenSize:0]]
[2022.08.30-00.39.01:005][  0]LogConfig: Applying CVar settings from Section [EffectsQuality@3] File [C:/Work/TeamProject/UnrealTeam/UnrealTeamProject/Saved/Config/Windows/Scalability.ini]
[2022.08.30-00.39.01:005][  0]LogConfig: Setting CVar [[r.TranslucencyLightingVolumeDim:64]]
[2022.08.30-00.39.01:005][  0]LogConfig: Setting CVar [[r.RefractionQuality:2]]
[2022.08.30-00.39.01:005][  0]LogConfig: Setting CVar [[r.SSR.Quality:3]]
[2022.08.30-00.39.01:005][  0]LogConfig: Setting CVar [[r.SSR.HalfResSceneColor:0]]
[2022.08.30-00.39.01:005][  0]LogConfig: Setting CVar [[r.SceneColorFormat:4]]
[2022.08.30-00.39.01:005][  0]LogConfig: Setting CVar [[r.DetailMode:2]]
[2022.08.30-00.39.01:005][  0]LogConfig: Setting CVar [[r.TranslucencyVolumeBlur:1]]
[2022.08.30-00.39.01:005][  0]LogConfig: Setting CVar [[r.MaterialQualityLevel:1 ; High quality]]
[2022.08.30-00.39.01:005][  0]LogConfig: Setting CVar [[r.AnisotropicMaterials:1]]
[2022.08.30-00.39.01:005][  0]LogConfig: Setting CVar [[r.SSS.Scale:1]]
[2022.08.30-00.39.01:005][  0]LogConfig: Setting CVar [[r.SSS.SampleSet:2]]
[2022.08.30-00.39.01:005][  0]LogConfig: Setting CVar [[r.SSS.Quality:1]]
[2022.08.30-00.39.01:005][  0]LogConfig: Setting CVar [[r.SSS.HalfRes:0]]
[2022.08.30-00.39.01:005][  0]LogConfig: Setting CVar [[r.SSGI.Quality:3]]
[2022.08.30-00.39.01:005][  0]LogConfig: Setting CVar [[r.EmitterSpawnRateScale:1.0]]
[2022.08.30-00.39.01:005][  0]LogConfig: Setting CVar [[r.ParticleLightQuality:2]]
[2022.08.30-00.39.01:005][  0]LogConfig: Setting CVar [[r.SkyAtmosphere.AerialPerspectiveLUT.FastApplyOnOpaque:1 ; Always have FastSkyLUT 1 in this case to avoid wrong sky]]
[2022.08.30-00.39.01:005][  0]LogConfig: Setting CVar [[r.SkyAtmosphere.AerialPerspectiveLUT.SampleCountMaxPerSlice:4]]
[2022.08.30-00.39.01:005][  0]LogConfig: Setting CVar [[r.SkyAtmosphere.AerialPerspectiveLUT.DepthResolution:16.0]]
[2022.08.30-00.39.01:005][  0]LogConfig: Setting CVar [[r.SkyAtmosphere.FastSkyLUT:1]]
[2022.08.30-00.39.01:005][  0]LogConfig: Setting CVar [[r.SkyAtmosphere.FastSkyLUT.SampleCountMin:4.0]]
[2022.08.30-00.39.01:005][  0]LogConfig: Setting CVar [[r.SkyAtmosphere.FastSkyLUT.SampleCountMax:128.0]]
[2022.08.30-00.39.01:005][  0]LogConfig: Setting CVar [[r.SkyAtmosphere.SampleCountMin:4.0]]
[2022.08.30-00.39.01:005][  0]LogConfig: Setting CVar [[r.SkyAtmosphere.SampleCountMax:128.0]]
[2022.08.30-00.39.01:005][  0]LogConfig: Setting CVar [[r.SkyAtmosphere.TransmittanceLUT.UseSmallFormat:0]]
[2022.08.30-00.39.01:005][  0]LogConfig: Setting CVar [[r.SkyAtmosphere.TransmittanceLUT.SampleCount:10.0]]
[2022.08.30-00.39.01:005][  0]LogConfig: Setting CVar [[r.SkyAtmosphere.MultiScatteringLUT.SampleCount:15.0]]
[2022.08.30-00.39.01:005][  0]LogConfig: Setting CVar [[r.SkyLight.RealTimeReflectionCapture:1]]
[2022.08.30-00.39.01:005][  0]LogConfig: Applying CVar settings from Section [FoliageQuality@3] File [C:/Work/TeamProject/UnrealTeam/UnrealTeamProject/Saved/Config/Windows/Scalability.ini]
[2022.08.30-00.39.01:005][  0]LogConfig: Setting CVar [[foliage.DensityScale:1.0]]
[2022.08.30-00.39.01:005][  0]LogConfig: Setting CVar [[grass.DensityScale:1.0]]
[2022.08.30-00.39.01:005][  0]LogConfig: Applying CVar settings from Section [ShadingQuality@3] File [C:/Work/TeamProject/UnrealTeam/UnrealTeamProject/Saved/Config/Windows/Scalability.ini]
[2022.08.30-00.39.01:005][  0]LogConfig: Setting CVar [[r.HairStrands.SkyLighting.IntegrationType:2]]
[2022.08.30-00.39.01:006][  0]LogConfig: Setting CVar [[r.HairStrands.SkyAO.SampleCount:4]]
[2022.08.30-00.39.01:006][  0]LogConfig: Setting CVar [[r.HairStrands.Visibility.MSAA.SamplePerPixel:4]]
[2022.08.30-00.39.01:007][  0]LogInit: Selected Device Profile: [Windows]
[2022.08.30-00.39.01:008][  0]LogInit: Applying CVar settings loaded from the selected device profile: [Windows]
[2022.08.30-00.39.01:009][  0]LogHAL: Display: Platform has ~ 8 GB [8399298560 / 8589934592 / 8], which maps to Default [LargestMinGB=32, LargerMinGB=12, DefaultMinGB=8, SmallerMinGB=6, SmallestMinGB=0)
[2022.08.30-00.39.01:009][  0]LogInit: Going up to parent DeviceProfile []
[2022.08.30-00.39.01:010][  0]LogConfig: Applying CVar settings from Section [ViewDistanceQuality@3] File [C:/Work/TeamProject/UnrealTeam/UnrealTeamProject/Saved/Config/Windows/Scalability.ini]
[2022.08.30-00.39.01:010][  0]LogConfig: Setting CVar [[r.SkeletalMeshLODBias:0]]
[2022.08.30-00.39.01:010][  0]LogConfig: Setting CVar [[r.ViewDistanceScale:1.0]]
[2022.08.30-00.39.01:010][  0]LogConfig: Applying CVar settings from Section [AntiAliasingQuality@3] File [C:/Work/TeamProject/UnrealTeam/UnrealTeamProject/Saved/Config/Windows/Scalability.ini]
[2022.08.30-00.39.01:010][  0]LogConfig: Setting CVar [[r.PostProcessAAQuality:4]]
[2022.08.30-00.39.01:010][  0]LogConfig: Applying CVar settings from Section [ShadowQuality@3] File [C:/Work/TeamProject/UnrealTeam/UnrealTeamProject/Saved/Config/Windows/Scalability.ini]
[2022.08.30-00.39.01:010][  0]LogConfig: Setting CVar [[r.LightFunctionQuality:1]]
[2022.08.30-00.39.01:010][  0]LogConfig: Setting CVar [[r.ShadowQuality:5]]
[2022.08.30-00.39.01:010][  0]LogConfig: Setting CVar [[r.Shadow.CSM.MaxCascades:10]]
[2022.08.30-00.39.01:010][  0]LogConfig: Setting CVar [[r.Shadow.MaxResolution:2048]]
[2022.08.30-00.39.01:010][  0]LogConfig: Setting CVar [[r.Shadow.MaxCSMResolution:2048]]
[2022.08.30-00.39.01:010][  0]LogConfig: Setting CVar [[r.Shadow.RadiusThreshold:0.01]]
[2022.08.30-00.39.01:010][  0]LogConfig: Setting CVar [[r.Shadow.DistanceScale:1.0]]
[2022.08.30-00.39.01:010][  0]LogConfig: Setting CVar [[r.Shadow.CSM.TransitionScale:1.0]]
[2022.08.30-00.39.01:010][  0]LogConfig: Setting CVar [[r.Shadow.PreShadowResolutionFactor:1.0]]
[2022.08.30-00.39.01:010][  0]LogConfig: Setting CVar [[r.DistanceFieldShadowing:1]]
[2022.08.30-00.39.01:010][  0]LogConfig: Setting CVar [[r.DistanceFieldAO:1]]
[2022.08.30-00.39.01:010][  0]LogConfig: Setting CVar [[r.AOQuality:2]]
[2022.08.30-00.39.01:010][  0]LogConfig: Setting CVar [[r.VolumetricFog:1]]
[2022.08.30-00.39.01:010][  0]LogConfig: Setting CVar [[r.VolumetricFog.GridPixelSize:8]]
[2022.08.30-00.39.01:010][  0]LogConfig: Setting CVar [[r.VolumetricFog.GridSizeZ:128]]
[2022.08.30-00.39.01:010][  0]LogConfig: Setting CVar [[r.VolumetricFog.HistoryMissSupersampleCount:4]]
[2022.08.30-00.39.01:010][  0]LogConfig: Setting CVar [[r.LightMaxDrawDistanceScale:1]]
[2022.08.30-00.39.01:010][  0]LogConfig: Setting CVar [[r.CapsuleShadows:1]]
[2022.08.30-00.39.01:010][  0]LogConfig: Applying CVar settings from Section [PostProcessQuality@3] File [C:/Work/TeamProject/UnrealTeam/UnrealTeamProject/Saved/Config/Windows/Scalability.ini]
[2022.08.30-00.39.01:010][  0]LogConfig: Setting CVar [[r.MotionBlurQuality:4]]
[2022.08.30-00.39.01:010][  0]LogConfig: Setting CVar [[r.AmbientOcclusionMipLevelFactor:0.4]]
[2022.08.30-00.39.01:010][  0]LogConfig: Setting CVar [[r.AmbientOcclusionMaxQuality:100]]
[2022.08.30-00.39.01:010][  0]LogConfig: Setting CVar [[r.AmbientOcclusionLevels:-1]]
[2022.08.30-00.39.01:010][  0]LogConfig: Setting CVar [[r.AmbientOcclusionRadiusScale:1.0]]
[2022.08.30-00.39.01:010][  0]LogConfig: Setting CVar [[r.DepthOfFieldQuality:2]]
[2022.08.30-00.39.01:010][  0]LogConfig: Setting CVar [[r.RenderTargetPoolMin:400]]
[2022.08.30-00.39.01:010][  0]LogConfig: Setting CVar [[r.LensFlareQuality:2]]
[2022.08.30-00.39.01:010][  0]LogConfig: Setting CVar [[r.SceneColorFringeQuality:1]]
[2022.08.30-00.39.01:010][  0]LogConfig: Setting CVar [[r.EyeAdaptationQuality:2]]
[2022.08.30-00.39.01:010][  0]LogConfig: Setting CVar [[r.BloomQuality:5]]
[2022.08.30-00.39.01:010][  0]LogConfig: Setting CVar [[r.FastBlurThreshold:100]]
[2022.08.30-00.39.01:010][  0]LogConfig: Setting CVar [[r.Upscale.Quality:3]]
[2022.08.30-00.39.01:010][  0]LogConfig: Setting CVar [[r.Tonemapper.GrainQuantization:1]]
[2022.08.30-00.39.01:010][  0]LogConfig: Setting CVar [[r.LightShaftQuality:1]]
[2022.08.30-00.39.01:010][  0]LogConfig: Setting CVar [[r.Filter.SizeScale:1]]
[2022.08.30-00.39.01:010][  0]LogConfig: Setting CVar [[r.Tonemapper.Quality:5]]
[2022.08.30-00.39.01:010][  0]LogConfig: Setting CVar [[r.DOF.Gather.AccumulatorQuality:1        ; higher gathering accumulator quality]]
[2022.08.30-00.39.01:010][  0]LogConfig: Setting CVar [[r.DOF.Gather.PostfilterMethod:1          ; Median3x3 postfilering method]]
[2022.08.30-00.39.01:010][  0]LogConfig: Setting CVar [[r.DOF.Gather.EnableBokehSettings:0       ; no bokeh simulation when gathering]]
[2022.08.30-00.39.01:010][  0]LogConfig: Setting CVar [[r.DOF.Gather.RingCount:4                 ; medium number of samples when gathering]]
[2022.08.30-00.39.01:010][  0]LogConfig: Setting CVar [[r.DOF.Scatter.ForegroundCompositing:1    ; additive foreground scattering]]
[2022.08.30-00.39.01:010][  0]LogConfig: Setting CVar [[r.DOF.Scatter.BackgroundCompositing:2    ; additive background scattering]]
[2022.08.30-00.39.01:010][  0]LogConfig: Setting CVar [[r.DOF.Scatter.EnableBokehSettings:1      ; bokeh simulation when scattering]]
[2022.08.30-00.39.01:010][  0]LogConfig: Setting CVar [[r.DOF.Scatter.MaxSpriteRatio:0.1         ; only a maximum of 10% of scattered bokeh]]
[2022.08.30-00.39.01:010][  0]LogConfig: Setting CVar [[r.DOF.Recombine.Quality:1                ; cheap slight out of focus]]
[2022.08.30-00.39.01:010][  0]LogConfig: Setting CVar [[r.DOF.Recombine.EnableBokehSettings:0    ; no bokeh simulation on slight out of focus]]
[2022.08.30-00.39.01:010][  0]LogConfig: Setting CVar [[r.DOF.TemporalAAQuality:1                ; more stable temporal accumulation]]
[2022.08.30-00.39.01:010][  0]LogConfig: Setting CVar [[r.DOF.Kernel.MaxForegroundRadius:0.025]]
[2022.08.30-00.39.01:010][  0]LogConfig: Setting CVar [[r.DOF.Kernel.MaxBackgroundRadius:0.025]]
[2022.08.30-00.39.01:010][  0]LogConfig: Applying CVar settings from Section [TextureQuality@3] File [C:/Work/TeamProject/UnrealTeam/UnrealTeamProject/Saved/Config/Windows/Scalability.ini]
[2022.08.30-00.39.01:010][  0]LogConfig: Setting CVar [[r.Streaming.MipBias:0]]
[2022.08.30-00.39.01:010][  0]LogConfig: Setting CVar [[r.Streaming.AmortizeCPUToGPUCopy:0]]
[2022.08.30-00.39.01:010][  0]LogConfig: Setting CVar [[r.Streaming.MaxNumTexturesToStreamPerFrame:0]]
[2022.08.30-00.39.01:010][  0]LogConfig: Setting CVar [[r.Streaming.Boost:1]]
[2022.08.30-00.39.01:010][  0]LogConfig: Setting CVar [[r.MaxAnisotropy:8]]
[2022.08.30-00.39.01:010][  0]LogConfig: Setting CVar [[r.VT.MaxAnisotropy:8]]
[2022.08.30-00.39.01:010][  0]LogConfig: Setting CVar [[r.Streaming.LimitPoolSizeToVRAM:0]]
[2022.08.30-00.39.01:010][  0]LogConfig: Setting CVar [[r.Streaming.PoolSize:1000]]
[2022.08.30-00.39.01:010][  0]LogConfig: Setting CVar [[r.Streaming.MaxEffectiveScreenSize:0]]
[2022.08.30-00.39.01:010][  0]LogConfig: Applying CVar settings from Section [EffectsQuality@3] File [C:/Work/TeamProject/UnrealTeam/UnrealTeamProject/Saved/Config/Windows/Scalability.ini]
[2022.08.30-00.39.01:010][  0]LogConfig: Setting CVar [[r.TranslucencyLightingVolumeDim:64]]
[2022.08.30-00.39.01:010][  0]LogConfig: Setting CVar [[r.RefractionQuality:2]]
[2022.08.30-00.39.01:010][  0]LogConfig: Setting CVar [[r.SSR.Quality:3]]
[2022.08.30-00.39.01:010][  0]LogConfig: Setting CVar [[r.SSR.HalfResSceneColor:0]]
[2022.08.30-00.39.01:010][  0]LogConfig: Setting CVar [[r.SceneColorFormat:4]]
[2022.08.30-00.39.01:010][  0]LogConfig: Setting CVar [[r.DetailMode:2]]
[2022.08.30-00.39.01:010][  0]LogConfig: Setting CVar [[r.TranslucencyVolumeBlur:1]]
[2022.08.30-00.39.01:010][  0]LogConfig: Setting CVar [[r.MaterialQualityLevel:1 ; High quality]]
[2022.08.30-00.39.01:010][  0]LogConfig: Setting CVar [[r.AnisotropicMaterials:1]]
[2022.08.30-00.39.01:010][  0]LogConfig: Setting CVar [[r.SSS.Scale:1]]
[2022.08.30-00.39.01:010][  0]LogConfig: Setting CVar [[r.SSS.SampleSet:2]]
[2022.08.30-00.39.01:010][  0]LogConfig: Setting CVar [[r.SSS.Quality:1]]
[2022.08.30-00.39.01:010][  0]LogConfig: Setting CVar [[r.SSS.HalfRes:0]]
[2022.08.30-00.39.01:010][  0]LogConfig: Setting CVar [[r.SSGI.Quality:3]]
[2022.08.30-00.39.01:010][  0]LogConfig: Setting CVar [[r.EmitterSpawnRateScale:1.0]]
[2022.08.30-00.39.01:010][  0]LogConfig: Setting CVar [[r.ParticleLightQuality:2]]
[2022.08.30-00.39.01:010][  0]LogConfig: Setting CVar [[r.SkyAtmosphere.AerialPerspectiveLUT.FastApplyOnOpaque:1 ; Always have FastSkyLUT 1 in this case to avoid wrong sky]]
[2022.08.30-00.39.01:010][  0]LogConfig: Setting CVar [[r.SkyAtmosphere.AerialPerspectiveLUT.SampleCountMaxPerSlice:4]]
[2022.08.30-00.39.01:010][  0]LogConfig: Setting CVar [[r.SkyAtmosphere.AerialPerspectiveLUT.DepthResolution:16.0]]
[2022.08.30-00.39.01:010][  0]LogConfig: Setting CVar [[r.SkyAtmosphere.FastSkyLUT:1]]
[2022.08.30-00.39.01:010][  0]LogConfig: Setting CVar [[r.SkyAtmosphere.FastSkyLUT.SampleCountMin:4.0]]
[2022.08.30-00.39.01:010][  0]LogConfig: Setting CVar [[r.SkyAtmosphere.FastSkyLUT.SampleCountMax:128.0]]
[2022.08.30-00.39.01:010][  0]LogConfig: Setting CVar [[r.SkyAtmosphere.SampleCountMin:4.0]]
[2022.08.30-00.39.01:010][  0]LogConfig: Setting CVar [[r.SkyAtmosphere.SampleCountMax:128.0]]
[2022.08.30-00.39.01:010][  0]LogConfig: Setting CVar [[r.SkyAtmosphere.TransmittanceLUT.UseSmallFormat:0]]
[2022.08.30-00.39.01:010][  0]LogConfig: Setting CVar [[r.SkyAtmosphere.TransmittanceLUT.SampleCount:10.0]]
[2022.08.30-00.39.01:010][  0]LogConfig: Setting CVar [[r.SkyAtmosphere.MultiScatteringLUT.SampleCount:15.0]]
[2022.08.30-00.39.01:010][  0]LogConfig: Setting CVar [[r.SkyLight.RealTimeReflectionCapture:1]]
[2022.08.30-00.39.01:010][  0]LogConfig: Applying CVar settings from Section [FoliageQuality@3] File [C:/Work/TeamProject/UnrealTeam/UnrealTeamProject/Saved/Config/Windows/Scalability.ini]
[2022.08.30-00.39.01:010][  0]LogConfig: Setting CVar [[foliage.DensityScale:1.0]]
[2022.08.30-00.39.01:010][  0]LogConfig: Setting CVar [[grass.DensityScale:1.0]]
[2022.08.30-00.39.01:011][  0]LogConfig: Applying CVar settings from Section [ShadingQuality@3] File [C:/Work/TeamProject/UnrealTeam/UnrealTeamProject/Saved/Config/Windows/Scalability.ini]
[2022.08.30-00.39.01:011][  0]LogConfig: Setting CVar [[r.HairStrands.SkyLighting.IntegrationType:2]]
[2022.08.30-00.39.01:011][  0]LogConfig: Setting CVar [[r.HairStrands.SkyAO.SampleCount:4]]
[2022.08.30-00.39.01:011][  0]LogConfig: Setting CVar [[r.HairStrands.Visibility.MSAA.SamplePerPixel:4]]
[2022.08.30-00.39.01:011][  0]LogConfig: Applying CVar settings from Section [Startup] File [../../../Engine/Config/ConsoleVariables.ini]
[2022.08.30-00.39.01:012][  0]LogConfig: Setting CVar [[net.UseAdaptiveNetUpdateFrequency:0]]
[2022.08.30-00.39.01:012][  0]LogConfig: Setting CVar [[p.chaos.AllowCreatePhysxBodies:1]]
[2022.08.30-00.39.01:012][  0]LogConfig: Setting CVar [[fx.SkipVectorVMBackendOptimizations:1]]
[2022.08.30-00.39.01:012][  0]LogConfig: Applying CVar settings from Section [ConsoleVariables] File [C:/Work/TeamProject/UnrealTeam/UnrealTeamProject/Saved/Config/Windows/Engine.ini]
[2022.08.30-00.39.01:012][  0]LogConfig: Applying CVar settings from Section [ConsoleVariables] File [C:/Work/TeamProject/UnrealTeam/UnrealTeamProject/Saved/Config/Windows/Editor.ini]
[2022.08.30-00.39.01:015][  0]LogInit: Computer: DESKTOP-1ADEDOS
[2022.08.30-00.39.01:015][  0]LogInit: User: yssy5
[2022.08.30-00.39.01:015][  0]LogInit: CPU Page size=4096, Cores=4
[2022.08.30-00.39.01:015][  0]LogInit: High frequency timer resolution =10.000000 MHz
[2022.08.30-00.39.01:015][  0]LogMemory: Memory total: Physical=7.8GB (8GB approx)
[2022.08.30-00.39.01:016][  0]LogMemory: Platform Memory Stats for Windows
[2022.08.30-00.39.01:016][  0]LogMemory: Process Physical Memory: 144.97 MB used, 144.97 MB peak
[2022.08.30-00.39.01:016][  0]LogMemory: Process Virtual Memory: 130.76 MB used, 130.76 MB peak
[2022.08.30-00.39.01:016][  0]LogMemory: Physical Memory: 4596.66 MB used,  3413.53 MB free, 8010.20 MB total
[2022.08.30-00.39.01:016][  0]LogMemory: Virtual Memory: 134212312.00 MB used,  5415.50 MB free, 134217728.00 MB total
[2022.08.30-00.39.01:022][  0]LogWindows: WindowsPlatformFeatures enabled
[2022.08.30-00.39.01:323][  0]LogInit: Physics initialised using underlying interface: PhysX
[2022.08.30-00.39.01:329][  0]LogInit: Using OS detected language (ko-KR).
[2022.08.30-00.39.01:329][  0]LogInit: Using OS detected locale (ko-KR).
[2022.08.30-00.39.01:346][  0]LogTextLocalizationManager: No specific localization for 'ko-KR' exists, so the 'ko' localization will be used.
[2022.08.30-00.39.01:524][  0]LogInit: Setting process to per monitor DPI aware
[2022.08.30-00.39.01:563][  0]LogWindowsTextInputMethodSystem: Display: IME system deactivated.
[2022.08.30-00.39.01:669][  0]LogSlate: New Slate User Created.  User Index 0, Is Virtual User: 0
[2022.08.30-00.39.01:669][  0]LogSlate: Slate User Registered.  User Index 0, Is Virtual User: 0
[2022.08.30-00.39.03:702][  0]LogD3D11RHI: Loaded GFSDK_Aftermath_Lib.x64.dll
[2022.08.30-00.39.03:741][  0]LogHMD: Failed to initialize OpenVR with code 110
[2022.08.30-00.39.03:741][  0]LogD3D11RHI: D3D11 min allowed feature level: 11_0
[2022.08.30-00.39.03:741][  0]LogD3D11RHI: D3D11 max allowed feature level: 11_0
[2022.08.30-00.39.03:741][  0]LogD3D11RHI: D3D11 adapters:
[2022.08.30-00.39.03:829][  0]LogD3D11RHI:    0. 'NVIDIA GeForce GTX 1650 with Max-Q Design' (Feature Level 11_0)
[2022.08.30-00.39.03:829][  0]LogD3D11RHI:       3962/0/4005 MB DedicatedVideo/DedicatedSystem/SharedSystem, Outputs:1, VendorId:0x10de
[2022.08.30-00.39.03:846][  0]LogD3D11RHI:    1. 'Intel(R) UHD Graphics' (Feature Level 11_0)
[2022.08.30-00.39.03:846][  0]LogD3D11RHI:       128/0/4005 MB DedicatedVideo/DedicatedSystem/SharedSystem, Outputs:0, VendorId:0x8086
[2022.08.30-00.39.03:848][  0]LogD3D11RHI:    2. 'Microsoft Basic Render Driver' (Feature Level 11_0)
[2022.08.30-00.39.03:848][  0]LogD3D11RHI:       0/0/4005 MB DedicatedVideo/DedicatedSystem/SharedSystem, Outputs:0, VendorId:0x1414
[2022.08.30-00.39.03:848][  0]LogD3D11RHI: Chosen D3D11 Adapter:
[2022.08.30-00.39.03:848][  0]LogD3D11RHI:     Description : NVIDIA GeForce GTX 1650 with Max-Q Design
[2022.08.30-00.39.03:848][  0]LogD3D11RHI:     VendorId    : 10de
[2022.08.30-00.39.03:848][  0]LogD3D11RHI:     DeviceId    : 1f99
[2022.08.30-00.39.03:848][  0]LogD3D11RHI:     SubSysId    : 12bd1462
[2022.08.30-00.39.03:848][  0]LogD3D11RHI:     Revision    : 00a1
[2022.08.30-00.39.03:848][  0]LogD3D11RHI:     DedicatedVideoMemory : 4154458112 bytes
[2022.08.30-00.39.03:848][  0]LogD3D11RHI:     DedicatedSystemMemory : 0 bytes
[2022.08.30-00.39.03:848][  0]LogD3D11RHI:     SharedSystemMemory : 4199649280 bytes
[2022.08.30-00.39.03:848][  0]LogD3D11RHI:     AdapterLuid : 0 57539
[2022.08.30-00.39.03:852][  0]LogD3D11RHI: Creating new Direct3DDevice
[2022.08.30-00.39.03:852][  0]LogD3D11RHI:     GPU DeviceId: 0x1f99 (for the marketing name, search the web for "GPU Device Id")
[2022.08.30-00.39.03:852][  0]LogWindows: EnumDisplayDevices:
[2022.08.30-00.39.03:853][  0]LogWindows:    0. 'Intel(R) UHD Graphics' (P:1 D:1)
[2022.08.30-00.39.03:853][  0]LogWindows:    1. 'Intel(R) UHD Graphics' (P:0 D:0)
[2022.08.30-00.39.03:853][  0]LogWindows:    2. 'Intel(R) UHD Graphics' (P:0 D:0)
[2022.08.30-00.39.03:853][  0]LogWindows: DebugString: PrimaryIsNotTheChoosenAdapter PrimaryIsNotTheChoosenAdapter PrimaryIsNotTheChoosenAdapter FoundDriverCount:0 
[2022.08.30-00.39.03:853][  0]LogD3D11RHI:     Adapter Name: NVIDIA GeForce GTX 1650 with Max-Q Design
[2022.08.30-00.39.03:853][  0]LogD3D11RHI:   Driver Version: Unknown (internal:Unknown, unified:Unknown)
[2022.08.30-00.39.03:853][  0]LogD3D11RHI:      Driver Date: Unknown
[2022.08.30-00.39.03:854][  0]LogRHI: Texture pool is 2773 MB (70% of 3962 MB)
[2022.08.30-00.39.03:854][  0]LogD3D11RHI: Creating D3DDevice using adapter:
[2022.08.30-00.39.03:854][  0]LogD3D11RHI:     Description : NVIDIA GeForce GTX 1650 with Max-Q Design
[2022.08.30-00.39.03:854][  0]LogD3D11RHI:     VendorId    : 10de
[2022.08.30-00.39.03:854][  0]LogD3D11RHI:     DeviceId    : 1f99
[2022.08.30-00.39.03:854][  0]LogD3D11RHI:     SubSysId    : 12bd1462
[2022.08.30-00.39.03:854][  0]LogD3D11RHI:     Revision    : 00a1
[2022.08.30-00.39.03:854][  0]LogD3D11RHI:     DedicatedVideoMemory : 4154458112 bytes
[2022.08.30-00.39.03:854][  0]LogD3D11RHI:     DedicatedSystemMemory : 0 bytes
[2022.08.30-00.39.03:854][  0]LogD3D11RHI:     SharedSystemMemory : 4199649280 bytes
[2022.08.30-00.39.03:854][  0]LogD3D11RHI:     AdapterLuid : 0 57539
[2022.08.30-00.39.04:010][  0]LogD3D11RHI: RHI has support for 64 bit atomics
[2022.08.30-00.39.04:012][  0]LogD3D11RHI: Async texture creation enabled
[2022.08.30-00.39.04:012][  0]LogD3D11RHI: Array index from any shader is supported
[2022.08.30-00.39.04:067][  0]LogD3D11RHI: GPU Timing Frequency: 1000.000000 (Debug: 2 1)
[2022.08.30-00.39.04:173][  0]LogRHI: GeForceNow SDK initialized: 1
[2022.08.30-00.39.04:560][  0]LogTargetPlatformManager: Display: Loaded TargetPlatform 'AllDesktop'
[2022.08.30-00.39.04:601][  0]LogTargetPlatformManager: Display: Loaded TargetPlatform 'Android'
[2022.08.30-00.39.04:601][  0]LogTargetPlatformManager: Display: Loaded TargetPlatform 'Android_ASTC'
[2022.08.30-00.39.04:601][  0]LogTargetPlatformManager: Display: Loaded TargetPlatform 'Android_DXT'
[2022.08.30-00.39.04:601][  0]LogTargetPlatformManager: Display: Loaded TargetPlatform 'Android_ETC2'
[2022.08.30-00.39.04:601][  0]LogTargetPlatformManager: Display: Loaded TargetPlatform 'AndroidClient'
[2022.08.30-00.39.04:601][  0]LogTargetPlatformManager: Display: Loaded TargetPlatform 'Android_ASTCClient'
[2022.08.30-00.39.04:601][  0]LogTargetPlatformManager: Display: Loaded TargetPlatform 'Android_DXTClient'
[2022.08.30-00.39.04:601][  0]LogTargetPlatformManager: Display: Loaded TargetPlatform 'Android_ETC2Client'
[2022.08.30-00.39.04:601][  0]LogTargetPlatformManager: Display: Loaded TargetPlatform 'Android_Multi'
[2022.08.30-00.39.04:601][  0]LogTargetPlatformManager: Display: Loaded TargetPlatform 'Android_MultiClient'
[2022.08.30-00.39.04:658][  0]LogTargetPlatformManager: Display: Loaded TargetPlatform 'IOSClient'
[2022.08.30-00.39.04:658][  0]LogTargetPlatformManager: Display: Loaded TargetPlatform 'IOS'
[2022.08.30-00.39.04:686][  0]LogTargetPlatformManager: Display: Loaded TargetPlatform 'Linux'
[2022.08.30-00.39.04:704][  0]LogTargetPlatformManager: Display: Loaded TargetPlatform 'LinuxNoEditor'
[2022.08.30-00.39.04:722][  0]LogTargetPlatformManager: Display: Loaded TargetPlatform 'LinuxClient'
[2022.08.30-00.39.04:740][  0]LogTargetPlatformManager: Display: Loaded TargetPlatform 'LinuxServer'
[2022.08.30-00.39.04:768][  0]LogTargetPlatformManager: Display: Loaded TargetPlatform 'LinuxAArch64NoEditor'
[2022.08.30-00.39.04:785][  0]LogTargetPlatformManager: Display: Loaded TargetPlatform 'LinuxAArch64Client'
[2022.08.30-00.39.04:816][  0]LogTargetPlatformManager: Display: Loaded TargetPlatform 'LinuxAArch64Server'
[2022.08.30-00.39.04:854][  0]LogTargetPlatformManager: Display: Loaded TargetPlatform 'Lumin'
[2022.08.30-00.39.04:854][  0]LogTargetPlatformManager: Display: Loaded TargetPlatform 'LuminClient'
[2022.08.30-00.39.04:875][  0]LogTargetPlatformManager: Display: Loaded TargetPlatform 'MacNoEditor'
[2022.08.30-00.39.04:893][  0]LogTargetPlatformManager: Display: Loaded TargetPlatform 'Mac'
[2022.08.30-00.39.04:910][  0]LogTargetPlatformManager: Display: Loaded TargetPlatform 'MacClient'
[2022.08.30-00.39.04:928][  0]LogTargetPlatformManager: Display: Loaded TargetPlatform 'MacServer'
[2022.08.30-00.39.04:949][  0]LogTargetPlatformManager: Display: Loaded TargetPlatform 'TVOSClient'
[2022.08.30-00.39.04:949][  0]LogTargetPlatformManager: Display: Loaded TargetPlatform 'TVOS'
[2022.08.30-00.39.04:972][  0]LogTargetPlatformManager: Display: Loaded TargetPlatform 'WindowsNoEditor'
[2022.08.30-00.39.04:990][  0]LogTargetPlatformManager: Display: Loaded TargetPlatform 'Windows'
[2022.08.30-00.39.05:009][  0]LogTargetPlatformManager: Display: Loaded TargetPlatform 'WindowsClient'
[2022.08.30-00.39.05:026][  0]LogTargetPlatformManager: Display: Loaded TargetPlatform 'WindowsServer'
[2022.08.30-00.39.05:026][  0]LogTargetPlatformManager: Display: Building Assets For Windows
[2022.08.30-00.39.05:090][  0]LogAudioDebug: Display: Lib vorbis DLL was dynamically loaded.
[2022.08.30-00.39.05:293][  0]LogTextureFormatOodle: Display: Oodle Texture 2.9.0 init RDO Off
[2022.08.30-00.39.05:632][  0]LogRendererCore: Ray tracing is disabled. Reason: r.RayTracing=0.
[2022.08.30-00.39.05:634][  0]LogShaderCompilers: Guid format shader working directory is -18 characters bigger than the processId version (../../../../../../Work/TeamProject/UnrealTeam/UnrealTeamProject/Intermediate/Shaders/WorkingDirectory/12008/).
[2022.08.30-00.39.05:634][  0]LogShaderCompilers: Cleaned the shader compiler working directory 'C:/Users/yssy5/AppData/Local/Temp/UnrealShaderWorkingDir/B9E1CAFF4DC66A3B9AC4AD8B0D40BABA/'.
[2022.08.30-00.39.05:636][  0]LogXGEController: Cannot use XGE Controller as Incredibuild is not installed on this machine.
[2022.08.30-00.39.05:636][  0]LogShaderCompilers: Cannot use XGE Shader Compiler as Incredibuild is not installed on this machine.
[2022.08.30-00.39.05:636][  0]LogShaderCompilers: Display: Using Local Shader Compiler.
[2022.08.30-00.39.08:244][  0]LogDerivedDataCache: Display: Max Cache Size: 512 MB
[2022.08.30-00.39.08:404][  0]LogDerivedDataCache: Loaded boot cache 0.16s 94MB C:/Users/yssy5/AppData/Local/UnrealEngine/4.27/DerivedDataCache/Boot.ddc.
[2022.08.30-00.39.08:404][  0]LogDerivedDataCache: Display: Loaded Boot cache: C:/Users/yssy5/AppData/Local/UnrealEngine/4.27/DerivedDataCache/Boot.ddc
[2022.08.30-00.39.08:404][  0]LogDerivedDataCache: FDerivedDataBackendGraph:  Pak pak cache file ../../../../../../Work/TeamProject/UnrealTeam/UnrealTeamProject/DerivedDataCache/DDC.ddp not found, will not use a pak cache.
[2022.08.30-00.39.08:404][  0]LogDerivedDataCache: Unable to find inner node Pak for hierarchical cache Hierarchy.
[2022.08.30-00.39.08:404][  0]LogDerivedDataCache: FDerivedDataBackendGraph:  CompressedPak pak cache file ../../../../../../Work/TeamProject/UnrealTeam/UnrealTeamProject/DerivedDataCache/Compressed.ddp not found, will not use a pak cache.
[2022.08.30-00.39.08:404][  0]LogDerivedDataCache: Unable to find inner node CompressedPak for hierarchical cache Hierarchy.
[2022.08.30-00.39.08:428][  0]LogDerivedDataCache: Display: Pak cache opened for reading ../../../Engine/DerivedDataCache/Compressed.ddp.
[2022.08.30-00.39.08:428][  0]LogDerivedDataCache: FDerivedDataBackendGraph:  EnterprisePak pak cache file ../../../Enterprise/DerivedDataCache/Compressed.ddp not found, will not use a pak cache.
[2022.08.30-00.39.08:428][  0]LogDerivedDataCache: Unable to find inner node EnterprisePak for hierarchical cache Hierarchy.
[2022.08.30-00.39.08:443][  0]LogDerivedDataCache: Speed tests for C:/Users/yssy5/AppData/Local/UnrealEngine/Common/DerivedDataCache took 0.01 seconds
[2022.08.30-00.39.08:443][  0]LogDerivedDataCache: Display: Performance to C:/Users/yssy5/AppData/Local/UnrealEngine/Common/DerivedDataCache: Latency=0.09ms. RandomReadSpeed=88.70MBs, RandomWriteSpeed=317.17MBs. Assigned SpeedClass 'Local'
[2022.08.30-00.39.08:443][  0]LogDerivedDataCache: Using Local data cache path C:/Users/yssy5/AppData/Local/UnrealEngine/Common/DerivedDataCache: Writable
[2022.08.30-00.39.08:443][  0]LogDerivedDataCache: Shared data cache path not found in *engine.ini, will not use an Shared cache.
[2022.08.30-00.39.08:443][  0]LogDerivedDataCache: Unable to find inner node Shared for hierarchical cache Hierarchy.
[2022.08.30-00.39.08:496][  0]LogSlate: Using FreeType 2.10.0
[2022.08.30-00.39.08:505][  0]LogSlate: SlateFontServices - WITH_FREETYPE: 1, WITH_HARFBUZZ: 1
[2022.08.30-00.39.08:569][  0]LogAssetRegistry: FAssetRegistry took 0.0065 seconds to start up
[2022.08.30-00.39.09:189][  0]LogInit: Selected Device Profile: [Windows]
[2022.08.30-00.39.09:189][  0]LogInit: Active device profile: [00000235ABBB0700][00000235AAB34B80 49] Windows
[2022.08.30-00.39.09:189][  0]LogInit: Profiles: [00000235ABBB0700][00000235AAB34B80 49] Windows, [00000235ABB5F700][00000235AAB3CD00 49] WindowsNoEditor, [00000235ABBB3300][00000235AAB40E80 49] WindowsServer, [00000235ABB5CF00][00000235AAB45000 49] WindowsClient, [00000235ABBB3500][00000235AAB49180 49] IOS, [00000235ABB5BF00][00000235AAB4D300 49] iPadAir, [00000235ABB5FB00][00000235AAB51480 49] iPadAir2, [00000235ABB0C500][00000235AAB59740 49] IPadPro, [00000235ABB0C600][00000235AAB55780 49] iPadAir3, [00000235ABB58100][00000235AAB5D900 49] iPadAir4, [00000235ABB0EC00][00000235AAB61A80 49] iPadMini2, [00000235ABB5A500][00000235AAB65C00 49] iPadMini3, [00000235ABB0F400][00000235AAB68200 49] iPadMini4, [00000235ABB58F00][00000235AAB6C380 49] iPadMini5, [00000235ABB0BE00][00000235AAB74640 49] iPhone6, [00000235ABB0BF00][00000235AAB70680 49] iPodTouch6, [00000235ABBB3900][00000235AAB7C940 49] iPhone7, [00000235ABBB2100][00000235AAB78980 49] iPodTouch7, [00000235ABB08400][00000235AAB38AC0 49] iPhone5S, [00000235ABB0FD00][00000235AAB80C00 49] iPhone6Plus, [00000235ABBB3400][00000235AAB84D40 49] iPhone6S, [00000235ABB0E000][00000235AAB8CEC0 49] iPhone6SPlus, [00000235ABBB0900][00000235AAB91040 49] iPhone7Plus, [00000235ABB0CE00][00000235AAB951C0 49] iPhoneSE, [00000235ABBB0200][00000235AAB99340 49] iPhone8, [00000235ABB0E400][00000235AAB9D4C0 49] iPhone8Plus, [00000235ABBB1E00][00000235AABA1640 49] iPhoneX, [00000235ABB0FE00][00000235AABA57C0 49] iPhoneXS, [00000235ABBB1600][00000235AABA9940 49] iPhoneXSMax, [00000235ABB0E500][00000235AABADAC0 49] iPhoneXR, [00000235ABBB2A00][00000235AABB00C0 49] iPhone11, [00000235ABB0FA00][00000235AABB4240 49] iPhone11Pro, [00000235ABBB0F00][00000235AABB83C0 49] iPhone11ProMax, [00000235ABB0E300][00000235AABBC540 49] iPhoneSE2, [00000235ABBB2700][00000235AABC06C0 49] iPhone12Mini, [00000235ABB0C700][00000235AABC4840 49] iPhone12, [00000235ABBB3100][000002359B2E09C0 49] iPhone12Pro, [00000235ABB0F500][000002359B2E4B40 49] iPhone12ProMax, [00000235ABBB0800][00000235AAB88C80 49] iPadPro105, [00000235ABB0DC00][000002359B2E8DC0 49] iPadPro129, [00000235ABBB0300][000002359B2ECF00 49] iPadPro97, [00000235ABB0DD00][000002359B2F5080 49] iPadPro2_129, [00000235ABBB0C00][000002359B2F9200 49] iPad5, [00000235ABB0F000][000002359B2FD380 49] iPad6, [00000235ABBB2C00][000002359B301500 49] iPad7, [00000235ABB0EE00][000002359B305680 49] iPad8, [00000235ABBB1800][000002359B309800 49] iPadPro11, [00000235ABB0DB00][00000235ABBF1980 49] iPadPro2_11, [00000235ABBB1500][00000235ABBF5B00 49] iPadPro3_129, [00000235ABB0E700][00000235ABBF8100 49] iPadPro4_129, [00000235ABBB0100][00000235ABBFC280 49] AppleTV, [00000235ABB0EB00][00000235ABC00400 49] AppleTV4K, [00000235ABBB1B00][00000235ABC04580 49] TVOS, [00000235ABB0C900][00000235ABC08700 49] Mac, [00000235ABBB1700][00000235ABC0C880 49] MacClient, [00000235ABB0EF00][00000235ABC10A00 49] MacNoEditor, [00000235ABBB0D00][00000235ABC14B80 49] MacServer, [00000235ABB0C300][00000235ABC18D00 49] Linux, [00000235ABBB2E00][000002359B2F0E40 49] LinuxAArch64, [00000235ABB0D500][00000235ABC1CF80 49] LinuxNoEditor, [00000235ABBB2400][00000235ABC210C0 49] LinuxAArch64NoEditor, [00000235ABB0C200][00000235ABC29240 49] LinuxClient, [00000235ABBB2D00][00000235ABC2D3C0 49] LinuxAArch64Client, [00000235ABB0CC00][00000235ABC31540 49] LinuxServer, [00000235ABBB0400][00000235ABC356C0 49] LinuxAArch64Server, [00000235ABB0D000][00000235ABC39840 49] Android, [00000235ABB5B900][00000235ABC3D9C0 49] Android_Low, [00000235ABB09B00][00000235ABC41B40 49] Android_Mid, [00000235ABB5B000][00000235ABC44140 49] Android_High, [00000235ABB0A300][00000235ABC482C0 49] Android_Default, [00000235ABB5A000][00000235ABC4C440 49] Android_Adreno4xx, [00000235ABB08100][00000235ABC505C0 49] Android_Adreno5xx_Low, [00000235ABB58B00][00000235ABC54740 49] Android_Adreno5xx, [00000235ABB09800][00000235ABC588C0 49] Android_Adreno6xx, [00000235ABB59100][00000235ABC5CA40 49] Android_Adreno6xx_Vulkan, [00000235ABB08800][00000235ABC60BC0 49] Android_Mali_T6xx, [00000235ABB5B600][00000235ABC64D40 49] Android_Mali_T7xx, [00000235ABB08D00][00000235ABC68EC0 49] Android_Mali_T8xx, [00000235ABB5BC00][00000235ABC25000 49] Android_Mali_G71, [00000235ABB09500][00000235ABC6D140 49] Android_Mali_G72, [00000235ABB5BE00][00000235ABC71280 49] Android_Mali_G72_Vulkan, [00000235ABB0BD00][00000235ABC753C0 49] Android_Mali_G76, [00000235ABB5BA00][00000235ABC7D540 49] Android_Mali_G76_Vulkan, [00000235ABB0B600][00000235ABC816C0 49] Android_Mali_G77, [00000235ABB5A200][00000235ABC85840 49] Android_Mali_G77_Vulkan, [00000235ABB09200][00000235ABC899C0 49] Android_Mali_G78, [00000235ABB58A00][00000235ABC8DB40 49] Android_Mali_G78_Vulkan, [00000235ABB0B000][00000235ABC90140 49] Android_Mali_G710, [00000235ABB59400][00000235ABC942C0 49] Android_Mali_G710_Vulkan, [00000235ABB08700][00000235ABC98440 49] Android_Vulkan_SM5, [00000235ABB59800][00000235ABC9C5C0 49] Android_PowerVR_G6xxx, [00000235ABB08E00][00000235ABCA0740 49] Android_PowerVR_GT7xxx, [00000235ABB58200][00000235ABCA48C0 49] Android_PowerVR_GE8xxx, [00000235ABB08600][00000235ABCA8A40 49] Android_PowerVR_GM9xxx, [00000235ABB5A600][00000235ABCACBC0 49] Android_PowerVR_GM9xxx_Vulkan, [00000235ABB0CF00][00000235ABCB0D40 49] Android_TegraK1, [00000235ABB5AA00][00000235ABCB4EC0 49] Android_Unknown_Vulkan, [00000235ABB0CD00][00000235ABCB9040 49] Lumin, [00000235ABB59200][00000235ABC79180 49] Lumin_Desktop, [00000235ABB0CB00][00000235ABCBD2C0 49] HoloLens, 
[2022.08.30-00.39.09:822][  0]LogMeshReduction: Using QuadricMeshReduction for automatic static mesh reduction
[2022.08.30-00.39.09:822][  0]LogMeshReduction: Using SimplygonMeshReduction for automatic skeletal mesh reduction
[2022.08.30-00.39.09:822][  0]LogMeshReduction: Using ProxyLODMeshReduction for automatic mesh merging
[2022.08.30-00.39.09:822][  0]LogMeshReduction: No distributed automatic mesh merging module available
[2022.08.30-00.39.09:822][  0]LogMeshMerging: No distributed automatic mesh merging module available
[2022.08.30-00.39.09:925][  0]LogNetVersion: UnrealTeamProject 1.0.0, NetCL: 17155196, EngineNetVer: 17, GameNetVer: 0 (Checksum: 609421837)
[2022.08.30-00.39.11:010][  0]LogTexture: Default maximum texture size for cubemaps generated from long-lat sources has been changed from 512 to unlimited. In order to preserve old behaiour for '/Engine/MapTemplates/Sky/DaylightAmbientCubemap.DaylightAmbientCubemap', its maximum texture size has been explicitly set to 512.
[2022.08.30-00.39.11:170][  0]LogHMD: PokeAHoleMaterial loaded successfully
[2022.08.30-00.39.11:186][  0]LogUObjectArray: 17178 objects as part of root set at end of initial load.
[2022.08.30-00.39.11:187][  0]LogUObjectAllocator: 4302048 out of 0 bytes used by permanent object pool.
[2022.08.30-00.39.11:187][  0]LogUObjectArray: CloseDisregardForGC: 0/0 objects in disregard for GC pool
[2022.08.30-00.39.12:555][  0]LogNiagaraDebuggerClient: Niagara Debugger Client Initialized | Session: DAD56EA74E8C9D8EF455EFB61BAF7A0E | Instance: B21E099B4A254CEECEE7519CFC0914C5 (DESKTOP-1ADEDOS-12008).
[2022.08.30-00.39.13:758][  0]LogTcpMessaging: Initializing TcpMessaging bridge
[2022.08.30-00.39.13:792][  0]LogUdpMessaging: Initializing bridge on interface 0.0.0.0:0 to multicast group 230.0.0.1:6666.
[2022.08.30-00.39.13:874][  0]LogPython: Using Python 3.7.7
[2022.08.30-00.39.15:834][  0]SourceControl: 소스 컨트롤이 꺼졌습니다.
[2022.08.30-00.39.15:834][  0]SourceControl: 소스 컨트롤이 꺼졌습니다.
[2022.08.30-00.39.15:873][  0]SourceControl: 소스 컨트롤이 꺼졌습니다.
[2022.08.30-00.39.15:912][  0]SourceControl: 소스 컨트롤이 꺼졌습니다.
[2022.08.30-00.39.15:940][  0]SourceControl: 소스 컨트롤이 꺼졌습니다.
[2022.08.30-00.39.16:034][  0]LogUProjectInfo: Found projects:
[2022.08.30-00.39.16:850][  0]LogOpenImageDenoise: OIDN starting up
[2022.08.30-00.39.16:942][  0]LogAndroidPermission: UAndroidPermissionCallbackProxy::GetInstance
[2022.08.30-00.39.17:071][  0]LogAudioCaptureCore: Display: No Audio Capture implementations found. Audio input will be silent.
[2022.08.30-00.39.17:071][  0]LogAudioCaptureCore: Display: No Audio Capture implementations found. Audio input will be silent.
[2022.08.30-00.39.17:437][  0]LogCollectionManager: Loaded 0 collections in 0.003115 seconds
[2022.08.30-00.39.17:450][  0]LogFileCache: Scanning file cache for directory 'C:/Work/TeamProject/UnrealTeam/UnrealTeamProject/Saved/Collections/' took 0.00s
[2022.08.30-00.39.17:450][  0]LogFileCache: Scanning file cache for directory 'C:/Work/TeamProject/UnrealTeam/UnrealTeamProject/Content/Developers/yssy5/Collections/' took 0.00s
[2022.08.30-00.39.17:450][  0]LogFileCache: Scanning file cache for directory 'C:/Work/TeamProject/UnrealTeam/UnrealTeamProject/Content/Collections/' took 0.00s
[2022.08.30-00.39.17:533][  0]LogOcInput: OculusInput pre-init called
[2022.08.30-00.39.18:014][  0]LogClass: Display: IntProperty FRegisteredDeviceInfo::Handle is not initialized properly. Module:RawInput File:Public/RawInputFunctionLibrary.h
[2022.08.30-00.39.18:014][  0]LogClass: Display: IntProperty FRegisteredDeviceInfo::VendorID is not initialized properly. Module:RawInput File:Public/RawInputFunctionLibrary.h
[2022.08.30-00.39.18:014][  0]LogClass: Display: IntProperty FRegisteredDeviceInfo::ProductID is not initialized properly. Module:RawInput File:Public/RawInputFunctionLibrary.h
[2022.08.30-00.39.18:016][  0]LogClass: Display: 3 Uninitialized script struct members found including 0 object properties
[2022.08.30-00.39.18:027][  0]LogEngine: Initializing Engine...
[2022.08.30-00.39.18:079][  0]LogHMD: Failed to enumerate extensions. Please check that you have a valid OpenXR runtime installed.
[2022.08.30-00.39.18:080][  0]LogHMD: Failed to initialize OpenVR with code 110
[2022.08.30-00.39.18:080][  0]LogMagicLeap: Warning: VR disabled because ZI is not enabled.  To enable, in the editor, Edit -> Project Settings -> Plugins -> Magic Leap Plugin -> Enable Zero Iteration
[2022.08.30-00.39.18:093][  0]LogStats: UGameplayTagsManager::InitializeManager -  0.003 s
[2022.08.30-00.39.18:253][  0]LogInit: Initializing FReadOnlyCVARCache
[2022.08.30-00.39.18:348][  0]LogAIModule: Creating AISystem for world Untitled
[2022.08.30-00.39.18:366][  0]LogAudio: Display: Initializing Audio Device Manager...
[2022.08.30-00.39.18:385][  0]LogAudio: Display: Loading Default Audio Settings Objects...
[2022.08.30-00.39.18:386][  0]LogAudio: Display: No default SoundConcurrencyObject specified (or failed to load).
[2022.08.30-00.39.18:391][  0]LogAudio: Display: Audio Device Manager Initialized
[2022.08.30-00.39.18:391][  0]LogAudio: Display: Creating Audio Device:                 Id: 1, Scope: Shared, Realtime: True
[2022.08.30-00.39.18:393][  0]LogAudioMixer: Display: Audio Mixer Platform Settings:
[2022.08.30-00.39.18:393][  0]LogAudioMixer: Display: 	Sample Rate:						  48000
[2022.08.30-00.39.18:393][  0]LogAudioMixer: Display: 	Callback Buffer Frame Size Requested: 1024
[2022.08.30-00.39.18:393][  0]LogAudioMixer: Display: 	Callback Buffer Frame Size To Use:	  1024
[2022.08.30-00.39.18:393][  0]LogAudioMixer: Display: 	Number of buffers to queue:			  2
[2022.08.30-00.39.18:393][  0]LogAudioMixer: Display: 	Max Channels (voices):				  32
[2022.08.30-00.39.18:393][  0]LogAudioMixer: Display: 	Number of Async Source Workers:		  0
[2022.08.30-00.39.18:394][  0]LogAudio: Display: AudioDevice MaxSources: 32
[2022.08.30-00.39.18:399][  0]LogAudio: Display: Audio Spatialization Plugin: None (built-in).
[2022.08.30-00.39.18:400][  0]LogAudio: Display: Audio Reverb Plugin: None (built-in).
[2022.08.30-00.39.18:400][  0]LogAudio: Display: Audio Occlusion Plugin: None (built-in).
[2022.08.30-00.39.18:400][  0]LogAudioMixer: Display: Initializing audio mixer.
[2022.08.30-00.39.18:452][  0]LogAudioMixer: Display: 0: FrontLeft
[2022.08.30-00.39.18:452][  0]LogAudioMixer: Display: 1: FrontRight
[2022.08.30-00.39.19:251][  0]LogAudioMixer: Display: Using Audio Device 스피커(Realtek(R) Audio)
[2022.08.30-00.39.19:256][  0]LogAudioMixer: Display: Initializing Sound Submixes...
[2022.08.30-00.39.19:258][  0]LogAudioMixer: Display: Creating Master Submix 'MasterSubmixDefault'
[2022.08.30-00.39.19:259][  0]LogAudioMixer: Display: Creating Master Submix 'MasterReverbSubmixDefault'
[2022.08.30-00.39.19:261][  0]LogAudioMixer: Display: Creating Master Submix 'MasterEQSubmixDefault'
[2022.08.30-00.39.19:263][  0]LogAudioMixer: FMixerPlatformXAudio2::StartAudioStream() called
[2022.08.30-00.39.19:263][  0]LogAudioMixer: Display: Output buffers initialized: Frames=1024, Channels=2, Samples=2048
[2022.08.30-00.39.19:263][  0]LogAudioMixer: Display: Starting AudioMixerPlatformInterface::RunInternal()
[2022.08.30-00.39.19:263][  0]LogAudioMixer: Display: FMixerPlatformXAudio2::SubmitBuffer() called for the first time
[2022.08.30-00.39.19:263][  0]LogInit: FAudioDevice initialized.
[2022.08.30-00.39.19:265][  0]LogAudio: Display: Audio Device (ID: 1) registered with world 'Untitled'.
[2022.08.30-00.39.19:268][  0]LogNetVersion: Set ProjectVersion to 1.0.0.0. Version Checksum will be recalculated on next use.
[2022.08.30-00.39.19:331][  0]LogDerivedDataCache: Saved boot cache 0.06s 94MB C:/Users/yssy5/AppData/Local/UnrealEngine/4.27/DerivedDataCache/Boot.ddc.
[2022.08.30-00.39.19:331][  0]LogInit: Texture streaming: Enabled
[2022.08.30-00.39.19:394][  0]LogAnalytics: Display: [UEEditor.Rocket.Release] APIServer = https://datarouter.ol.epicgames.com/. AppVersion = 4.27.2-18319896+++UE4+Release-4.27
[2022.08.30-00.39.19:414][  0]LogEngineSessionManager: EngineSessionManager initialized
[2022.08.30-00.39.19:415][  0]LogEditorSessionSummary: Verbose: Initializing EditorSessionSummaryWriter for editor session tracking
[2022.08.30-00.39.19:420][  0]LogEditorSessionSummary: EditorSessionSummaryWriter initialized
[2022.08.30-00.39.19:500][  0]LogInit: Transaction tracking system initialized
[2022.08.30-00.39.19:650][  0]BlueprintLog: New page: 에디터 로드
[2022.08.30-00.39.20:068][  0]LocalizationService: 현지화 서비스가 비활성화되었습니다.
[2022.08.30-00.39.20:238][  0]TimingProfiler: Initialize
[2022.08.30-00.39.20:240][  0]TimingProfiler: OnSessionChanged
[2022.08.30-00.39.20:242][  0]LoadingProfiler: Initialize
[2022.08.30-00.39.20:242][  0]LoadingProfiler: OnSessionChanged
[2022.08.30-00.39.20:242][  0]NetworkingProfiler: Initialize
[2022.08.30-00.39.20:243][  0]NetworkingProfiler: OnSessionChanged
[2022.08.30-00.39.20:243][  0]MemoryProfiler: Initialize
[2022.08.30-00.39.20:243][  0]MemoryProfiler: OnSessionChanged
[2022.08.30-00.39.20:629][  0]LogFileCache: Scanning file cache for directory 'C:/Work/TeamProject/UnrealTeam/UnrealTeamProject/Content/' took 0.00s
[2022.08.30-00.39.20:629][  0]LogCook: Display: CookSettings for Memory: MemoryMaxUsedVirtual 0MiB, MemoryMaxUsedPhysical 16384MiB, MemoryMinFreeVirtual 0MiB, MemoryMinFreePhysical 1024MiB
[2022.08.30-00.39.20:630][  0]LogCook: Display: Mobile HDR setting 1
[2022.08.30-00.39.21:731][  0]LogInit: Display: Engine is initialized. Leaving FEngineLoop::Init()
[2022.08.30-00.39.21:745][  0]SourceControl: 소스 컨트롤이 꺼졌습니다.
[2022.08.30-00.39.21:748][  0]LogUnrealEdMisc: Loading editor; pre map load, took 25.074
[2022.08.30-00.39.21:750][  0]Cmd: MAP LOAD FILE="../../../../../../Work/TeamProject/UnrealTeam/UnrealTeamProject/Content/VehicleAdvBP/Maps/VehicleAdvExampleMap.umap" TEMPLATE=0 SHOWPROGRESS=1 FEATURELEVEL=3
[2022.08.30-00.39.21:752][  0]LightingResults: New page: 라이팅 빌드
[2022.08.30-00.39.21:766][  0]LogWorld: UWorld::CleanupWorld for Untitled, bSessionEnded=true, bCleanupResources=true
[2022.08.30-00.39.21:771][  0]LogSlate: InvalidateAllWidgets triggered.  All widgets were invalidated
[2022.08.30-00.39.21:777][  0]MapCheck: New page: 맵 체크
[2022.08.30-00.39.21:777][  0]LightingResults: New page: 라이팅 빌드
[2022.08.30-00.39.21:798][  0]LogAudio: Display: Audio Device unregistered from world 'None'.
[2022.08.30-00.39.21:826][  0]LogUObjectHash: Compacting FUObjectHashTables data took   1.38ms
[2022.08.30-00.39.22:196][  0]LogTexture: Display: 텍스처 빌드: DeprecatedTextureE11BE2054D83D8A1F63FFE8A745134ED (BGRA8, 128X128)
[2022.08.30-00.39.22:202][  0]LogTexture: Display: 텍스처 빌드: DeprecatedTexture2A6234BC4215506C34E6C38A8159A6F3 (BGRA8, 128X128)
[2022.08.30-00.39.22:210][  0]LogTexture: Display: 텍스처 빌드: DeprecatedTexture9C712D874CE539F6C34BDC8FC549EE60 (BGRA8, 128X128)
[2022.08.30-00.39.22:328][  0]LogSkeletalMesh: Display: [AssetLog] C:\Work\TeamProject\UnrealTeam\UnrealTeamProject\Content\VehicleAdv\Vehicle\Vehicle_SkelMesh.uasset: Find and fix some bad tangent! please re-import this skeletal mesh asset to fix the issue. The shading of the skeletal mesh will be bad and faceted.
[2022.08.30-00.39.22:526][  0]LogShaderCompilers: Display: Submitted 1 shader compile jobs with 'Normal' priority
[2022.08.30-00.39.22:532][  0]LogShaderCompilers: Display: Submitted 1 shader compile jobs with 'Normal' priority
[2022.08.30-00.39.22:535][  0]LogAudio: Display: Audio Device (ID: 1) registered with world 'VehicleAdvExampleMap'.
[2022.08.30-00.39.22:537][  0]LogAIModule: Creating AISystem for world VehicleAdvExampleMap
[2022.08.30-00.39.22:719][  0]LogShaderCompilers: Display: Worker (1/5): shaders left to compile 2
[2022.08.30-00.39.22:719][  0]LogShaderCompilers: Display: Worker (2/5): shaders left to compile 1
[2022.08.30-00.39.22:719][  0]LogShaderCompilers: Display: Started 2 'Local' shader compile jobs with 'Normal' priority
[2022.08.30-00.39.22:784][  0]LogEditorServer: Finished looking for orphan Actors (0.000 secs)
[2022.08.30-00.39.22:828][  0]LogUObjectHash: Compacting FUObjectHashTables data took   1.80ms
[2022.08.30-00.39.22:832][  0]Cmd: MAP CHECKDEP NOCLEARLOG
[2022.08.30-00.39.22:832][  0]MapCheck: 맵 체크 완료: 오류 0 회, 경고 0 회, 소요 시간 0.533ms.
[2022.08.30-00.39.22:833][  0]LogFileHelpers: Loading map 'VehicleAdvExampleMap' took 1.085
[2022.08.30-00.39.22:895][  0]LogUnrealEdMisc: Total Editor Startup Time, took 26.222
[2022.08.30-00.39.23:152][  0]LogSlate: Updating window title bar state: overlay mode, drag disabled, window buttons hidden, title bar hidden
[2022.08.30-00.39.23:162][  0]LogSlate: Updating window title bar state: overlay mode, drag disabled, window buttons hidden, title bar hidden
[2022.08.30-00.39.23:169][  0]LogSlate: Updating window title bar state: overlay mode, drag disabled, window buttons hidden, title bar hidden
[2022.08.30-00.39.23:180][  0]LogSlate: Updating window title bar state: overlay mode, drag disabled, window buttons hidden, title bar hidden
[2022.08.30-00.39.23:239][  0]LogNativeClassHierarchy: Verbose: Native class hierarchy populated in 0.0087 seconds. Added 3824 classes and 931 folders.
[2022.08.30-00.39.23:251][  0]LogNativeClassHierarchy: Verbose: Native class hierarchy updated for 'WidgetCarousel' in 0.0003 seconds. Added 0 classes and 0 folders.
[2022.08.30-00.39.23:266][  0]LogPakFile: PakFile PrimaryIndexSize=187
[2022.08.30-00.39.23:266][  0]LogPakFile: PakFile PathHashIndexSize=101
[2022.08.30-00.39.23:266][  0]LogPakFile: PakFile FullDirectoryIndexSize=148
[2022.08.30-00.39.23:268][  0]LogShaderLibrary: Display: ShaderCodeLibraryPakFileMountedCallback: PakFile 'C:/Program Files/Epic Games/UE_4.27/FeaturePacks/FP_FirstPerson.upack' (chunk index -1, root 'root:/') mounted
[2022.08.30-00.39.23:268][  0]LogShaderLibrary: Display: ShaderCodeLibraryPakFileMountedCallback: pending pak file info (ChunkID:-1 Root:root:/ File:C:/Program Files/Epic Games/UE_4.27/FeaturePacks/FP_FirstPerson.upack)
[2022.08.30-00.39.23:268][  0]LogPakFile: OnPakFileMounted2Time == 0.001573
[2022.08.30-00.39.23:279][  0]LogPakFile: PakFile PrimaryIndexSize=189
[2022.08.30-00.39.23:279][  0]LogPakFile: PakFile PathHashIndexSize=101
[2022.08.30-00.39.23:279][  0]LogPakFile: PakFile FullDirectoryIndexSize=152
[2022.08.30-00.39.23:279][  0]LogShaderLibrary: Display: ShaderCodeLibraryPakFileMountedCallback: PakFile 'C:/Program Files/Epic Games/UE_4.27/FeaturePacks/FP_FirstPersonBP.upack' (chunk index -1, root 'root:/') mounted
[2022.08.30-00.39.23:279][  0]LogShaderLibrary: Display: ShaderCodeLibraryPakFileMountedCallback: pending pak file info (ChunkID:-1 Root:root:/ File:C:/Program Files/Epic Games/UE_4.27/FeaturePacks/FP_FirstPersonBP.upack)
[2022.08.30-00.39.23:279][  0]LogPakFile: OnPakFileMounted2Time == 0.000056
[2022.08.30-00.39.23:284][  0]LogPakFile: PakFile PrimaryIndexSize=191
[2022.08.30-00.39.23:284][  0]LogPakFile: PakFile PathHashIndexSize=101
[2022.08.30-00.39.23:284][  0]LogPakFile: PakFile FullDirectoryIndexSize=160
[2022.08.30-00.39.23:284][  0]LogShaderLibrary: Display: ShaderCodeLibraryPakFileMountedCallback: PakFile 'C:/Program Files/Epic Games/UE_4.27/FeaturePacks/MobileStarterContent.upack' (chunk index -1, root 'root:/') mounted
[2022.08.30-00.39.23:284][  0]LogShaderLibrary: Display: ShaderCodeLibraryPakFileMountedCallback: pending pak file info (ChunkID:-1 Root:root:/ File:C:/Program Files/Epic Games/UE_4.27/FeaturePacks/MobileStarterContent.upack)
[2022.08.30-00.39.23:284][  0]LogPakFile: OnPakFileMounted2Time == 0.000036
[2022.08.30-00.39.23:289][  0]LogPakFile: PakFile PrimaryIndexSize=185
[2022.08.30-00.39.23:289][  0]LogPakFile: PakFile PathHashIndexSize=101
[2022.08.30-00.39.23:289][  0]LogPakFile: PakFile FullDirectoryIndexSize=148
[2022.08.30-00.39.23:289][  0]LogShaderLibrary: Display: ShaderCodeLibraryPakFileMountedCallback: PakFile 'C:/Program Files/Epic Games/UE_4.27/FeaturePacks/StarterContent.upack' (chunk index -1, root 'root:/') mounted
[2022.08.30-00.39.23:290][  0]LogShaderLibrary: Display: ShaderCodeLibraryPakFileMountedCallback: pending pak file info (ChunkID:-1 Root:root:/ File:C:/Program Files/Epic Games/UE_4.27/FeaturePacks/StarterContent.upack)
[2022.08.30-00.39.23:290][  0]LogPakFile: OnPakFileMounted2Time == 0.000039
[2022.08.30-00.39.23:296][  0]LogPakFile: PakFile PrimaryIndexSize=190
[2022.08.30-00.39.23:296][  0]LogPakFile: PakFile PathHashIndexSize=101
[2022.08.30-00.39.23:296][  0]LogPakFile: PakFile FullDirectoryIndexSize=154
[2022.08.30-00.39.23:296][  0]LogShaderLibrary: Display: ShaderCodeLibraryPakFileMountedCallback: PakFile 'C:/Program Files/Epic Games/UE_4.27/FeaturePacks/TP_2DSideScroller.upack' (chunk index -1, root 'root:/') mounted
[2022.08.30-00.39.23:296][  0]LogShaderLibrary: Display: ShaderCodeLibraryPakFileMountedCallback: pending pak file info (ChunkID:-1 Root:root:/ File:C:/Program Files/Epic Games/UE_4.27/FeaturePacks/TP_2DSideScroller.upack)
[2022.08.30-00.39.23:296][  0]LogPakFile: OnPakFileMounted2Time == 0.000048
[2022.08.30-00.39.23:301][  0]LogPakFile: PakFile PrimaryIndexSize=192
[2022.08.30-00.39.23:301][  0]LogPakFile: PakFile PathHashIndexSize=101
[2022.08.30-00.39.23:301][  0]LogPakFile: PakFile FullDirectoryIndexSize=158
[2022.08.30-00.39.23:301][  0]LogShaderLibrary: Display: ShaderCodeLibraryPakFileMountedCallback: PakFile 'C:/Program Files/Epic Games/UE_4.27/FeaturePacks/TP_2DSideScrollerBP.upack' (chunk index -1, root 'root:/') mounted
[2022.08.30-00.39.23:301][  0]LogShaderLibrary: Display: ShaderCodeLibraryPakFileMountedCallback: pending pak file info (ChunkID:-1 Root:root:/ File:C:/Program Files/Epic Games/UE_4.27/FeaturePacks/TP_2DSideScrollerBP.upack)
[2022.08.30-00.39.23:301][  0]LogPakFile: OnPakFileMounted2Time == 0.000040
[2022.08.30-00.39.23:306][  0]LogPakFile: PakFile PrimaryIndexSize=182
[2022.08.30-00.39.23:306][  0]LogPakFile: PakFile PathHashIndexSize=101
[2022.08.30-00.39.23:306][  0]LogPakFile: PakFile FullDirectoryIndexSize=138
[2022.08.30-00.39.23:307][  0]LogShaderLibrary: Display: ShaderCodeLibraryPakFileMountedCallback: PakFile 'C:/Program Files/Epic Games/UE_4.27/FeaturePacks/TP_Flying.upack' (chunk index -1, root 'root:/') mounted
[2022.08.30-00.39.23:307][  0]LogShaderLibrary: Display: ShaderCodeLibraryPakFileMountedCallback: pending pak file info (ChunkID:-1 Root:root:/ File:C:/Program Files/Epic Games/UE_4.27/FeaturePacks/TP_Flying.upack)
[2022.08.30-00.39.23:307][  0]LogPakFile: OnPakFileMounted2Time == 0.000037
[2022.08.30-00.39.23:313][  0]LogPakFile: PakFile PrimaryIndexSize=184
[2022.08.30-00.39.23:313][  0]LogPakFile: PakFile PathHashIndexSize=101
[2022.08.30-00.39.23:313][  0]LogPakFile: PakFile FullDirectoryIndexSize=142
[2022.08.30-00.39.23:313][  0]LogShaderLibrary: Display: ShaderCodeLibraryPakFileMountedCallback: PakFile 'C:/Program Files/Epic Games/UE_4.27/FeaturePacks/TP_FlyingBP.upack' (chunk index -1, root 'root:/') mounted
[2022.08.30-00.39.23:313][  0]LogShaderLibrary: Display: ShaderCodeLibraryPakFileMountedCallback: pending pak file info (ChunkID:-1 Root:root:/ File:C:/Program Files/Epic Games/UE_4.27/FeaturePacks/TP_FlyingBP.upack)
[2022.08.30-00.39.23:313][  0]LogPakFile: OnPakFileMounted2Time == 0.000037
[2022.08.30-00.39.23:321][  0]LogPakFile: PakFile PrimaryIndexSize=188
[2022.08.30-00.39.23:321][  0]LogPakFile: PakFile PathHashIndexSize=101
[2022.08.30-00.39.23:321][  0]LogPakFile: PakFile FullDirectoryIndexSize=150
[2022.08.30-00.39.23:321][  0]LogShaderLibrary: Display: ShaderCodeLibraryPakFileMountedCallback: PakFile 'C:/Program Files/Epic Games/UE_4.27/FeaturePacks/TP_HandheldARBP.upack' (chunk index -1, root 'root:/') mounted
[2022.08.30-00.39.23:321][  0]LogShaderLibrary: Display: ShaderCodeLibraryPakFileMountedCallback: pending pak file info (ChunkID:-1 Root:root:/ File:C:/Program Files/Epic Games/UE_4.27/FeaturePacks/TP_HandheldARBP.upack)
[2022.08.30-00.39.23:321][  0]LogPakFile: OnPakFileMounted2Time == 0.000074
[2022.08.30-00.39.23:330][  0]LogPakFile: PakFile PrimaryIndexSize=182
[2022.08.30-00.39.23:330][  0]LogPakFile: PakFile PathHashIndexSize=101
[2022.08.30-00.39.23:330][  0]LogPakFile: PakFile FullDirectoryIndexSize=138
[2022.08.30-00.39.23:330][  0]LogShaderLibrary: Display: ShaderCodeLibraryPakFileMountedCallback: PakFile 'C:/Program Files/Epic Games/UE_4.27/FeaturePacks/TP_Puzzle.upack' (chunk index -1, root 'root:/') mounted
[2022.08.30-00.39.23:330][  0]LogShaderLibrary: Display: ShaderCodeLibraryPakFileMountedCallback: pending pak file info (ChunkID:-1 Root:root:/ File:C:/Program Files/Epic Games/UE_4.27/FeaturePacks/TP_Puzzle.upack)
[2022.08.30-00.39.23:330][  0]LogPakFile: OnPakFileMounted2Time == 0.000049
[2022.08.30-00.39.23:336][  0]LogPakFile: PakFile PrimaryIndexSize=184
[2022.08.30-00.39.23:336][  0]LogPakFile: PakFile PathHashIndexSize=101
[2022.08.30-00.39.23:336][  0]LogPakFile: PakFile FullDirectoryIndexSize=142
[2022.08.30-00.39.23:336][  0]LogShaderLibrary: Display: ShaderCodeLibraryPakFileMountedCallback: PakFile 'C:/Program Files/Epic Games/UE_4.27/FeaturePacks/TP_PuzzleBP.upack' (chunk index -1, root 'root:/') mounted
[2022.08.30-00.39.23:336][  0]LogShaderLibrary: Display: ShaderCodeLibraryPakFileMountedCallback: pending pak file info (ChunkID:-1 Root:root:/ File:C:/Program Files/Epic Games/UE_4.27/FeaturePacks/TP_PuzzleBP.upack)
[2022.08.30-00.39.23:336][  0]LogPakFile: OnPakFileMounted2Time == 0.000038
[2022.08.30-00.39.23:342][  0]LogPakFile: PakFile PrimaryIndexSize=183
[2022.08.30-00.39.23:343][  0]LogPakFile: PakFile PathHashIndexSize=101
[2022.08.30-00.39.23:343][  0]LogPakFile: PakFile FullDirectoryIndexSize=140
[2022.08.30-00.39.23:343][  0]LogShaderLibrary: Display: ShaderCodeLibraryPakFileMountedCallback: PakFile 'C:/Program Files/Epic Games/UE_4.27/FeaturePacks/TP_Rolling.upack' (chunk index -1, root 'root:/') mounted
[2022.08.30-00.39.23:343][  0]LogShaderLibrary: Display: ShaderCodeLibraryPakFileMountedCallback: pending pak file info (ChunkID:-1 Root:root:/ File:C:/Program Files/Epic Games/UE_4.27/FeaturePacks/TP_Rolling.upack)
[2022.08.30-00.39.23:343][  0]LogPakFile: OnPakFileMounted2Time == 0.000039
[2022.08.30-00.39.23:349][  0]LogPakFile: PakFile PrimaryIndexSize=185
[2022.08.30-00.39.23:349][  0]LogPakFile: PakFile PathHashIndexSize=101
[2022.08.30-00.39.23:349][  0]LogPakFile: PakFile FullDirectoryIndexSize=144
[2022.08.30-00.39.23:349][  0]LogShaderLibrary: Display: ShaderCodeLibraryPakFileMountedCallback: PakFile 'C:/Program Files/Epic Games/UE_4.27/FeaturePacks/TP_RollingBP.upack' (chunk index -1, root 'root:/') mounted
[2022.08.30-00.39.23:349][  0]LogShaderLibrary: Display: ShaderCodeLibraryPakFileMountedCallback: pending pak file info (ChunkID:-1 Root:root:/ File:C:/Program Files/Epic Games/UE_4.27/FeaturePacks/TP_RollingBP.upack)
[2022.08.30-00.39.23:349][  0]LogPakFile: OnPakFileMounted2Time == 0.000036
[2022.08.30-00.39.23:354][  0]LogPakFile: PakFile PrimaryIndexSize=188
[2022.08.30-00.39.23:354][  0]LogPakFile: PakFile PathHashIndexSize=101
[2022.08.30-00.39.23:354][  0]LogPakFile: PakFile FullDirectoryIndexSize=150
[2022.08.30-00.39.23:354][  0]LogShaderLibrary: Display: ShaderCodeLibraryPakFileMountedCallback: PakFile 'C:/Program Files/Epic Games/UE_4.27/FeaturePacks/TP_SideScroller.upack' (chunk index -1, root 'root:/') mounted
[2022.08.30-00.39.23:354][  0]LogShaderLibrary: Display: ShaderCodeLibraryPakFileMountedCallback: pending pak file info (ChunkID:-1 Root:root:/ File:C:/Program Files/Epic Games/UE_4.27/FeaturePacks/TP_SideScroller.upack)
[2022.08.30-00.39.23:354][  0]LogPakFile: OnPakFileMounted2Time == 0.000035
[2022.08.30-00.39.23:359][  0]LogPakFile: PakFile PrimaryIndexSize=190
[2022.08.30-00.39.23:359][  0]LogPakFile: PakFile PathHashIndexSize=101
[2022.08.30-00.39.23:359][  0]LogPakFile: PakFile FullDirectoryIndexSize=154
[2022.08.30-00.39.23:359][  0]LogShaderLibrary: Display: ShaderCodeLibraryPakFileMountedCallback: PakFile 'C:/Program Files/Epic Games/UE_4.27/FeaturePacks/TP_SideScrollerBP.upack' (chunk index -1, root 'root:/') mounted
[2022.08.30-00.39.23:359][  0]LogShaderLibrary: Display: ShaderCodeLibraryPakFileMountedCallback: pending pak file info (ChunkID:-1 Root:root:/ File:C:/Program Files/Epic Games/UE_4.27/FeaturePacks/TP_SideScrollerBP.upack)
[2022.08.30-00.39.23:359][  0]LogPakFile: OnPakFileMounted2Time == 0.000042
[2022.08.30-00.39.23:365][  0]LogPakFile: PakFile PrimaryIndexSize=187
[2022.08.30-00.39.23:365][  0]LogPakFile: PakFile PathHashIndexSize=101
[2022.08.30-00.39.23:365][  0]LogPakFile: PakFile FullDirectoryIndexSize=148
[2022.08.30-00.39.23:365][  0]LogShaderLibrary: Display: ShaderCodeLibraryPakFileMountedCallback: PakFile 'C:/Program Files/Epic Games/UE_4.27/FeaturePacks/TP_ThirdPerson.upack' (chunk index -1, root 'root:/') mounted
[2022.08.30-00.39.23:365][  0]LogShaderLibrary: Display: ShaderCodeLibraryPakFileMountedCallback: pending pak file info (ChunkID:-1 Root:root:/ File:C:/Program Files/Epic Games/UE_4.27/FeaturePacks/TP_ThirdPerson.upack)
[2022.08.30-00.39.23:365][  0]LogPakFile: OnPakFileMounted2Time == 0.000038
[2022.08.30-00.39.23:370][  0]LogPakFile: PakFile PrimaryIndexSize=189
[2022.08.30-00.39.23:370][  0]LogPakFile: PakFile PathHashIndexSize=101
[2022.08.30-00.39.23:370][  0]LogPakFile: PakFile FullDirectoryIndexSize=152
[2022.08.30-00.39.23:370][  0]LogShaderLibrary: Display: ShaderCodeLibraryPakFileMountedCallback: PakFile 'C:/Program Files/Epic Games/UE_4.27/FeaturePacks/TP_ThirdPersonBP.upack' (chunk index -1, root 'root:/') mounted
[2022.08.30-00.39.23:370][  0]LogShaderLibrary: Display: ShaderCodeLibraryPakFileMountedCallback: pending pak file info (ChunkID:-1 Root:root:/ File:C:/Program Files/Epic Games/UE_4.27/FeaturePacks/TP_ThirdPersonBP.upack)
[2022.08.30-00.39.23:370][  0]LogPakFile: OnPakFileMounted2Time == 0.000033
[2022.08.30-00.39.23:375][  0]LogPakFile: PakFile PrimaryIndexSize=183
[2022.08.30-00.39.23:375][  0]LogPakFile: PakFile PathHashIndexSize=101
[2022.08.30-00.39.23:375][  0]LogPakFile: PakFile FullDirectoryIndexSize=140
[2022.08.30-00.39.23:375][  0]LogShaderLibrary: Display: ShaderCodeLibraryPakFileMountedCallback: PakFile 'C:/Program Files/Epic Games/UE_4.27/FeaturePacks/TP_TopDown.upack' (chunk index -1, root 'root:/') mounted
[2022.08.30-00.39.23:375][  0]LogShaderLibrary: Display: ShaderCodeLibraryPakFileMountedCallback: pending pak file info (ChunkID:-1 Root:root:/ File:C:/Program Files/Epic Games/UE_4.27/FeaturePacks/TP_TopDown.upack)
[2022.08.30-00.39.23:375][  0]LogPakFile: OnPakFileMounted2Time == 0.000044
[2022.08.30-00.39.23:381][  0]LogPakFile: PakFile PrimaryIndexSize=185
[2022.08.30-00.39.23:381][  0]LogPakFile: PakFile PathHashIndexSize=101
[2022.08.30-00.39.23:381][  0]LogPakFile: PakFile FullDirectoryIndexSize=144
[2022.08.30-00.39.23:381][  0]LogShaderLibrary: Display: ShaderCodeLibraryPakFileMountedCallback: PakFile 'C:/Program Files/Epic Games/UE_4.27/FeaturePacks/TP_TopDownBP.upack' (chunk index -1, root 'root:/') mounted
[2022.08.30-00.39.23:381][  0]LogShaderLibrary: Display: ShaderCodeLibraryPakFileMountedCallback: pending pak file info (ChunkID:-1 Root:root:/ File:C:/Program Files/Epic Games/UE_4.27/FeaturePacks/TP_TopDownBP.upack)
[2022.08.30-00.39.23:381][  0]LogPakFile: OnPakFileMounted2Time == 0.000039
[2022.08.30-00.39.23:389][  0]LogPakFile: PakFile PrimaryIndexSize=185
[2022.08.30-00.39.23:389][  0]LogPakFile: PakFile PathHashIndexSize=101
[2022.08.30-00.39.23:389][  0]LogPakFile: PakFile FullDirectoryIndexSize=144
[2022.08.30-00.39.23:389][  0]LogShaderLibrary: Display: ShaderCodeLibraryPakFileMountedCallback: PakFile 'C:/Program Files/Epic Games/UE_4.27/FeaturePacks/TP_TwinStick.upack' (chunk index -1, root 'root:/') mounted
[2022.08.30-00.39.23:389][  0]LogShaderLibrary: Display: ShaderCodeLibraryPakFileMountedCallback: pending pak file info (ChunkID:-1 Root:root:/ File:C:/Program Files/Epic Games/UE_4.27/FeaturePacks/TP_TwinStick.upack)
[2022.08.30-00.39.23:389][  0]LogPakFile: OnPakFileMounted2Time == 0.000036
[2022.08.30-00.39.23:394][  0]LogPakFile: PakFile PrimaryIndexSize=187
[2022.08.30-00.39.23:394][  0]LogPakFile: PakFile PathHashIndexSize=101
[2022.08.30-00.39.23:394][  0]LogPakFile: PakFile FullDirectoryIndexSize=148
[2022.08.30-00.39.23:394][  0]LogShaderLibrary: Display: ShaderCodeLibraryPakFileMountedCallback: PakFile 'C:/Program Files/Epic Games/UE_4.27/FeaturePacks/TP_TwinStickBP.upack' (chunk index -1, root 'root:/') mounted
[2022.08.30-00.39.23:394][  0]LogShaderLibrary: Display: ShaderCodeLibraryPakFileMountedCallback: pending pak file info (ChunkID:-1 Root:root:/ File:C:/Program Files/Epic Games/UE_4.27/FeaturePacks/TP_TwinStickBP.upack)
[2022.08.30-00.39.23:394][  0]LogPakFile: OnPakFileMounted2Time == 0.000047
[2022.08.30-00.39.23:400][  0]LogPakFile: PakFile PrimaryIndexSize=183
[2022.08.30-00.39.23:400][  0]LogPakFile: PakFile PathHashIndexSize=101
[2022.08.30-00.39.23:400][  0]LogPakFile: PakFile FullDirectoryIndexSize=140
[2022.08.30-00.39.23:400][  0]LogShaderLibrary: Display: ShaderCodeLibraryPakFileMountedCallback: PakFile 'C:/Program Files/Epic Games/UE_4.27/FeaturePacks/TP_Vehicle.upack' (chunk index -1, root 'root:/') mounted
[2022.08.30-00.39.23:400][  0]LogShaderLibrary: Display: ShaderCodeLibraryPakFileMountedCallback: pending pak file info (ChunkID:-1 Root:root:/ File:C:/Program Files/Epic Games/UE_4.27/FeaturePacks/TP_Vehicle.upack)
[2022.08.30-00.39.23:400][  0]LogPakFile: OnPakFileMounted2Time == 0.000035
[2022.08.30-00.39.23:406][  0]LogPakFile: PakFile PrimaryIndexSize=186
[2022.08.30-00.39.23:406][  0]LogPakFile: PakFile PathHashIndexSize=101
[2022.08.30-00.39.23:406][  0]LogPakFile: PakFile FullDirectoryIndexSize=146
[2022.08.30-00.39.23:406][  0]LogShaderLibrary: Display: ShaderCodeLibraryPakFileMountedCallback: PakFile 'C:/Program Files/Epic Games/UE_4.27/FeaturePacks/TP_VehicleAdv.upack' (chunk index -1, root 'root:/') mounted
[2022.08.30-00.39.23:406][  0]LogShaderLibrary: Display: ShaderCodeLibraryPakFileMountedCallback: pending pak file info (ChunkID:-1 Root:root:/ File:C:/Program Files/Epic Games/UE_4.27/FeaturePacks/TP_VehicleAdv.upack)
[2022.08.30-00.39.23:406][  0]LogPakFile: OnPakFileMounted2Time == 0.000046
[2022.08.30-00.39.23:411][  0]LogPakFile: PakFile PrimaryIndexSize=188
[2022.08.30-00.39.23:411][  0]LogPakFile: PakFile PathHashIndexSize=101
[2022.08.30-00.39.23:411][  0]LogPakFile: PakFile FullDirectoryIndexSize=150
[2022.08.30-00.39.23:411][  0]LogShaderLibrary: Display: ShaderCodeLibraryPakFileMountedCallback: PakFile 'C:/Program Files/Epic Games/UE_4.27/FeaturePacks/TP_VehicleAdvBP.upack' (chunk index -1, root 'root:/') mounted
[2022.08.30-00.39.23:411][  0]LogShaderLibrary: Display: ShaderCodeLibraryPakFileMountedCallback: pending pak file info (ChunkID:-1 Root:root:/ File:C:/Program Files/Epic Games/UE_4.27/FeaturePacks/TP_VehicleAdvBP.upack)
[2022.08.30-00.39.23:411][  0]LogPakFile: OnPakFileMounted2Time == 0.000042
[2022.08.30-00.39.23:417][  0]LogPakFile: PakFile PrimaryIndexSize=185
[2022.08.30-00.39.23:417][  0]LogPakFile: PakFile PathHashIndexSize=101
[2022.08.30-00.39.23:417][  0]LogPakFile: PakFile FullDirectoryIndexSize=144
[2022.08.30-00.39.23:417][  0]LogShaderLibrary: Display: ShaderCodeLibraryPakFileMountedCallback: PakFile 'C:/Program Files/Epic Games/UE_4.27/FeaturePacks/TP_VehicleBP.upack' (chunk index -1, root 'root:/') mounted
[2022.08.30-00.39.23:417][  0]LogShaderLibrary: Display: ShaderCodeLibraryPakFileMountedCallback: pending pak file info (ChunkID:-1 Root:root:/ File:C:/Program Files/Epic Games/UE_4.27/FeaturePacks/TP_VehicleBP.upack)
[2022.08.30-00.39.23:417][  0]LogPakFile: OnPakFileMounted2Time == 0.000036
[2022.08.30-00.39.23:428][  0]LogPakFile: PakFile PrimaryIndexSize=192
[2022.08.30-00.39.23:428][  0]LogPakFile: PakFile PathHashIndexSize=101
[2022.08.30-00.39.23:428][  0]LogPakFile: PakFile FullDirectoryIndexSize=158
[2022.08.30-00.39.23:428][  0]LogShaderLibrary: Display: ShaderCodeLibraryPakFileMountedCallback: PakFile 'C:/Program Files/Epic Games/UE_4.27/FeaturePacks/TP_VirtualRealityBP.upack' (chunk index -1, root 'root:/') mounted
[2022.08.30-00.39.23:428][  0]LogShaderLibrary: Display: ShaderCodeLibraryPakFileMountedCallback: pending pak file info (ChunkID:-1 Root:root:/ File:C:/Program Files/Epic Games/UE_4.27/FeaturePacks/TP_VirtualRealityBP.upack)
[2022.08.30-00.39.23:428][  0]LogPakFile: OnPakFileMounted2Time == 0.000069
[2022.08.30-00.39.23:652][  0]LogNativeClassHierarchy: Verbose: Native class hierarchy updated for 'AddContentDialog' in 0.0003 seconds. Added 0 classes and 0 folders.
[2022.08.30-00.39.23:660][  0]LogNativeClassHierarchy: Verbose: Native class hierarchy updated for 'SceneOutliner' in 0.0003 seconds. Added 2 classes and 0 folders.
[2022.08.30-00.39.23:972][  0]LogSlate: Took 0.011090 seconds to synchronously load lazily loaded font '../../../Engine/Content/Slate/Fonts/Roboto-Regular.ttf' (155K)
[2022.08.30-00.39.23:981][  0]LogSlate: Took 0.005723 seconds to synchronously load lazily loaded font '../../../Engine/Content/Editor/Slate/Fonts/FontAwesome.ttf' (139K)
[2022.08.30-00.39.23:993][  0]LogSlate: Took 0.010630 seconds to synchronously load lazily loaded font '../../../Engine/Content/Editor/Slate/Fonts/NanumGothic.ttf' (4243K)
[2022.08.30-00.39.24:004][  0]LogSlate: Took 0.010563 seconds to synchronously load lazily loaded font '../../../Engine/Content/Editor/Slate/Fonts/NanumGothicBold.ttf' (4188K)
[2022.08.30-00.39.24:009][  0]LogSlate: Took 0.004346 seconds to synchronously load lazily loaded font '../../../Engine/Content/Slate/Fonts/Roboto-Bold.ttf' (160K)
[2022.08.30-00.39.24:209][  0]LogRenderer: Reallocating scene render targets to support 1160x412 Format 10 NumSamples 1 (Frame:1).
[2022.08.30-00.39.24:403][  0]LogNativeClassHierarchy: Verbose: Native class hierarchy updated for 'HierarchicalLODOutliner' in 0.0003 seconds. Added 0 classes and 0 folders.
[2022.08.30-00.39.24:403][  0]LogLoad: (Engine Initialization) Total time: 27.73 seconds
[2022.08.30-00.39.24:403][  0]LogLoad: (Engine Initialization) Total Blueprint compile time: 0.00 seconds
[2022.08.30-00.39.24:431][  0]LogRawInputWindows: Warning: Found device 8 devices
[2022.08.30-00.39.24:431][  0]LogRawInputWindows: Warning: Found device 8 devices
[2022.08.30-00.39.24:431][  0]LogRawInputWindows: Warning: Device was registered succesfully but not connected (Usage:4 UsagePage:1)
[2022.08.30-00.39.24:431][  0]LogRawInputWindows: Warning: Found device 8 devices
[2022.08.30-00.39.24:431][  0]LogRawInputWindows: Warning: Device was registered succesfully but not connected (Usage:5 UsagePage:1)
[2022.08.30-00.39.24:480][  0]LogAssetRegistry: Asset discovery search completed in 15.9112 seconds
[2022.08.30-00.39.24:487][  0]LogCollectionManager: Fixed up redirectors for 0 collections in 0.000004 seconds (updated 0 objects)
[2022.08.30-00.39.24:508][  0]LogContentStreaming: Texture pool size now 1000 MB
[2022.08.30-00.39.24:580][  1]LogNiagara: Compiling System NiagaraSystem /Game/JYS/DriftEffect.DriftEffect took 2.204825 sec (time since issued), 4.089760 sec (combined shader worker time).
[2022.08.30-00.39.24:697][  2]LogSlate: Took 0.005847 seconds to synchronously load lazily loaded font '../../../Engine/Content/Slate/Fonts/Roboto-Light.ttf' (167K)
[2022.08.30-00.39.27:850][186]LogActorFactory: Actor Factory created Sphere
[2022.08.30-00.39.27:986][193]LogActorFactory: Actor Factory created Sphere
[2022.08.30-00.39.29:509][278]LogActorFactory: Actor Factory created Cube
[2022.08.30-00.39.29:714][290]LogActorFactory: Actor Factory created Cube
[2022.08.30-00.39.30:725][348]LogActorFactory: Actor Factory created Sphere
[2022.08.30-00.39.30:927][360]LogActorFactory: Actor Factory created Sphere
[2022.08.30-00.39.47:802][289]LogUObjectHash: Compacting FUObjectHashTables data took   0.65ms
[2022.08.30-00.39.49:036][289]LogSlate: Window '콘텐츠 저장' being destroyed
[2022.08.30-00.39.49:059][289]LogSlate: Took 0.000139 seconds to synchronously load lazily loaded font '../../../Engine/Content/Slate/Fonts/Roboto-Light.ttf' (167K)
[2022.08.30-00.39.49:092][289]LogUObjectHash: Compacting FUObjectHashTables data took   0.26ms
[2022.08.30-00.39.49:195][289]LogSavePackage: Moving '../../../../../../Work/TeamProject/UnrealTeam/UnrealTeamProject/Saved/VehicleAdvExampleMapE442D2C045566E8C2E8A9D8F6C215D6A.tmp' to '../../../../../../Work/TeamProject/UnrealTeam/UnrealTeamProject/Content/VehicleAdvBP/Maps/VehicleAdvExampleMap.umap'
[2022.08.30-00.39.49:203][289]LogFileHelpers: Saving map 'VehicleAdvExampleMap' took 0.122
[2022.08.30-00.39.49:218][289]AssetCheck: New page: 에셋 저장:  VehicleAdvExampleMap
[2022.08.30-00.39.49:218][289]LogContentValidation: Display: World /Game/VehicleAdvBP/Maps/VehicleAdvExampleMap.VehicleAdvExampleMap 유효성 검사 중
[2022.08.30-00.57.35:721][875]LogEditorViewport: Clicking on Actor (LMB): StaticMeshActor (Cube)
[2022.08.30-00.58.09:038][818]LogUObjectHash: Compacting FUObjectHashTables data took   0.36ms
[2022.08.30-00.58.09:115][818]LogSavePackage: Moving '../../../../../../Work/TeamProject/UnrealTeam/UnrealTeamProject/Saved/VehicleAdvExampleMap_Auto150483A15455BFD7AADA0BEBDCCE11D38.tmp' to '../../../../../../Work/TeamProject/UnrealTeam/UnrealTeamProject/Saved/Autosaves/Game/VehicleAdvBP/Maps/VehicleAdvExampleMap_Auto1.umap'
[2022.08.30-00.58.09:116][818]LogFileHelpers: Editor autosave (incl. external actors) for '/Game/VehicleAdvBP/Maps/VehicleAdvExampleMap' took 0.084
[2022.08.30-00.58.09:116][818]LogFileHelpers: Editor autosave (incl. sublevels & external actors) for all levels took 0.084
[2022.08.30-01.01.18:498][876]LogNativeClassHierarchy: Verbose: Native class hierarchy updated for 'WorldBrowser' in 0.0004 seconds. Added 2 classes and 3 folders.
[2022.08.30-01.01.22:663][ 62]LogSlate: Window '새 레벨' being destroyed
[2022.08.30-01.01.25:055][ 62]LogSlate: Window '레벨 다른 이름으로 저장' being destroyed
[2022.08.30-01.01.25:109][ 62]Cmd: OBJ SAVEPACKAGE PACKAGE="/Game/Maps/NewMap" FILE="../../../../../../Work/TeamProject/UnrealTeam/UnrealTeamProject/Content/Maps/NewMap.umap" SILENT=true AUTOSAVING=false KEEPDIRTY=false
[2022.08.30-01.01.25:116][ 62]LogUObjectHash: Compacting FUObjectHashTables data took   0.82ms
[2022.08.30-01.01.25:120][ 62]LogSavePackage: Moving '../../../../../../Work/TeamProject/UnrealTeam/UnrealTeamProject/Saved/NewMap1D4B2ADB43E7D29B68D5A3955EDEDEFD.tmp' to '../../../../../../Work/TeamProject/UnrealTeam/UnrealTeamProject/Content/Maps/NewMap.umap'
[2022.08.30-01.01.25:130][ 62]LogFileHelpers: Saving map 'NewMap' took 0.054
[2022.08.30-01.01.25:191][ 62]AssetCheck: New page: 에셋 저장:  NewMap
[2022.08.30-01.01.25:191][ 62]LogContentValidation: Display: World /Game/Maps/NewMap.NewMap 유효성 검사 중
[2022.08.30-01.11.19:809][322]LogSlate: Window '레벨' being destroyed
[2022.08.30-01.11.19:812][322]LogSlate: Window '레벨' being destroyed
[2022.08.30-01.11.20:294][350]LogSlate: Took 0.010300 seconds to synchronously load lazily loaded font '../../../Engine/Content/Slate/Fonts/Roboto-Italic.ttf' (157K)
[2022.08.30-01.11.45:666][543]LogUObjectHash: Compacting FUObjectHashTables data took   0.36ms
[2022.08.30-01.11.45:743][543]LogSavePackage: Moving '../../../../../../Work/TeamProject/UnrealTeam/UnrealTeamProject/Saved/VehicleAdvExampleMap_Auto28C70C6D54CCB1D690DDD28839C0028EC.tmp' to '../../../../../../Work/TeamProject/UnrealTeam/UnrealTeamProject/Saved/Autosaves/Game/VehicleAdvBP/Maps/VehicleAdvExampleMap_Auto2.umap'
[2022.08.30-01.11.45:745][543]LogFileHelpers: Editor autosave (incl. external actors) for '/Game/VehicleAdvBP/Maps/VehicleAdvExampleMap' took 0.085
[2022.08.30-01.11.45:745][543]LogFileHelpers: Editor autosave (incl. sublevels & external actors) for all levels took 0.085
