Log file open, 08/30/22 15:17:58
LogWindows: Failed to load 'aqProf.dll' (GetLastError=126)
LogWindows: File 'aqProf.dll' does not exist
LogWindows: Failed to load 'VtuneApi.dll' (GetLastError=126)
LogWindows: File 'VtuneApi.dll' does not exist
LogWindows: Failed to load 'VtuneApi32e.dll' (GetLastError=126)
LogWindows: File 'VtuneApi32e.dll' does not exist
LogConsoleResponse: Display: Failed to find resolution value strings in scalability ini. Falling back to default.
LogConsoleResponse: Display: Failed to find resolution value strings in scalability ini. Falling back to default.
LogInit: Display: Running engine for game: UnrealTeamProject
LogPlatformFile: Not using cached read wrapper
LogTaskGraph: Started task graph with 5 named threads and 23 total threads with 3 sets of task threads.
LogStats: Stats thread started at 0.216798
LogICUInternationalization: ICU TimeZone Detection - Raw Offset: +9:00, Platform Override: ''
LogInit: Display: Loading text-based GConfig....
LogPluginManager: Mounting plugin MeshPainting
LogPluginManager: Mounting plugin XGEController
LogPluginManager: Mounting plugin Paper2D
LogPluginManager: Mounting plugin EnvironmentQueryEditor
LogPluginManager: Mounting plugin AISupport
LogPluginManager: Mounting plugin LightPropagationVolume
LogPluginManager: Mounting plugin LiveLink
LogPluginManager: Mounting plugin GameplayCameras
LogPluginManager: Mounting plugin CameraShakePreviewer
LogPluginManager: Mounting plugin OodleData
LogPluginManager: Mounting plugin OodleNetwork
LogPluginManager: Mounting plugin DatasmithContent
LogPluginManager: Mounting plugin Niagara
LogPluginManager: Mounting plugin AnimationSharing
LogPluginManager: Mounting plugin VariantManagerContent
LogPluginManager: Mounting plugin AlembicImporter
LogPluginManager: Mounting plugin BackChannel
LogPluginManager: Mounting plugin AutomationUtils
LogPluginManager: Mounting plugin ChaosCloth
LogPluginManager: Mounting plugin ChaosClothEditor
LogPluginManager: Mounting plugin ChaosEditor
LogPluginManager: Mounting plugin ChaosNiagara
LogPluginManager: Mounting plugin ChaosSolverPlugin
LogPluginManager: Mounting plugin CodeLiteSourceCodeAccess
LogPluginManager: Mounting plugin CLionSourceCodeAccess
LogPluginManager: Mounting plugin GitSourceControl
LogPluginManager: Mounting plugin KDevelopSourceCodeAccess
LogPluginManager: Mounting plugin CharacterAI
LogPluginManager: Mounting plugin LuminPlatformFeatures
LogPluginManager: Mounting plugin NullSourceCodeAccess
LogPluginManager: Mounting plugin PerforceSourceControl
LogPluginManager: Mounting plugin PixWinPlugin
LogPluginManager: Mounting plugin MagicLeap
LogPluginManager: Mounting plugin PlasticSourceControl
LogPluginManager: Mounting plugin PluginUtils
LogPluginManager: Mounting plugin PropertyAccessNode
LogPluginManager: Mounting plugin RiderSourceCodeAccess
LogPluginManager: Mounting plugin SubversionSourceControl
LogPluginManager: Mounting plugin TextureFormatOodle
LogPluginManager: Mounting plugin GeometryCache
LogPluginManager: Mounting plugin UObjectPlugin
LogPluginManager: Mounting plugin GeometryCollectionPlugin
LogPluginManager: Mounting plugin MagicLeapLightEstimation
LogPluginManager: Mounting plugin MagicLeapMedia
LogPluginManager: Mounting plugin MagicLeapPassableWorld
LogPluginManager: Mounting plugin AndroidMedia
LogPluginManager: Mounting plugin VisualStudioCodeSourceCodeAccess
LogPluginManager: Mounting plugin VisualStudioSourceCodeAccess
LogPluginManager: Mounting plugin XCodeSourceCodeAccess
LogPluginManager: Mounting plugin AvfMedia
LogPluginManager: Mounting plugin MLSDK
LogPluginManager: Mounting plugin ImgMedia
LogPluginManager: Mounting plugin MediaCompositing
LogPluginManager: Mounting plugin MediaPlayerEditor
LogPluginManager: Mounting plugin WebMMedia
LogPluginManager: Mounting plugin WmfMedia
LogPluginManager: Mounting plugin GeometryProcessing
LogPluginManager: Mounting plugin MotoSynth
LogPluginManager: Mounting plugin OpenImageDenoise
LogPluginManager: Mounting plugin PlanarCut
LogPluginManager: Mounting plugin ProxyLODPlugin
LogPluginManager: Mounting plugin PlatformCrypto
LogPluginManager: Mounting plugin RawInput
LogPluginManager: Mounting plugin PythonScriptPlugin
LogPluginManager: Mounting plugin SkeletalReduction
LogPluginManager: Mounting plugin AssetManagerEditor
LogPluginManager: Mounting plugin CryptoKeys
LogPluginManager: Mounting plugin DataValidation
LogPluginManager: Mounting plugin CurveEditorTools
LogPluginManager: Mounting plugin GameplayTagsEditor
LogPluginManager: Mounting plugin FacialAnimation
LogPluginManager: Mounting plugin GeometryMode
LogPluginManager: Mounting plugin MacGraphicsSwitching
LogPluginManager: Mounting plugin MaterialAnalyzer
LogPluginManager: Mounting plugin MobileLauncherProfileWizard
LogPluginManager: Mounting plugin PluginBrowser
LogPluginManager: Mounting plugin SpeedTreeImporter
LogPluginManager: Mounting plugin TcpMessaging
LogPluginManager: Mounting plugin ActorSequence
LogPluginManager: Mounting plugin UdpMessaging
LogPluginManager: Mounting plugin LevelSequenceEditor
LogPluginManager: Mounting plugin MatineeToLevelSequence
LogPluginManager: Mounting plugin TemplateSequence
LogPluginManager: Mounting plugin OnlineSubsystem
LogPluginManager: Mounting plugin OnlineSubsystemNull
LogPluginManager: Mounting plugin OnlineSubsystemUtils
LogPluginManager: Mounting plugin LauncherChunkInstaller
LogPluginManager: Mounting plugin ActorLayerUtilities
LogPluginManager: Mounting plugin AndroidPermission
LogPluginManager: Mounting plugin AndroidDeviceProfileSelector
LogPluginManager: Mounting plugin AndroidMoviePlayer
LogPluginManager: Mounting plugin AppleImageUtils
LogPluginManager: Mounting plugin AppleMoviePlayer
LogPluginManager: Mounting plugin AssetTags
LogPluginManager: Mounting plugin ArchVisCharacter
LogPluginManager: Mounting plugin AudioCapture
LogPluginManager: Mounting plugin AudioSynesthesia
LogPluginManager: Mounting plugin CableComponent
LogPluginManager: Mounting plugin ChunkDownloader
LogPluginManager: Mounting plugin CustomMeshComponent
LogPluginManager: Mounting plugin EditableMesh
LogPluginManager: Mounting plugin ExampleDeviceProfileSelector
LogPluginManager: Mounting plugin GoogleCloudMessaging
LogPluginManager: Mounting plugin GooglePAD
LogPluginManager: Mounting plugin ScreenshotTools
LogPluginManager: Mounting plugin IOSDeviceProfileSelector
LogPluginManager: Mounting plugin LinuxDeviceProfileSelector
LogPluginManager: Mounting plugin LocationServicesBPLibrary
LogPluginManager: Mounting plugin MobilePatchingUtils
LogPluginManager: Mounting plugin OpenXREyeTracker
LogPluginManager: Mounting plugin OpenXR
LogPluginManager: Mounting plugin OpenXRHandTracking
LogPluginManager: Mounting plugin PhysXVehicles
LogPluginManager: Mounting plugin Takes
LogPluginManager: Mounting plugin PostSplashScreen
LogPluginManager: Mounting plugin ProceduralMeshComponent
LogPluginManager: Mounting plugin PropertyAccessEditor
LogPluginManager: Mounting plugin RuntimePhysXCooking
LogPluginManager: Mounting plugin SignificanceManager
LogPluginManager: Mounting plugin SoundFields
LogPluginManager: Mounting plugin Synthesis
LogPluginManager: Mounting plugin WebMMoviePlayer
LogPluginManager: Mounting plugin WindowsMoviePlayer
LogPluginManager: Mounting plugin ContentBrowserAssetDataSource
LogPluginManager: Mounting plugin ContentBrowserClassDataSource
LogPluginManager: Mounting plugin ContentBrowserFileDataSource
LogPluginManager: Mounting plugin OnlineSubsystemIOS
LogPluginManager: Mounting plugin OnlineSubsystemGooglePlay
LogPluginManager: Mounting plugin OculusVR
LogPluginManager: Mounting plugin SteamVR
PixWinPlugin: PIX capture plugin failed to initialize! Check that the process is launched from PIX.
LogInit: Using libcurl 7.55.1-DEV
LogInit:  - built for x86_64-pc-win32
LogInit:  - supports SSL with OpenSSL/1.1.1
LogInit:  - supports HTTP deflate (compression) using libz 1.2.8
LogInit:  - other features:
LogInit:      CURL_VERSION_SSL
LogInit:      CURL_VERSION_LIBZ
LogInit:      CURL_VERSION_IPV6
LogInit:      CURL_VERSION_ASYNCHDNS
LogInit:      CURL_VERSION_LARGEFILE
LogInit:      CURL_VERSION_IDN
LogInit:  CurlRequestOptions (configurable via config and command line):
LogInit:  - bVerifyPeer = true  - Libcurl will verify peer certificate
LogInit:  - bUseHttpProxy = false  - Libcurl will NOT use HTTP proxy
LogInit:  - bDontReuseConnections = false  - Libcurl will reuse connections
LogInit:  - MaxHostConnections = 16  - Libcurl will limit the number of connections to a host
LogInit:  - LocalHostAddr = Default
LogInit:  - BufferSize = 65536
LogOnline: OSS: Creating online subsystem instance for: NULL
LogInit: WinSock: version 1.1 (2.2), MaxSocks=32767, MaxUdp=65467
LogOnline: OSS: TryLoadSubsystemAndSetDefault: Loaded subsystem for module [NULL]
LogOculusPluginWrapper: OculusPlugin initialized successfully
LogHMD: Failed initializing OVRPlugin 1.59.0
LogInit: Build: ++UE4+Release-4.27-CL-18319896
LogInit: Engine Version: 4.27.2-18319896+++UE4+Release-4.27
LogInit: Compatible Engine Version: 4.27.0-17155196+++UE4+Release-4.27
LogInit: Net CL: 17155196
LogInit: OS: Windows 10 (Release 2009) (), CPU: Intel(R) Core(TM) i5-10300H CPU @ 2.50GHz, GPU: Intel(R) UHD Graphics
LogInit: Compiled (64-bit): Nov 30 2021 07:12:08
LogInit: Compiled with Visual C++: 19.24.28315.00
LogInit: Build Configuration: Development
LogInit: Branch Name: ++UE4+Release-4.27
LogInit: Command Line: 
LogInit: Base Directory: C:/Program Files/Epic Games/UE_4.27/Engine/Binaries/Win64/
LogInit: Allocator: TBB
LogInit: Installed Engine Build: 1
LogDevObjectVersion: Number of dev versions registered: 29
LogDevObjectVersion:   Dev-Blueprints (B0D832E4-1F89-4F0D-ACCF-7EB736FD4AA2): 10
LogDevObjectVersion:   Dev-Build (E1C64328-A22C-4D53-A36C-8E866417BD8C): 0
LogDevObjectVersion:   Dev-Core (375EC13C-06E4-48FB-B500-84F0262A717E): 4
LogDevObjectVersion:   Dev-Editor (E4B068ED-F494-42E9-A231-DA0B2E46BB41): 40
LogDevObjectVersion:   Dev-Framework (CFFC743F-43B0-4480-9391-14DF171D2073): 37
LogDevObjectVersion:   Dev-Mobile (B02B49B5-BB20-44E9-A304-32B752E40360): 3
LogDevObjectVersion:   Dev-Networking (A4E4105C-59A1-49B5-A7C5-40C4547EDFEE): 0
LogDevObjectVersion:   Dev-Online (39C831C9-5AE6-47DC-9A44-9C173E1C8E7C): 0
LogDevObjectVersion:   Dev-Physics (78F01B33-EBEA-4F98-B9B4-84EACCB95AA2): 14
LogDevObjectVersion:   Dev-Platform (6631380F-2D4D-43E0-8009-CF276956A95A): 0
LogDevObjectVersion:   Dev-Rendering (12F88B9F-8875-4AFC-A67C-D90C383ABD29): 45
LogDevObjectVersion:   Dev-Sequencer (7B5AE74C-D270-4C10-A958-57980B212A5A): 13
LogDevObjectVersion:   Dev-VR (D7296918-1DD6-4BDD-9DE2-64A83CC13884): 3
LogDevObjectVersion:   Dev-LoadTimes (C2A15278-BFE7-4AFE-6C17-90FF531DF755): 1
LogDevObjectVersion:   Private-Geometry (6EACA3D4-40EC-4CC1-B786-8BED09428FC5): 3
LogDevObjectVersion:   Dev-AnimPhys (29E575DD-E0A3-4627-9D10-D276232CDCEA): 17
LogDevObjectVersion:   Dev-Anim (AF43A65D-7FD3-4947-9873-3E8ED9C1BB05): 15
LogDevObjectVersion:   Dev-ReflectionCapture (6B266CEC-1EC7-4B8F-A30B-E4D90942FC07): 1
LogDevObjectVersion:   Dev-Automation (0DF73D61-A23F-47EA-B727-89E90C41499A): 1
LogDevObjectVersion:   FortniteMain (601D1886-AC64-4F84-AA16-D3DE0DEAC7D6): 47
LogDevObjectVersion:   FortniteRelease (E7086368-6B23-4C58-8439-1B7016265E91): 1
LogDevObjectVersion:   Dev-Enterprise (9DFFBCD6-494F-0158-E221-12823C92A888): 10
LogDevObjectVersion:   Dev-Niagara (F2AED0AC-9AFE-416F-8664-AA7FFA26D6FC): 1
LogDevObjectVersion:   Dev-Destruction (174F1F0B-B4C6-45A5-B13F-2EE8D0FB917D): 10
LogDevObjectVersion:   Dev-Physics-Ext (35F94A83-E258-406C-A318-09F59610247C): 41
LogDevObjectVersion:   Dev-PhysicsMaterial-Chaos (B68FC16E-8B1B-42E2-B453-215C058844FE): 1
LogDevObjectVersion:   Dev-CineCamera (B2E18506-4273-CFC2-A54E-F4BB758BBA07): 1
LogDevObjectVersion:   Dev-VirtualProduction (64F58936-FD1B-42BA-BA96-7289D5D0FA4E): 1
LogDevObjectVersion:   Dev-MediaFramework (6F0ED827-A609-4895-9C91-998D90180EA4): 2
LogInit: Presizing for max 25165824 objects, including 0 objects not considered by GC, pre-allocating 0 bytes for permanent pool.
LogConfig: Applying CVar settings from Section [/Script/Engine.StreamingSettings] File [C:/Work/TeamProject/UnrealTeam/UnrealTeamProject/Saved/Config/Windows/Engine.ini]
LogConfig: Setting CVar [[s.MinBulkDataSizeForAsyncLoading:131072]]
LogConfig: Setting CVar [[s.AsyncLoadingThreadEnabled:0]]
LogConfig: Setting CVar [[s.EventDrivenLoaderEnabled:1]]
LogConfig: Setting CVar [[s.WarnIfTimeLimitExceeded:0]]
LogConfig: Setting CVar [[s.TimeLimitExceededMultiplier:1.5]]
LogConfig: Setting CVar [[s.TimeLimitExceededMinTime:0.005]]
LogConfig: Setting CVar [[s.UseBackgroundLevelStreaming:1]]
LogConfig: Setting CVar [[s.PriorityAsyncLoadingExtraTime:15.0]]
LogConfig: Setting CVar [[s.LevelStreamingActorsUpdateTimeLimit:5.0]]
LogConfig: Setting CVar [[s.PriorityLevelStreamingActorsUpdateExtraTime:5.0]]
LogConfig: Setting CVar [[s.LevelStreamingComponentsRegistrationGranularity:10]]
LogConfig: Setting CVar [[s.UnregisterComponentsTimeLimit:1.0]]
LogConfig: Setting CVar [[s.LevelStreamingComponentsUnregistrationGranularity:5]]
LogConfig: Setting CVar [[s.FlushStreamingOnExit:1]]
LogInit: Object subsystem initialized
LogConfig: Setting CVar [[con.DebugEarlyDefault:1]]
LogConfig: Setting CVar [[r.setres:1280x720]]
[2022.08.30-06.17.58:525][  0]LogConfig: Setting CVar [[r.VSync:0]]
[2022.08.30-06.17.58:525][  0]LogConfig: Setting CVar [[r.RHICmdBypass:0]]
[2022.08.30-06.17.58:525][  0]LogConfig: Applying CVar settings from Section [/Script/Engine.RendererSettings] File [C:/Work/TeamProject/UnrealTeam/UnrealTeamProject/Saved/Config/Windows/Engine.ini]
[2022.08.30-06.17.58:525][  0]LogConfig: Setting CVar [[r.GPUCrashDebugging:0]]
[2022.08.30-06.17.58:525][  0]LogConfig: Applying CVar settings from Section [/Script/Engine.RendererOverrideSettings] File [C:/Work/TeamProject/UnrealTeam/UnrealTeamProject/Saved/Config/Windows/Engine.ini]
[2022.08.30-06.17.58:525][  0]LogConfig: Applying CVar settings from Section [/Script/Engine.StreamingSettings] File [C:/Work/TeamProject/UnrealTeam/UnrealTeamProject/Saved/Config/Windows/Engine.ini]
[2022.08.30-06.17.58:525][  0]LogConfig: Setting CVar [[s.MinBulkDataSizeForAsyncLoading:131072]]
[2022.08.30-06.17.58:525][  0]LogConfig: Setting CVar [[s.AsyncLoadingThreadEnabled:0]]
[2022.08.30-06.17.58:525][  0]LogConfig: Setting CVar [[s.EventDrivenLoaderEnabled:1]]
[2022.08.30-06.17.58:525][  0]LogConfig: Setting CVar [[s.WarnIfTimeLimitExceeded:0]]
[2022.08.30-06.17.58:525][  0]LogConfig: Setting CVar [[s.TimeLimitExceededMultiplier:1.5]]
[2022.08.30-06.17.58:525][  0]LogConfig: Setting CVar [[s.TimeLimitExceededMinTime:0.005]]
[2022.08.30-06.17.58:525][  0]LogConfig: Setting CVar [[s.UseBackgroundLevelStreaming:1]]
[2022.08.30-06.17.58:525][  0]LogConfig: Setting CVar [[s.PriorityAsyncLoadingExtraTime:15.0]]
[2022.08.30-06.17.58:525][  0]LogConfig: Setting CVar [[s.LevelStreamingActorsUpdateTimeLimit:5.0]]
[2022.08.30-06.17.58:525][  0]LogConfig: Setting CVar [[s.PriorityLevelStreamingActorsUpdateExtraTime:5.0]]
[2022.08.30-06.17.58:525][  0]LogConfig: Setting CVar [[s.LevelStreamingComponentsRegistrationGranularity:10]]
[2022.08.30-06.17.58:525][  0]LogConfig: Setting CVar [[s.UnregisterComponentsTimeLimit:1.0]]
[2022.08.30-06.17.58:525][  0]LogConfig: Setting CVar [[s.LevelStreamingComponentsUnregistrationGranularity:5]]
[2022.08.30-06.17.58:525][  0]LogConfig: Setting CVar [[s.FlushStreamingOnExit:1]]
[2022.08.30-06.17.58:525][  0]LogConfig: Applying CVar settings from Section [/Script/Engine.GarbageCollectionSettings] File [C:/Work/TeamProject/UnrealTeam/UnrealTeamProject/Saved/Config/Windows/Engine.ini]
[2022.08.30-06.17.58:525][  0]LogConfig: Setting CVar [[gc.MaxObjectsNotConsideredByGC:1]]
[2022.08.30-06.17.58:525][  0]LogConfig: Setting CVar [[gc.SizeOfPermanentObjectPool:0]]
[2022.08.30-06.17.58:525][  0]LogConfig: Setting CVar [[gc.FlushStreamingOnGC:0]]
[2022.08.30-06.17.58:525][  0]LogConfig: Setting CVar [[gc.NumRetriesBeforeForcingGC:10]]
[2022.08.30-06.17.58:525][  0]LogConfig: Setting CVar [[gc.AllowParallelGC:1]]
[2022.08.30-06.17.58:525][  0]LogConfig: Setting CVar [[gc.TimeBetweenPurgingPendingKillObjects:61.1]]
[2022.08.30-06.17.58:525][  0]LogConfig: Setting CVar [[gc.MaxObjectsInEditor:25165824]]
[2022.08.30-06.17.58:525][  0]LogConfig: Setting CVar [[gc.IncrementalBeginDestroyEnabled:1]]
[2022.08.30-06.17.58:525][  0]LogConfig: Setting CVar [[gc.CreateGCClusters:1]]
[2022.08.30-06.17.58:525][  0]LogConfig: Setting CVar [[gc.MinGCClusterSize:5]]
[2022.08.30-06.17.58:525][  0]LogConfig: Setting CVar [[gc.ActorClusteringEnabled:0]]
[2022.08.30-06.17.58:525][  0]LogConfig: Setting CVar [[gc.BlueprintClusteringEnabled:0]]
[2022.08.30-06.17.58:525][  0]LogConfig: Setting CVar [[gc.UseDisregardForGCOnDedicatedServers:0]]
[2022.08.30-06.17.58:525][  0]LogConfig: Setting CVar [[gc.MultithreadedDestructionEnabled:1]]
[2022.08.30-06.17.58:525][  0]LogConfig: Applying CVar settings from Section [/Script/Engine.NetworkSettings] File [C:/Work/TeamProject/UnrealTeam/UnrealTeamProject/Saved/Config/Windows/Engine.ini]
[2022.08.30-06.17.58:525][  0]LogConfig: Applying CVar settings from Section [/Script/UnrealEd.CookerSettings] File [C:/Work/TeamProject/UnrealTeam/UnrealTeamProject/Saved/Config/Windows/Engine.ini]
[2022.08.30-06.17.58:531][  0]LogConfig: Applying CVar settings from Section [ViewDistanceQuality@3] File [C:/Work/TeamProject/UnrealTeam/UnrealTeamProject/Saved/Config/Windows/Scalability.ini]
[2022.08.30-06.17.58:531][  0]LogConfig: Setting CVar [[r.SkeletalMeshLODBias:0]]
[2022.08.30-06.17.58:531][  0]LogConfig: Setting CVar [[r.ViewDistanceScale:1.0]]
[2022.08.30-06.17.58:531][  0]LogConfig: Applying CVar settings from Section [AntiAliasingQuality@3] File [C:/Work/TeamProject/UnrealTeam/UnrealTeamProject/Saved/Config/Windows/Scalability.ini]
[2022.08.30-06.17.58:531][  0]LogConfig: Setting CVar [[r.PostProcessAAQuality:4]]
[2022.08.30-06.17.58:531][  0]LogConfig: Applying CVar settings from Section [ShadowQuality@3] File [C:/Work/TeamProject/UnrealTeam/UnrealTeamProject/Saved/Config/Windows/Scalability.ini]
[2022.08.30-06.17.58:531][  0]LogConfig: Setting CVar [[r.LightFunctionQuality:1]]
[2022.08.30-06.17.58:531][  0]LogConfig: Setting CVar [[r.ShadowQuality:5]]
[2022.08.30-06.17.58:531][  0]LogConfig: Setting CVar [[r.Shadow.CSM.MaxCascades:10]]
[2022.08.30-06.17.58:531][  0]LogConfig: Setting CVar [[r.Shadow.MaxResolution:2048]]
[2022.08.30-06.17.58:531][  0]LogConfig: Setting CVar [[r.Shadow.MaxCSMResolution:2048]]
[2022.08.30-06.17.58:531][  0]LogConfig: Setting CVar [[r.Shadow.RadiusThreshold:0.01]]
[2022.08.30-06.17.58:531][  0]LogConfig: Setting CVar [[r.Shadow.DistanceScale:1.0]]
[2022.08.30-06.17.58:531][  0]LogConfig: Setting CVar [[r.Shadow.CSM.TransitionScale:1.0]]
[2022.08.30-06.17.58:531][  0]LogConfig: Setting CVar [[r.Shadow.PreShadowResolutionFactor:1.0]]
[2022.08.30-06.17.58:531][  0]LogConfig: Setting CVar [[r.DistanceFieldShadowing:1]]
[2022.08.30-06.17.58:531][  0]LogConfig: Setting CVar [[r.DistanceFieldAO:1]]
[2022.08.30-06.17.58:531][  0]LogConfig: Setting CVar [[r.AOQuality:2]]
[2022.08.30-06.17.58:531][  0]LogConfig: Setting CVar [[r.VolumetricFog:1]]
[2022.08.30-06.17.58:531][  0]LogConfig: Setting CVar [[r.VolumetricFog.GridPixelSize:8]]
[2022.08.30-06.17.58:531][  0]LogConfig: Setting CVar [[r.VolumetricFog.GridSizeZ:128]]
[2022.08.30-06.17.58:531][  0]LogConfig: Setting CVar [[r.VolumetricFog.HistoryMissSupersampleCount:4]]
[2022.08.30-06.17.58:531][  0]LogConfig: Setting CVar [[r.LightMaxDrawDistanceScale:1]]
[2022.08.30-06.17.58:531][  0]LogConfig: Setting CVar [[r.CapsuleShadows:1]]
[2022.08.30-06.17.58:531][  0]LogConfig: Applying CVar settings from Section [PostProcessQuality@3] File [C:/Work/TeamProject/UnrealTeam/UnrealTeamProject/Saved/Config/Windows/Scalability.ini]
[2022.08.30-06.17.58:531][  0]LogConfig: Setting CVar [[r.MotionBlurQuality:4]]
[2022.08.30-06.17.58:531][  0]LogConfig: Setting CVar [[r.AmbientOcclusionMipLevelFactor:0.4]]
[2022.08.30-06.17.58:531][  0]LogConfig: Setting CVar [[r.AmbientOcclusionMaxQuality:100]]
[2022.08.30-06.17.58:531][  0]LogConfig: Setting CVar [[r.AmbientOcclusionLevels:-1]]
[2022.08.30-06.17.58:531][  0]LogConfig: Setting CVar [[r.AmbientOcclusionRadiusScale:1.0]]
[2022.08.30-06.17.58:531][  0]LogConfig: Setting CVar [[r.DepthOfFieldQuality:2]]
[2022.08.30-06.17.58:531][  0]LogConfig: Setting CVar [[r.RenderTargetPoolMin:400]]
[2022.08.30-06.17.58:531][  0]LogConfig: Setting CVar [[r.LensFlareQuality:2]]
[2022.08.30-06.17.58:531][  0]LogConfig: Setting CVar [[r.SceneColorFringeQuality:1]]
[2022.08.30-06.17.58:531][  0]LogConfig: Setting CVar [[r.EyeAdaptationQuality:2]]
[2022.08.30-06.17.58:531][  0]LogConfig: Setting CVar [[r.BloomQuality:5]]
[2022.08.30-06.17.58:531][  0]LogConfig: Setting CVar [[r.FastBlurThreshold:100]]
[2022.08.30-06.17.58:531][  0]LogConfig: Setting CVar [[r.Upscale.Quality:3]]
[2022.08.30-06.17.58:531][  0]LogConfig: Setting CVar [[r.Tonemapper.GrainQuantization:1]]
[2022.08.30-06.17.58:531][  0]LogConfig: Setting CVar [[r.LightShaftQuality:1]]
[2022.08.30-06.17.58:531][  0]LogConfig: Setting CVar [[r.Filter.SizeScale:1]]
[2022.08.30-06.17.58:531][  0]LogConfig: Setting CVar [[r.Tonemapper.Quality:5]]
[2022.08.30-06.17.58:531][  0]LogConfig: Setting CVar [[r.DOF.Gather.AccumulatorQuality:1        ; higher gathering accumulator quality]]
[2022.08.30-06.17.58:531][  0]LogConfig: Setting CVar [[r.DOF.Gather.PostfilterMethod:1          ; Median3x3 postfilering method]]
[2022.08.30-06.17.58:531][  0]LogConfig: Setting CVar [[r.DOF.Gather.EnableBokehSettings:0       ; no bokeh simulation when gathering]]
[2022.08.30-06.17.58:531][  0]LogConfig: Setting CVar [[r.DOF.Gather.RingCount:4                 ; medium number of samples when gathering]]
[2022.08.30-06.17.58:531][  0]LogConfig: Setting CVar [[r.DOF.Scatter.ForegroundCompositing:1    ; additive foreground scattering]]
[2022.08.30-06.17.58:531][  0]LogConfig: Setting CVar [[r.DOF.Scatter.BackgroundCompositing:2    ; additive background scattering]]
[2022.08.30-06.17.58:531][  0]LogConfig: Setting CVar [[r.DOF.Scatter.EnableBokehSettings:1      ; bokeh simulation when scattering]]
[2022.08.30-06.17.58:531][  0]LogConfig: Setting CVar [[r.DOF.Scatter.MaxSpriteRatio:0.1         ; only a maximum of 10% of scattered bokeh]]
[2022.08.30-06.17.58:531][  0]LogConfig: Setting CVar [[r.DOF.Recombine.Quality:1                ; cheap slight out of focus]]
[2022.08.30-06.17.58:531][  0]LogConfig: Setting CVar [[r.DOF.Recombine.EnableBokehSettings:0    ; no bokeh simulation on slight out of focus]]
[2022.08.30-06.17.58:531][  0]LogConfig: Setting CVar [[r.DOF.TemporalAAQuality:1                ; more stable temporal accumulation]]
[2022.08.30-06.17.58:531][  0]LogConfig: Setting CVar [[r.DOF.Kernel.MaxForegroundRadius:0.025]]
[2022.08.30-06.17.58:531][  0]LogConfig: Setting CVar [[r.DOF.Kernel.MaxBackgroundRadius:0.025]]
[2022.08.30-06.17.58:531][  0]LogConfig: Applying CVar settings from Section [TextureQuality@3] File [C:/Work/TeamProject/UnrealTeam/UnrealTeamProject/Saved/Config/Windows/Scalability.ini]
[2022.08.30-06.17.58:531][  0]LogConfig: Setting CVar [[r.Streaming.MipBias:0]]
[2022.08.30-06.17.58:531][  0]LogConfig: Setting CVar [[r.Streaming.AmortizeCPUToGPUCopy:0]]
[2022.08.30-06.17.58:532][  0]LogConfig: Setting CVar [[r.Streaming.MaxNumTexturesToStreamPerFrame:0]]
[2022.08.30-06.17.58:532][  0]LogConfig: Setting CVar [[r.Streaming.Boost:1]]
[2022.08.30-06.17.58:532][  0]LogConfig: Setting CVar [[r.MaxAnisotropy:8]]
[2022.08.30-06.17.58:532][  0]LogConfig: Setting CVar [[r.VT.MaxAnisotropy:8]]
[2022.08.30-06.17.58:532][  0]LogConfig: Setting CVar [[r.Streaming.LimitPoolSizeToVRAM:0]]
[2022.08.30-06.17.58:532][  0]LogConfig: Setting CVar [[r.Streaming.PoolSize:1000]]
[2022.08.30-06.17.58:532][  0]LogConfig: Setting CVar [[r.Streaming.MaxEffectiveScreenSize:0]]
[2022.08.30-06.17.58:532][  0]LogConfig: Applying CVar settings from Section [EffectsQuality@3] File [C:/Work/TeamProject/UnrealTeam/UnrealTeamProject/Saved/Config/Windows/Scalability.ini]
[2022.08.30-06.17.58:532][  0]LogConfig: Setting CVar [[r.TranslucencyLightingVolumeDim:64]]
[2022.08.30-06.17.58:532][  0]LogConfig: Setting CVar [[r.RefractionQuality:2]]
[2022.08.30-06.17.58:532][  0]LogConfig: Setting CVar [[r.SSR.Quality:3]]
[2022.08.30-06.17.58:532][  0]LogConfig: Setting CVar [[r.SSR.HalfResSceneColor:0]]
[2022.08.30-06.17.58:532][  0]LogConfig: Setting CVar [[r.SceneColorFormat:4]]
[2022.08.30-06.17.58:532][  0]LogConfig: Setting CVar [[r.DetailMode:2]]
[2022.08.30-06.17.58:532][  0]LogConfig: Setting CVar [[r.TranslucencyVolumeBlur:1]]
[2022.08.30-06.17.58:532][  0]LogConfig: Setting CVar [[r.MaterialQualityLevel:1 ; High quality]]
[2022.08.30-06.17.58:532][  0]LogConfig: Setting CVar [[r.AnisotropicMaterials:1]]
[2022.08.30-06.17.58:532][  0]LogConfig: Setting CVar [[r.SSS.Scale:1]]
[2022.08.30-06.17.58:532][  0]LogConfig: Setting CVar [[r.SSS.SampleSet:2]]
[2022.08.30-06.17.58:532][  0]LogConfig: Setting CVar [[r.SSS.Quality:1]]
[2022.08.30-06.17.58:532][  0]LogConfig: Setting CVar [[r.SSS.HalfRes:0]]
[2022.08.30-06.17.58:532][  0]LogConfig: Setting CVar [[r.SSGI.Quality:3]]
[2022.08.30-06.17.58:532][  0]LogConfig: Setting CVar [[r.EmitterSpawnRateScale:1.0]]
[2022.08.30-06.17.58:532][  0]LogConfig: Setting CVar [[r.ParticleLightQuality:2]]
[2022.08.30-06.17.58:532][  0]LogConfig: Setting CVar [[r.SkyAtmosphere.AerialPerspectiveLUT.FastApplyOnOpaque:1 ; Always have FastSkyLUT 1 in this case to avoid wrong sky]]
[2022.08.30-06.17.58:532][  0]LogConfig: Setting CVar [[r.SkyAtmosphere.AerialPerspectiveLUT.SampleCountMaxPerSlice:4]]
[2022.08.30-06.17.58:532][  0]LogConfig: Setting CVar [[r.SkyAtmosphere.AerialPerspectiveLUT.DepthResolution:16.0]]
[2022.08.30-06.17.58:532][  0]LogConfig: Setting CVar [[r.SkyAtmosphere.FastSkyLUT:1]]
[2022.08.30-06.17.58:532][  0]LogConfig: Setting CVar [[r.SkyAtmosphere.FastSkyLUT.SampleCountMin:4.0]]
[2022.08.30-06.17.58:532][  0]LogConfig: Setting CVar [[r.SkyAtmosphere.FastSkyLUT.SampleCountMax:128.0]]
[2022.08.30-06.17.58:532][  0]LogConfig: Setting CVar [[r.SkyAtmosphere.SampleCountMin:4.0]]
[2022.08.30-06.17.58:532][  0]LogConfig: Setting CVar [[r.SkyAtmosphere.SampleCountMax:128.0]]
[2022.08.30-06.17.58:532][  0]LogConfig: Setting CVar [[r.SkyAtmosphere.TransmittanceLUT.UseSmallFormat:0]]
[2022.08.30-06.17.58:532][  0]LogConfig: Setting CVar [[r.SkyAtmosphere.TransmittanceLUT.SampleCount:10.0]]
[2022.08.30-06.17.58:532][  0]LogConfig: Setting CVar [[r.SkyAtmosphere.MultiScatteringLUT.SampleCount:15.0]]
[2022.08.30-06.17.58:532][  0]LogConfig: Setting CVar [[r.SkyLight.RealTimeReflectionCapture:1]]
[2022.08.30-06.17.58:532][  0]LogConfig: Applying CVar settings from Section [FoliageQuality@3] File [C:/Work/TeamProject/UnrealTeam/UnrealTeamProject/Saved/Config/Windows/Scalability.ini]
[2022.08.30-06.17.58:532][  0]LogConfig: Setting CVar [[foliage.DensityScale:1.0]]
[2022.08.30-06.17.58:532][  0]LogConfig: Setting CVar [[grass.DensityScale:1.0]]
[2022.08.30-06.17.58:532][  0]LogConfig: Applying CVar settings from Section [ShadingQuality@3] File [C:/Work/TeamProject/UnrealTeam/UnrealTeamProject/Saved/Config/Windows/Scalability.ini]
[2022.08.30-06.17.58:532][  0]LogConfig: Setting CVar [[r.HairStrands.SkyLighting.IntegrationType:2]]
[2022.08.30-06.17.58:532][  0]LogConfig: Setting CVar [[r.HairStrands.SkyAO.SampleCount:4]]
[2022.08.30-06.17.58:532][  0]LogConfig: Setting CVar [[r.HairStrands.Visibility.MSAA.SamplePerPixel:4]]
[2022.08.30-06.17.58:532][  0]LogInit: Selected Device Profile: [Windows]
[2022.08.30-06.17.58:532][  0]LogInit: Applying CVar settings loaded from the selected device profile: [Windows]
[2022.08.30-06.17.58:534][  0]LogHAL: Display: Platform has ~ 8 GB [8399298560 / 8589934592 / 8], which maps to Default [LargestMinGB=32, LargerMinGB=12, DefaultMinGB=8, SmallerMinGB=6, SmallestMinGB=0)
[2022.08.30-06.17.58:534][  0]LogInit: Going up to parent DeviceProfile []
[2022.08.30-06.17.58:534][  0]LogConfig: Applying CVar settings from Section [ViewDistanceQuality@3] File [C:/Work/TeamProject/UnrealTeam/UnrealTeamProject/Saved/Config/Windows/Scalability.ini]
[2022.08.30-06.17.58:534][  0]LogConfig: Setting CVar [[r.SkeletalMeshLODBias:0]]
[2022.08.30-06.17.58:534][  0]LogConfig: Setting CVar [[r.ViewDistanceScale:1.0]]
[2022.08.30-06.17.58:534][  0]LogConfig: Applying CVar settings from Section [AntiAliasingQuality@3] File [C:/Work/TeamProject/UnrealTeam/UnrealTeamProject/Saved/Config/Windows/Scalability.ini]
[2022.08.30-06.17.58:534][  0]LogConfig: Setting CVar [[r.PostProcessAAQuality:4]]
[2022.08.30-06.17.58:534][  0]LogConfig: Applying CVar settings from Section [ShadowQuality@3] File [C:/Work/TeamProject/UnrealTeam/UnrealTeamProject/Saved/Config/Windows/Scalability.ini]
[2022.08.30-06.17.58:534][  0]LogConfig: Setting CVar [[r.LightFunctionQuality:1]]
[2022.08.30-06.17.58:534][  0]LogConfig: Setting CVar [[r.ShadowQuality:5]]
[2022.08.30-06.17.58:534][  0]LogConfig: Setting CVar [[r.Shadow.CSM.MaxCascades:10]]
[2022.08.30-06.17.58:534][  0]LogConfig: Setting CVar [[r.Shadow.MaxResolution:2048]]
[2022.08.30-06.17.58:534][  0]LogConfig: Setting CVar [[r.Shadow.MaxCSMResolution:2048]]
[2022.08.30-06.17.58:534][  0]LogConfig: Setting CVar [[r.Shadow.RadiusThreshold:0.01]]
[2022.08.30-06.17.58:534][  0]LogConfig: Setting CVar [[r.Shadow.DistanceScale:1.0]]
[2022.08.30-06.17.58:534][  0]LogConfig: Setting CVar [[r.Shadow.CSM.TransitionScale:1.0]]
[2022.08.30-06.17.58:534][  0]LogConfig: Setting CVar [[r.Shadow.PreShadowResolutionFactor:1.0]]
[2022.08.30-06.17.58:534][  0]LogConfig: Setting CVar [[r.DistanceFieldShadowing:1]]
[2022.08.30-06.17.58:534][  0]LogConfig: Setting CVar [[r.DistanceFieldAO:1]]
[2022.08.30-06.17.58:534][  0]LogConfig: Setting CVar [[r.AOQuality:2]]
[2022.08.30-06.17.58:534][  0]LogConfig: Setting CVar [[r.VolumetricFog:1]]
[2022.08.30-06.17.58:534][  0]LogConfig: Setting CVar [[r.VolumetricFog.GridPixelSize:8]]
[2022.08.30-06.17.58:534][  0]LogConfig: Setting CVar [[r.VolumetricFog.GridSizeZ:128]]
[2022.08.30-06.17.58:534][  0]LogConfig: Setting CVar [[r.VolumetricFog.HistoryMissSupersampleCount:4]]
[2022.08.30-06.17.58:534][  0]LogConfig: Setting CVar [[r.LightMaxDrawDistanceScale:1]]
[2022.08.30-06.17.58:534][  0]LogConfig: Setting CVar [[r.CapsuleShadows:1]]
[2022.08.30-06.17.58:534][  0]LogConfig: Applying CVar settings from Section [PostProcessQuality@3] File [C:/Work/TeamProject/UnrealTeam/UnrealTeamProject/Saved/Config/Windows/Scalability.ini]
[2022.08.30-06.17.58:534][  0]LogConfig: Setting CVar [[r.MotionBlurQuality:4]]
[2022.08.30-06.17.58:534][  0]LogConfig: Setting CVar [[r.AmbientOcclusionMipLevelFactor:0.4]]
[2022.08.30-06.17.58:534][  0]LogConfig: Setting CVar [[r.AmbientOcclusionMaxQuality:100]]
[2022.08.30-06.17.58:534][  0]LogConfig: Setting CVar [[r.AmbientOcclusionLevels:-1]]
[2022.08.30-06.17.58:534][  0]LogConfig: Setting CVar [[r.AmbientOcclusionRadiusScale:1.0]]
[2022.08.30-06.17.58:534][  0]LogConfig: Setting CVar [[r.DepthOfFieldQuality:2]]
[2022.08.30-06.17.58:534][  0]LogConfig: Setting CVar [[r.RenderTargetPoolMin:400]]
[2022.08.30-06.17.58:534][  0]LogConfig: Setting CVar [[r.LensFlareQuality:2]]
[2022.08.30-06.17.58:534][  0]LogConfig: Setting CVar [[r.SceneColorFringeQuality:1]]
[2022.08.30-06.17.58:534][  0]LogConfig: Setting CVar [[r.EyeAdaptationQuality:2]]
[2022.08.30-06.17.58:534][  0]LogConfig: Setting CVar [[r.BloomQuality:5]]
[2022.08.30-06.17.58:534][  0]LogConfig: Setting CVar [[r.FastBlurThreshold:100]]
[2022.08.30-06.17.58:534][  0]LogConfig: Setting CVar [[r.Upscale.Quality:3]]
[2022.08.30-06.17.58:534][  0]LogConfig: Setting CVar [[r.Tonemapper.GrainQuantization:1]]
[2022.08.30-06.17.58:534][  0]LogConfig: Setting CVar [[r.LightShaftQuality:1]]
[2022.08.30-06.17.58:534][  0]LogConfig: Setting CVar [[r.Filter.SizeScale:1]]
[2022.08.30-06.17.58:534][  0]LogConfig: Setting CVar [[r.Tonemapper.Quality:5]]
[2022.08.30-06.17.58:534][  0]LogConfig: Setting CVar [[r.DOF.Gather.AccumulatorQuality:1        ; higher gathering accumulator quality]]
[2022.08.30-06.17.58:534][  0]LogConfig: Setting CVar [[r.DOF.Gather.PostfilterMethod:1          ; Median3x3 postfilering method]]
[2022.08.30-06.17.58:534][  0]LogConfig: Setting CVar [[r.DOF.Gather.EnableBokehSettings:0       ; no bokeh simulation when gathering]]
[2022.08.30-06.17.58:534][  0]LogConfig: Setting CVar [[r.DOF.Gather.RingCount:4                 ; medium number of samples when gathering]]
[2022.08.30-06.17.58:534][  0]LogConfig: Setting CVar [[r.DOF.Scatter.ForegroundCompositing:1    ; additive foreground scattering]]
[2022.08.30-06.17.58:534][  0]LogConfig: Setting CVar [[r.DOF.Scatter.BackgroundCompositing:2    ; additive background scattering]]
[2022.08.30-06.17.58:534][  0]LogConfig: Setting CVar [[r.DOF.Scatter.EnableBokehSettings:1      ; bokeh simulation when scattering]]
[2022.08.30-06.17.58:535][  0]LogConfig: Setting CVar [[r.DOF.Scatter.MaxSpriteRatio:0.1         ; only a maximum of 10% of scattered bokeh]]
[2022.08.30-06.17.58:535][  0]LogConfig: Setting CVar [[r.DOF.Recombine.Quality:1                ; cheap slight out of focus]]
[2022.08.30-06.17.58:535][  0]LogConfig: Setting CVar [[r.DOF.Recombine.EnableBokehSettings:0    ; no bokeh simulation on slight out of focus]]
[2022.08.30-06.17.58:535][  0]LogConfig: Setting CVar [[r.DOF.TemporalAAQuality:1                ; more stable temporal accumulation]]
[2022.08.30-06.17.58:535][  0]LogConfig: Setting CVar [[r.DOF.Kernel.MaxForegroundRadius:0.025]]
[2022.08.30-06.17.58:535][  0]LogConfig: Setting CVar [[r.DOF.Kernel.MaxBackgroundRadius:0.025]]
[2022.08.30-06.17.58:535][  0]LogConfig: Applying CVar settings from Section [TextureQuality@3] File [C:/Work/TeamProject/UnrealTeam/UnrealTeamProject/Saved/Config/Windows/Scalability.ini]
[2022.08.30-06.17.58:535][  0]LogConfig: Setting CVar [[r.Streaming.MipBias:0]]
[2022.08.30-06.17.58:535][  0]LogConfig: Setting CVar [[r.Streaming.AmortizeCPUToGPUCopy:0]]
[2022.08.30-06.17.58:535][  0]LogConfig: Setting CVar [[r.Streaming.MaxNumTexturesToStreamPerFrame:0]]
[2022.08.30-06.17.58:535][  0]LogConfig: Setting CVar [[r.Streaming.Boost:1]]
[2022.08.30-06.17.58:535][  0]LogConfig: Setting CVar [[r.MaxAnisotropy:8]]
[2022.08.30-06.17.58:535][  0]LogConfig: Setting CVar [[r.VT.MaxAnisotropy:8]]
[2022.08.30-06.17.58:535][  0]LogConfig: Setting CVar [[r.Streaming.LimitPoolSizeToVRAM:0]]
[2022.08.30-06.17.58:535][  0]LogConfig: Setting CVar [[r.Streaming.PoolSize:1000]]
[2022.08.30-06.17.58:535][  0]LogConfig: Setting CVar [[r.Streaming.MaxEffectiveScreenSize:0]]
[2022.08.30-06.17.58:535][  0]LogConfig: Applying CVar settings from Section [EffectsQuality@3] File [C:/Work/TeamProject/UnrealTeam/UnrealTeamProject/Saved/Config/Windows/Scalability.ini]
[2022.08.30-06.17.58:535][  0]LogConfig: Setting CVar [[r.TranslucencyLightingVolumeDim:64]]
[2022.08.30-06.17.58:535][  0]LogConfig: Setting CVar [[r.RefractionQuality:2]]
[2022.08.30-06.17.58:535][  0]LogConfig: Setting CVar [[r.SSR.Quality:3]]
[2022.08.30-06.17.58:535][  0]LogConfig: Setting CVar [[r.SSR.HalfResSceneColor:0]]
[2022.08.30-06.17.58:535][  0]LogConfig: Setting CVar [[r.SceneColorFormat:4]]
[2022.08.30-06.17.58:535][  0]LogConfig: Setting CVar [[r.DetailMode:2]]
[2022.08.30-06.17.58:535][  0]LogConfig: Setting CVar [[r.TranslucencyVolumeBlur:1]]
[2022.08.30-06.17.58:535][  0]LogConfig: Setting CVar [[r.MaterialQualityLevel:1 ; High quality]]
[2022.08.30-06.17.58:535][  0]LogConfig: Setting CVar [[r.AnisotropicMaterials:1]]
[2022.08.30-06.17.58:535][  0]LogConfig: Setting CVar [[r.SSS.Scale:1]]
[2022.08.30-06.17.58:535][  0]LogConfig: Setting CVar [[r.SSS.SampleSet:2]]
[2022.08.30-06.17.58:535][  0]LogConfig: Setting CVar [[r.SSS.Quality:1]]
[2022.08.30-06.17.58:535][  0]LogConfig: Setting CVar [[r.SSS.HalfRes:0]]
[2022.08.30-06.17.58:535][  0]LogConfig: Setting CVar [[r.SSGI.Quality:3]]
[2022.08.30-06.17.58:535][  0]LogConfig: Setting CVar [[r.EmitterSpawnRateScale:1.0]]
[2022.08.30-06.17.58:535][  0]LogConfig: Setting CVar [[r.ParticleLightQuality:2]]
[2022.08.30-06.17.58:535][  0]LogConfig: Setting CVar [[r.SkyAtmosphere.AerialPerspectiveLUT.FastApplyOnOpaque:1 ; Always have FastSkyLUT 1 in this case to avoid wrong sky]]
[2022.08.30-06.17.58:535][  0]LogConfig: Setting CVar [[r.SkyAtmosphere.AerialPerspectiveLUT.SampleCountMaxPerSlice:4]]
[2022.08.30-06.17.58:535][  0]LogConfig: Setting CVar [[r.SkyAtmosphere.AerialPerspectiveLUT.DepthResolution:16.0]]
[2022.08.30-06.17.58:535][  0]LogConfig: Setting CVar [[r.SkyAtmosphere.FastSkyLUT:1]]
[2022.08.30-06.17.58:535][  0]LogConfig: Setting CVar [[r.SkyAtmosphere.FastSkyLUT.SampleCountMin:4.0]]
[2022.08.30-06.17.58:535][  0]LogConfig: Setting CVar [[r.SkyAtmosphere.FastSkyLUT.SampleCountMax:128.0]]
[2022.08.30-06.17.58:535][  0]LogConfig: Setting CVar [[r.SkyAtmosphere.SampleCountMin:4.0]]
[2022.08.30-06.17.58:535][  0]LogConfig: Setting CVar [[r.SkyAtmosphere.SampleCountMax:128.0]]
[2022.08.30-06.17.58:535][  0]LogConfig: Setting CVar [[r.SkyAtmosphere.TransmittanceLUT.UseSmallFormat:0]]
[2022.08.30-06.17.58:535][  0]LogConfig: Setting CVar [[r.SkyAtmosphere.TransmittanceLUT.SampleCount:10.0]]
[2022.08.30-06.17.58:535][  0]LogConfig: Setting CVar [[r.SkyAtmosphere.MultiScatteringLUT.SampleCount:15.0]]
[2022.08.30-06.17.58:535][  0]LogConfig: Setting CVar [[r.SkyLight.RealTimeReflectionCapture:1]]
[2022.08.30-06.17.58:535][  0]LogConfig: Applying CVar settings from Section [FoliageQuality@3] File [C:/Work/TeamProject/UnrealTeam/UnrealTeamProject/Saved/Config/Windows/Scalability.ini]
[2022.08.30-06.17.58:535][  0]LogConfig: Setting CVar [[foliage.DensityScale:1.0]]
[2022.08.30-06.17.58:535][  0]LogConfig: Setting CVar [[grass.DensityScale:1.0]]
[2022.08.30-06.17.58:535][  0]LogConfig: Applying CVar settings from Section [ShadingQuality@3] File [C:/Work/TeamProject/UnrealTeam/UnrealTeamProject/Saved/Config/Windows/Scalability.ini]
[2022.08.30-06.17.58:535][  0]LogConfig: Setting CVar [[r.HairStrands.SkyLighting.IntegrationType:2]]
[2022.08.30-06.17.58:535][  0]LogConfig: Setting CVar [[r.HairStrands.SkyAO.SampleCount:4]]
[2022.08.30-06.17.58:536][  0]LogConfig: Setting CVar [[r.HairStrands.Visibility.MSAA.SamplePerPixel:4]]
[2022.08.30-06.17.58:536][  0]LogConfig: Applying CVar settings from Section [Startup] File [../../../Engine/Config/ConsoleVariables.ini]
[2022.08.30-06.17.58:537][  0]LogConfig: Setting CVar [[net.UseAdaptiveNetUpdateFrequency:0]]
[2022.08.30-06.17.58:537][  0]LogConfig: Setting CVar [[p.chaos.AllowCreatePhysxBodies:1]]
[2022.08.30-06.17.58:537][  0]LogConfig: Setting CVar [[fx.SkipVectorVMBackendOptimizations:1]]
[2022.08.30-06.17.58:537][  0]LogConfig: Applying CVar settings from Section [ConsoleVariables] File [C:/Work/TeamProject/UnrealTeam/UnrealTeamProject/Saved/Config/Windows/Engine.ini]
[2022.08.30-06.17.58:537][  0]LogConfig: Applying CVar settings from Section [ConsoleVariables] File [C:/Work/TeamProject/UnrealTeam/UnrealTeamProject/Saved/Config/Windows/Editor.ini]
[2022.08.30-06.17.58:537][  0]LogInit: Computer: DESKTOP-1ADEDOS
[2022.08.30-06.17.58:537][  0]LogInit: User: yssy5
[2022.08.30-06.17.58:537][  0]LogInit: CPU Page size=4096, Cores=4
[2022.08.30-06.17.58:537][  0]LogInit: High frequency timer resolution =10.000000 MHz
[2022.08.30-06.17.58:537][  0]LogMemory: Memory total: Physical=7.8GB (8GB approx)
[2022.08.30-06.17.58:537][  0]LogMemory: Platform Memory Stats for Windows
[2022.08.30-06.17.58:537][  0]LogMemory: Process Physical Memory: 145.22 MB used, 145.22 MB peak
[2022.08.30-06.17.58:537][  0]LogMemory: Process Virtual Memory: 130.60 MB used, 130.60 MB peak
[2022.08.30-06.17.58:537][  0]LogMemory: Physical Memory: 6612.27 MB used,  1397.93 MB free, 8010.20 MB total
[2022.08.30-06.17.58:537][  0]LogMemory: Virtual Memory: 134215504.00 MB used,  2221.34 MB free, 134217728.00 MB total
[2022.08.30-06.17.58:543][  0]LogWindows: WindowsPlatformFeatures enabled
[2022.08.30-06.17.58:573][  0]LogInit: Physics initialised using underlying interface: PhysX
[2022.08.30-06.17.58:574][  0]LogInit: Using OS detected language (ko-KR).
[2022.08.30-06.17.58:574][  0]LogInit: Using OS detected locale (ko-KR).
[2022.08.30-06.17.58:578][  0]LogTextLocalizationManager: No specific localization for 'ko-KR' exists, so the 'ko' localization will be used.
[2022.08.30-06.17.58:732][  0]LogInit: Setting process to per monitor DPI aware
[2022.08.30-06.17.58:746][  0]LogWindowsTextInputMethodSystem: Display: IME system deactivated.
[2022.08.30-06.17.58:754][  0]LogSlate: New Slate User Created.  User Index 0, Is Virtual User: 0
[2022.08.30-06.17.58:754][  0]LogSlate: Slate User Registered.  User Index 0, Is Virtual User: 0
[2022.08.30-06.17.58:845][  0]LogD3D11RHI: Loaded GFSDK_Aftermath_Lib.x64.dll
[2022.08.30-06.17.58:879][  0]LogHMD: Failed to initialize OpenVR with code 110
[2022.08.30-06.17.58:879][  0]LogD3D11RHI: D3D11 min allowed feature level: 11_0
[2022.08.30-06.17.58:879][  0]LogD3D11RHI: D3D11 max allowed feature level: 11_0
[2022.08.30-06.17.58:879][  0]LogD3D11RHI: D3D11 adapters:
[2022.08.30-06.17.58:972][  0]LogD3D11RHI:    0. 'NVIDIA GeForce GTX 1650 with Max-Q Design' (Feature Level 11_0)
[2022.08.30-06.17.58:972][  0]LogD3D11RHI:       3962/0/4005 MB DedicatedVideo/DedicatedSystem/SharedSystem, Outputs:1, VendorId:0x10de
[2022.08.30-06.17.58:987][  0]LogD3D11RHI:    1. 'Intel(R) UHD Graphics' (Feature Level 11_0)
[2022.08.30-06.17.58:987][  0]LogD3D11RHI:       128/0/4005 MB DedicatedVideo/DedicatedSystem/SharedSystem, Outputs:0, VendorId:0x8086
[2022.08.30-06.17.58:988][  0]LogD3D11RHI:    2. 'Microsoft Basic Render Driver' (Feature Level 11_0)
[2022.08.30-06.17.58:988][  0]LogD3D11RHI:       0/0/4005 MB DedicatedVideo/DedicatedSystem/SharedSystem, Outputs:0, VendorId:0x1414
[2022.08.30-06.17.58:988][  0]LogD3D11RHI: Chosen D3D11 Adapter:
[2022.08.30-06.17.58:988][  0]LogD3D11RHI:     Description : NVIDIA GeForce GTX 1650 with Max-Q Design
[2022.08.30-06.17.58:988][  0]LogD3D11RHI:     VendorId    : 10de
[2022.08.30-06.17.58:988][  0]LogD3D11RHI:     DeviceId    : 1f99
[2022.08.30-06.17.58:988][  0]LogD3D11RHI:     SubSysId    : 12bd1462
[2022.08.30-06.17.58:988][  0]LogD3D11RHI:     Revision    : 00a1
[2022.08.30-06.17.58:988][  0]LogD3D11RHI:     DedicatedVideoMemory : 4154458112 bytes
[2022.08.30-06.17.58:988][  0]LogD3D11RHI:     DedicatedSystemMemory : 0 bytes
[2022.08.30-06.17.58:988][  0]LogD3D11RHI:     SharedSystemMemory : 4199649280 bytes
[2022.08.30-06.17.58:988][  0]LogD3D11RHI:     AdapterLuid : 0 57539
[2022.08.30-06.17.58:993][  0]LogD3D11RHI: Creating new Direct3DDevice
[2022.08.30-06.17.58:993][  0]LogD3D11RHI:     GPU DeviceId: 0x1f99 (for the marketing name, search the web for "GPU Device Id")
[2022.08.30-06.17.58:993][  0]LogWindows: EnumDisplayDevices:
[2022.08.30-06.17.58:993][  0]LogWindows:    0. 'Intel(R) UHD Graphics' (P:1 D:1)
[2022.08.30-06.17.58:993][  0]LogWindows:    1. 'Intel(R) UHD Graphics' (P:0 D:0)
[2022.08.30-06.17.58:993][  0]LogWindows:    2. 'Intel(R) UHD Graphics' (P:0 D:0)
[2022.08.30-06.17.58:993][  0]LogWindows: DebugString: PrimaryIsNotTheChoosenAdapter PrimaryIsNotTheChoosenAdapter PrimaryIsNotTheChoosenAdapter FoundDriverCount:0 
[2022.08.30-06.17.58:993][  0]LogD3D11RHI:     Adapter Name: NVIDIA GeForce GTX 1650 with Max-Q Design
[2022.08.30-06.17.58:993][  0]LogD3D11RHI:   Driver Version: Unknown (internal:Unknown, unified:Unknown)
[2022.08.30-06.17.58:993][  0]LogD3D11RHI:      Driver Date: Unknown
[2022.08.30-06.17.58:993][  0]LogRHI: Texture pool is 2773 MB (70% of 3962 MB)
[2022.08.30-06.17.58:993][  0]LogD3D11RHI: Creating D3DDevice using adapter:
[2022.08.30-06.17.58:993][  0]LogD3D11RHI:     Description : NVIDIA GeForce GTX 1650 with Max-Q Design
[2022.08.30-06.17.58:993][  0]LogD3D11RHI:     VendorId    : 10de
[2022.08.30-06.17.58:994][  0]LogD3D11RHI:     DeviceId    : 1f99
[2022.08.30-06.17.58:994][  0]LogD3D11RHI:     SubSysId    : 12bd1462
[2022.08.30-06.17.58:994][  0]LogD3D11RHI:     Revision    : 00a1
[2022.08.30-06.17.58:994][  0]LogD3D11RHI:     DedicatedVideoMemory : 4154458112 bytes
[2022.08.30-06.17.58:994][  0]LogD3D11RHI:     DedicatedSystemMemory : 0 bytes
[2022.08.30-06.17.58:994][  0]LogD3D11RHI:     SharedSystemMemory : 4199649280 bytes
[2022.08.30-06.17.58:994][  0]LogD3D11RHI:     AdapterLuid : 0 57539
[2022.08.30-06.17.59:051][  0]LogD3D11RHI: RHI has support for 64 bit atomics
[2022.08.30-06.17.59:051][  0]LogD3D11RHI: Async texture creation enabled
[2022.08.30-06.17.59:051][  0]LogD3D11RHI: Array index from any shader is supported
[2022.08.30-06.17.59:063][  0]LogD3D11RHI: GPU Timing Frequency: 1000.000000 (Debug: 2 1)
[2022.08.30-06.17.59:099][  0]LogRHI: GeForceNow SDK initialized: 1
[2022.08.30-06.17.59:341][  0]LogTargetPlatformManager: Display: Loaded TargetPlatform 'AllDesktop'
[2022.08.30-06.17.59:360][  0]LogTargetPlatformManager: Display: Loaded TargetPlatform 'Android'
[2022.08.30-06.17.59:360][  0]LogTargetPlatformManager: Display: Loaded TargetPlatform 'Android_ASTC'
[2022.08.30-06.17.59:360][  0]LogTargetPlatformManager: Display: Loaded TargetPlatform 'Android_DXT'
[2022.08.30-06.17.59:360][  0]LogTargetPlatformManager: Display: Loaded TargetPlatform 'Android_ETC2'
[2022.08.30-06.17.59:360][  0]LogTargetPlatformManager: Display: Loaded TargetPlatform 'AndroidClient'
[2022.08.30-06.17.59:360][  0]LogTargetPlatformManager: Display: Loaded TargetPlatform 'Android_ASTCClient'
[2022.08.30-06.17.59:360][  0]LogTargetPlatformManager: Display: Loaded TargetPlatform 'Android_DXTClient'
[2022.08.30-06.17.59:360][  0]LogTargetPlatformManager: Display: Loaded TargetPlatform 'Android_ETC2Client'
[2022.08.30-06.17.59:360][  0]LogTargetPlatformManager: Display: Loaded TargetPlatform 'Android_Multi'
[2022.08.30-06.17.59:360][  0]LogTargetPlatformManager: Display: Loaded TargetPlatform 'Android_MultiClient'
[2022.08.30-06.17.59:378][  0]LogTargetPlatformManager: Display: Loaded TargetPlatform 'IOSClient'
[2022.08.30-06.17.59:378][  0]LogTargetPlatformManager: Display: Loaded TargetPlatform 'IOS'
[2022.08.30-06.17.59:387][  0]LogTargetPlatformManager: Display: Loaded TargetPlatform 'Linux'
[2022.08.30-06.17.59:391][  0]LogTargetPlatformManager: Display: Loaded TargetPlatform 'LinuxNoEditor'
[2022.08.30-06.17.59:395][  0]LogTargetPlatformManager: Display: Loaded TargetPlatform 'LinuxClient'
[2022.08.30-06.17.59:400][  0]LogTargetPlatformManager: Display: Loaded TargetPlatform 'LinuxServer'
[2022.08.30-06.17.59:409][  0]LogTargetPlatformManager: Display: Loaded TargetPlatform 'LinuxAArch64NoEditor'
[2022.08.30-06.17.59:413][  0]LogTargetPlatformManager: Display: Loaded TargetPlatform 'LinuxAArch64Client'
[2022.08.30-06.17.59:417][  0]LogTargetPlatformManager: Display: Loaded TargetPlatform 'LinuxAArch64Server'
[2022.08.30-06.17.59:441][  0]LogTargetPlatformManager: Display: Loaded TargetPlatform 'Lumin'
[2022.08.30-06.17.59:441][  0]LogTargetPlatformManager: Display: Loaded TargetPlatform 'LuminClient'
[2022.08.30-06.17.59:450][  0]LogTargetPlatformManager: Display: Loaded TargetPlatform 'MacNoEditor'
[2022.08.30-06.17.59:454][  0]LogTargetPlatformManager: Display: Loaded TargetPlatform 'Mac'
[2022.08.30-06.17.59:458][  0]LogTargetPlatformManager: Display: Loaded TargetPlatform 'MacClient'
[2022.08.30-06.17.59:462][  0]LogTargetPlatformManager: Display: Loaded TargetPlatform 'MacServer'
[2022.08.30-06.17.59:472][  0]LogTargetPlatformManager: Display: Loaded TargetPlatform 'TVOSClient'
[2022.08.30-06.17.59:472][  0]LogTargetPlatformManager: Display: Loaded TargetPlatform 'TVOS'
[2022.08.30-06.17.59:481][  0]LogTargetPlatformManager: Display: Loaded TargetPlatform 'WindowsNoEditor'
[2022.08.30-06.17.59:486][  0]LogTargetPlatformManager: Display: Loaded TargetPlatform 'Windows'
[2022.08.30-06.17.59:490][  0]LogTargetPlatformManager: Display: Loaded TargetPlatform 'WindowsClient'
[2022.08.30-06.17.59:494][  0]LogTargetPlatformManager: Display: Loaded TargetPlatform 'WindowsServer'
[2022.08.30-06.17.59:494][  0]LogTargetPlatformManager: Display: Building Assets For Windows
[2022.08.30-06.17.59:500][  0]LogAudioDebug: Display: Lib vorbis DLL was dynamically loaded.
[2022.08.30-06.17.59:524][  0]LogTextureFormatOodle: Display: Oodle Texture 2.9.0 init RDO Off
[2022.08.30-06.17.59:552][  0]LogRendererCore: Ray tracing is disabled. Reason: r.RayTracing=0.
[2022.08.30-06.17.59:552][  0]LogShaderCompilers: Guid format shader working directory is -17 characters bigger than the processId version (../../../../../../Work/TeamProject/UnrealTeam/UnrealTeamProject/Intermediate/Shaders/WorkingDirectory/9132/).
[2022.08.30-06.17.59:552][  0]LogShaderCompilers: Cleaned the shader compiler working directory 'C:/Users/yssy5/AppData/Local/Temp/UnrealShaderWorkingDir/4EB3AEED4BAED7797E9C70B662A9B2CC/'.
[2022.08.30-06.17.59:553][  0]LogXGEController: Cannot use XGE Controller as Incredibuild is not installed on this machine.
[2022.08.30-06.17.59:553][  0]LogShaderCompilers: Cannot use XGE Shader Compiler as Incredibuild is not installed on this machine.
[2022.08.30-06.17.59:553][  0]LogShaderCompilers: Display: Using Local Shader Compiler.
[2022.08.30-06.18.00:221][  0]LogDerivedDataCache: Display: Max Cache Size: 512 MB
[2022.08.30-06.18.00:299][  0]LogDerivedDataCache: Loaded boot cache 0.08s 94MB C:/Users/yssy5/AppData/Local/UnrealEngine/4.27/DerivedDataCache/Boot.ddc.
[2022.08.30-06.18.00:299][  0]LogDerivedDataCache: Display: Loaded Boot cache: C:/Users/yssy5/AppData/Local/UnrealEngine/4.27/DerivedDataCache/Boot.ddc
[2022.08.30-06.18.00:299][  0]LogDerivedDataCache: FDerivedDataBackendGraph:  Pak pak cache file ../../../../../../Work/TeamProject/UnrealTeam/UnrealTeamProject/DerivedDataCache/DDC.ddp not found, will not use a pak cache.
[2022.08.30-06.18.00:299][  0]LogDerivedDataCache: Unable to find inner node Pak for hierarchical cache Hierarchy.
[2022.08.30-06.18.00:299][  0]LogDerivedDataCache: FDerivedDataBackendGraph:  CompressedPak pak cache file ../../../../../../Work/TeamProject/UnrealTeam/UnrealTeamProject/DerivedDataCache/Compressed.ddp not found, will not use a pak cache.
[2022.08.30-06.18.00:299][  0]LogDerivedDataCache: Unable to find inner node CompressedPak for hierarchical cache Hierarchy.
[2022.08.30-06.18.00:315][  0]LogDerivedDataCache: Display: Pak cache opened for reading ../../../Engine/DerivedDataCache/Compressed.ddp.
[2022.08.30-06.18.00:315][  0]LogDerivedDataCache: FDerivedDataBackendGraph:  EnterprisePak pak cache file ../../../Enterprise/DerivedDataCache/Compressed.ddp not found, will not use a pak cache.
[2022.08.30-06.18.00:315][  0]LogDerivedDataCache: Unable to find inner node EnterprisePak for hierarchical cache Hierarchy.
[2022.08.30-06.18.00:323][  0]LogDerivedDataCache: Speed tests for C:/Users/yssy5/AppData/Local/UnrealEngine/Common/DerivedDataCache took 0.01 seconds
[2022.08.30-06.18.00:323][  0]LogDerivedDataCache: Display: Performance to C:/Users/yssy5/AppData/Local/UnrealEngine/Common/DerivedDataCache: Latency=0.02ms. RandomReadSpeed=305.00MBs, RandomWriteSpeed=223.08MBs. Assigned SpeedClass 'Local'
[2022.08.30-06.18.00:323][  0]LogDerivedDataCache: Using Local data cache path C:/Users/yssy5/AppData/Local/UnrealEngine/Common/DerivedDataCache: Writable
[2022.08.30-06.18.00:323][  0]LogDerivedDataCache: Shared data cache path not found in *engine.ini, will not use an Shared cache.
[2022.08.30-06.18.00:323][  0]LogDerivedDataCache: Unable to find inner node Shared for hierarchical cache Hierarchy.
[2022.08.30-06.18.00:365][  0]LogSlate: Using FreeType 2.10.0
[2022.08.30-06.18.00:365][  0]LogSlate: SlateFontServices - WITH_FREETYPE: 1, WITH_HARFBUZZ: 1
[2022.08.30-06.18.00:391][  0]LogAssetRegistry: FAssetRegistry took 0.0026 seconds to start up
[2022.08.30-06.18.00:611][  0]LogInit: Selected Device Profile: [Windows]
[2022.08.30-06.18.00:612][  0]LogInit: Active device profile: [00000234CDDB0700][00000234C4041980 49] Windows
[2022.08.30-06.18.00:612][  0]LogInit: Profiles: [00000234CDDB0700][00000234C4041980 49] Windows, [00000234CDD53700][00000234C404DB00 49] WindowsNoEditor, [00000234CDDB3300][00000234CD8E8100 49] WindowsServer, [00000234CDD50F00][00000234CD944280 49] WindowsClient, [00000234CDDB3500][00000234D013C400 49] IOS, [00000234CDD2FF00][00000234D014C580 49] iPadAir, [00000234CDD53B00][00000234D015A700 49] iPadAir2, [00000234CDCF0500][00000234C4044980 49] IPadPro, [00000234CDCF0600][00000234D015E9C0 49] iPadAir3, [00000234CDD2C100][00000234D0162B00 49] iPadAir4, [00000234CDCF2C00][00000234D0166C40 49] iPadMini2, [00000234CDD2E500][00000234D016AD80 49] iPadMini3, [00000234CDCF3400][00000234C3A50F00 49] iPadMini4, [00000234CDD2CF00][00000234C6675080 49] iPadMini5, [00000234CDCEBE00][00000234C667D340 49] iPhone6, [00000234CDCEBF00][00000234C6679380 49] iPodTouch6, [00000234CDDB3900][00000234C6685640 49] iPhone7, [00000234CDDB2100][00000234C6681680 49] iPodTouch7, [00000234CDCE8400][00000234C3FC3800 49] iPhone5S, [00000234CDCF3D00][00000234C4003980 49] iPhone6Plus, [00000234CDDB3400][00000234C3AC3B00 49] iPhone6S, [00000234CDCF2000][00000234C3AC6100 49] iPhone6SPlus, [00000234CDDB0900][00000234C3ACA280 49] iPhone7Plus, [00000234CDCF0E00][00000234C3ACE400 49] iPhoneSE, [00000234CDDB0200][00000234C3AD2580 49] iPhone8, [00000234CDCF2400][00000234C400A700 49] iPhone8Plus, [00000234CDDB1E00][00000234C400E880 49] iPhoneX, [00000234CDCF3E00][00000234C4012A00 49] iPhoneXS, [00000234CDDB1600][00000234C3A4CB40 49] iPhoneXSMax, [00000234CDCF2500][00000234C4016C80 49] iPhoneXR, [00000234CDDB2A00][00000234C4024DC0 49] iPhone11, [00000234CDCF3A00][00000234C4028F00 49] iPhone11Pro, [00000234CDDB0F00][00000234C3FA3080 49] iPhone11ProMax, [00000234CDCF2300][00000234C3FA7200 49] iPhoneSE2, [00000234CDDB2700][00000234C3FAB380 49] iPhone12Mini, [00000234CDCF0700][00000234C3FAF500 49] iPhone12, [00000234CDDB3100][00000234C4007680 49] iPhone12Pro, [00000234CDCF3500][00000234C401B800 49] iPhone12ProMax, [00000234CDDB0800][00000234C3FB3980 49] iPadPro105, [00000234CDCF1C00][00000234C3FB7B00 49] iPadPro129, [00000234CDDB0300][00000234C3FBA100 49] iPadPro97, [00000234CDCF1D00][00000234C3FBE280 49] iPadPro2_129, [00000234CDDB0C00][00000234CFDD6400 49] iPad5, [00000234CDCF3000][00000234CFDDA580 49] iPad6, [00000234CDDB2C00][00000234CFDDE700 49] iPad7, [00000234CDCF2E00][00000234CFDE2880 49] iPad8, [00000234CDDB1800][00000234CFDE6A00 49] iPadPro11, [00000234CDCF1B00][00000234CFDEAB80 49] iPadPro2_11, [00000234CDDB1500][00000234CFDEED00 49] iPadPro3_129, [00000234CDCF2700][00000234C402CE40 49] iPadPro4_129, [00000234CDDB0100][00000234CFE0AF80 49] AppleTV, [00000234CDCF2B00][00000234CFE070C0 49] AppleTV4K, [00000234CDDB1B00][00000234C3AD7240 49] TVOS, [00000234CDCF0900][00000234CA2A33C0 49] Mac, [00000234CDDB1700][00000234CD73B540 49] MacClient, [00000234CDCF2F00][00000234CFDF36C0 49] MacNoEditor, [00000234CDDB0D00][00000234CD983840 49] MacServer, [00000234CDCF0300][00000234CD9879C0 49] Linux, [00000234CDDB2E00][00000234CD98BB40 49] LinuxAArch64, [00000234CDCF1500][00000234CD98E140 49] LinuxNoEditor, [00000234CDDB2400][00000234CD9922C0 49] LinuxAArch64NoEditor, [00000234CDCF0200][00000234CD996440 49] LinuxClient, [00000234CDDB2D00][00000234CD99A5C0 49] LinuxAArch64Client, [00000234CDCF0C00][00000234CD99E740 49] LinuxServer, [00000234CDDB0400][00000234CD9A28C0 49] LinuxAArch64Server, [00000234CDCF1000][00000234CD9A6A40 49] Android, [00000234CDD2F900][00000234D01E8BC0 49] Android_Low, [00000234CDCE9B00][00000234D01ECD40 49] Android_Mid, [00000234CDD2F000][00000234D01F0EC0 49] Android_High, [00000234CDCEA300][00000234C6723000 49] Android_Default, [00000234CDD2E000][00000234D01F5140 49] Android_Adreno4xx, [00000234CDCE8100][00000234D01F9280 49] Android_Adreno5xx_Low, [00000234CDD2CB00][00000234D01FD3C0 49] Android_Adreno5xx, [00000234CDCE9800][00000234D0205540 49] Android_Adreno6xx, [00000234CDD2D100][00000234D02096C0 49] Android_Adreno6xx_Vulkan, [00000234CDCE8800][00000234D020D840 49] Android_Mali_T6xx, [00000234CDD2F600][00000234D02119C0 49] Android_Mali_T7xx, [00000234CDCE8D00][00000234D0215B40 49] Android_Mali_T8xx, [00000234CDD2FC00][00000234D0218140 49] Android_Mali_G71, [00000234CDCE9500][00000234D021C2C0 49] Android_Mali_G72, [00000234CDD2FE00][00000234D016E440 49] Android_Mali_G72_Vulkan, [00000234CDCEBD00][00000234D01725C0 49] Android_Mali_G76, [00000234CDD2FA00][00000234D0176740 49] Android_Mali_G76_Vulkan, [00000234CDCEB600][00000234D017A8C0 49] Android_Mali_G77, [00000234CDD2E200][00000234D017EA40 49] Android_Mali_G77_Vulkan, [00000234CDCE9200][00000234D0182BC0 49] Android_Mali_G78, [00000234CDD2CA00][00000234D0186D40 49] Android_Mali_G78_Vulkan, [00000234CDCEB000][00000234D018AEC0 49] Android_Mali_G710, [00000234CDD2D400][00000234D018F040 49] Android_Mali_G710_Vulkan, [00000234CDCE8700][00000234D0201180 49] Android_Vulkan_SM5, [00000234CDD2D800][00000234D01932C0 49] Android_PowerVR_G6xxx, [00000234CDCE8E00][00000234D0197400 49] Android_PowerVR_GT7xxx, [00000234CDD2C200][00000234D019B540 49] Android_PowerVR_GE8xxx, [00000234CDCE8600][00000234D01A36C0 49] Android_PowerVR_GM9xxx, [00000234CDD2E600][00000234D01A7840 49] Android_PowerVR_GM9xxx_Vulkan, [00000234CDCF0F00][00000234C66059C0 49] Android_TegraK1, [00000234CDD2EA00][00000234C6609B40 49] Android_Unknown_Vulkan, [00000234CDCF0D00][00000234C660C140 49] Lumin, [00000234CDD2D200][00000234C66102C0 49] Lumin_Desktop, [00000234CDCF0B00][00000234C6614440 49] HoloLens, 
[2022.08.30-06.18.00:737][  0]LogMeshReduction: Using QuadricMeshReduction for automatic static mesh reduction
[2022.08.30-06.18.00:737][  0]LogMeshReduction: Using SimplygonMeshReduction for automatic skeletal mesh reduction
[2022.08.30-06.18.00:737][  0]LogMeshReduction: Using ProxyLODMeshReduction for automatic mesh merging
[2022.08.30-06.18.00:737][  0]LogMeshReduction: No distributed automatic mesh merging module available
[2022.08.30-06.18.00:737][  0]LogMeshMerging: No distributed automatic mesh merging module available
[2022.08.30-06.18.00:752][  0]LogNetVersion: UnrealTeamProject 1.0.0, NetCL: 17155196, EngineNetVer: 17, GameNetVer: 0 (Checksum: 609421837)
[2022.08.30-06.18.01:212][  0]LogTexture: Default maximum texture size for cubemaps generated from long-lat sources has been changed from 512 to unlimited. In order to preserve old behaiour for '/Engine/MapTemplates/Sky/DaylightAmbientCubemap.DaylightAmbientCubemap', its maximum texture size has been explicitly set to 512.
[2022.08.30-06.18.01:276][  0]LogHMD: PokeAHoleMaterial loaded successfully
[2022.08.30-06.18.01:281][  0]LogUObjectArray: 17178 objects as part of root set at end of initial load.
[2022.08.30-06.18.01:281][  0]LogUObjectAllocator: 4302048 out of 0 bytes used by permanent object pool.
[2022.08.30-06.18.01:281][  0]LogUObjectArray: CloseDisregardForGC: 0/0 objects in disregard for GC pool
[2022.08.30-06.18.01:471][  0]LogNiagaraDebuggerClient: Niagara Debugger Client Initialized | Session: 33F1D5AF4A3C412C25AA728771411C57 | Instance: 03FEB5E1448CDEF55C2EA28304CC99C6 (DESKTOP-1ADEDOS-9132).
[2022.08.30-06.18.01:612][  0]LogPython: Using Python 3.7.7
[2022.08.30-06.18.02:198][  0]LogTcpMessaging: Initializing TcpMessaging bridge
[2022.08.30-06.18.02:209][  0]LogUdpMessaging: Initializing bridge on interface 0.0.0.0:0 to multicast group 230.0.0.1:6666.
[2022.08.30-06.18.02:495][  0]SourceControl: 소스 컨트롤이 꺼졌습니다.
[2022.08.30-06.18.02:495][  0]SourceControl: 소스 컨트롤이 꺼졌습니다.
[2022.08.30-06.18.02:499][  0]SourceControl: 소스 컨트롤이 꺼졌습니다.
[2022.08.30-06.18.02:510][  0]SourceControl: 소스 컨트롤이 꺼졌습니다.
[2022.08.30-06.18.02:521][  0]SourceControl: 소스 컨트롤이 꺼졌습니다.
[2022.08.30-06.18.02:574][  0]LogUProjectInfo: Found projects:
[2022.08.30-06.18.02:696][  0]LogOpenImageDenoise: OIDN starting up
[2022.08.30-06.18.02:874][  0]LogAndroidPermission: UAndroidPermissionCallbackProxy::GetInstance
[2022.08.30-06.18.02:899][  0]LogAudioCaptureCore: Display: No Audio Capture implementations found. Audio input will be silent.
[2022.08.30-06.18.02:899][  0]LogAudioCaptureCore: Display: No Audio Capture implementations found. Audio input will be silent.
[2022.08.30-06.18.03:047][  0]LogCollectionManager: Loaded 0 collections in 0.001605 seconds
[2022.08.30-06.18.03:073][  0]LogFileCache: Scanning file cache for directory 'C:/Work/TeamProject/UnrealTeam/UnrealTeamProject/Saved/Collections/' took 0.00s
[2022.08.30-06.18.03:073][  0]LogFileCache: Scanning file cache for directory 'C:/Work/TeamProject/UnrealTeam/UnrealTeamProject/Content/Developers/yssy5/Collections/' took 0.00s
[2022.08.30-06.18.03:073][  0]LogFileCache: Scanning file cache for directory 'C:/Work/TeamProject/UnrealTeam/UnrealTeamProject/Content/Collections/' took 0.00s
[2022.08.30-06.18.03:073][  0]LogOcInput: OculusInput pre-init called
[2022.08.30-06.18.03:329][  0]LogClass: Display: IntProperty FRegisteredDeviceInfo::Handle is not initialized properly. Module:RawInput File:Public/RawInputFunctionLibrary.h
[2022.08.30-06.18.03:329][  0]LogClass: Display: IntProperty FRegisteredDeviceInfo::VendorID is not initialized properly. Module:RawInput File:Public/RawInputFunctionLibrary.h
[2022.08.30-06.18.03:329][  0]LogClass: Display: IntProperty FRegisteredDeviceInfo::ProductID is not initialized properly. Module:RawInput File:Public/RawInputFunctionLibrary.h
[2022.08.30-06.18.03:329][  0]LogClass: Display: 3 Uninitialized script struct members found including 0 object properties
[2022.08.30-06.18.03:331][  0]LogEngine: Initializing Engine...
[2022.08.30-06.18.03:334][  0]LogHMD: Failed to enumerate extensions. Please check that you have a valid OpenXR runtime installed.
[2022.08.30-06.18.03:334][  0]LogHMD: Failed to initialize OpenVR with code 110
[2022.08.30-06.18.03:334][  0]LogMagicLeap: Warning: VR disabled because ZI is not enabled.  To enable, in the editor, Edit -> Project Settings -> Plugins -> Magic Leap Plugin -> Enable Zero Iteration
[2022.08.30-06.18.03:334][  0]LogStats: UGameplayTagsManager::InitializeManager -  0.000 s
[2022.08.30-06.18.03:473][  0]LogInit: Initializing FReadOnlyCVARCache
[2022.08.30-06.18.03:486][  0]LogAIModule: Creating AISystem for world Untitled
[2022.08.30-06.18.03:486][  0]LogAudio: Display: Initializing Audio Device Manager...
[2022.08.30-06.18.03:492][  0]LogAudio: Display: Loading Default Audio Settings Objects...
[2022.08.30-06.18.03:492][  0]LogAudio: Display: No default SoundConcurrencyObject specified (or failed to load).
[2022.08.30-06.18.03:493][  0]LogAudio: Display: Audio Device Manager Initialized
[2022.08.30-06.18.03:493][  0]LogAudio: Display: Creating Audio Device:                 Id: 1, Scope: Shared, Realtime: True
[2022.08.30-06.18.03:493][  0]LogAudioMixer: Display: Audio Mixer Platform Settings:
[2022.08.30-06.18.03:493][  0]LogAudioMixer: Display: 	Sample Rate:						  48000
[2022.08.30-06.18.03:493][  0]LogAudioMixer: Display: 	Callback Buffer Frame Size Requested: 1024
[2022.08.30-06.18.03:493][  0]LogAudioMixer: Display: 	Callback Buffer Frame Size To Use:	  1024
[2022.08.30-06.18.03:493][  0]LogAudioMixer: Display: 	Number of buffers to queue:			  2
[2022.08.30-06.18.03:493][  0]LogAudioMixer: Display: 	Max Channels (voices):				  32
[2022.08.30-06.18.03:493][  0]LogAudioMixer: Display: 	Number of Async Source Workers:		  0
[2022.08.30-06.18.03:493][  0]LogAudio: Display: AudioDevice MaxSources: 32
[2022.08.30-06.18.03:493][  0]LogAudio: Display: Audio Spatialization Plugin: None (built-in).
[2022.08.30-06.18.03:493][  0]LogAudio: Display: Audio Reverb Plugin: None (built-in).
[2022.08.30-06.18.03:493][  0]LogAudio: Display: Audio Occlusion Plugin: None (built-in).
[2022.08.30-06.18.03:493][  0]LogAudioMixer: Display: Initializing audio mixer.
[2022.08.30-06.18.03:504][  0]LogAudioMixer: Display: 0: FrontLeft
[2022.08.30-06.18.03:504][  0]LogAudioMixer: Display: 1: FrontRight
[2022.08.30-06.18.03:531][  0]LogAudioMixer: Display: Using Audio Device 스피커(Realtek(R) Audio)
[2022.08.30-06.18.03:531][  0]LogAudioMixer: Display: Initializing Sound Submixes...
[2022.08.30-06.18.03:535][  0]LogAudioMixer: Display: Creating Master Submix 'MasterSubmixDefault'
[2022.08.30-06.18.03:535][  0]LogAudioMixer: Display: Creating Master Submix 'MasterReverbSubmixDefault'
[2022.08.30-06.18.03:535][  0]LogAudioMixer: Display: Creating Master Submix 'MasterEQSubmixDefault'
[2022.08.30-06.18.03:535][  0]LogAudioMixer: FMixerPlatformXAudio2::StartAudioStream() called
[2022.08.30-06.18.03:536][  0]LogAudioMixer: Display: Output buffers initialized: Frames=1024, Channels=2, Samples=2048
[2022.08.30-06.18.03:536][  0]LogAudioMixer: Display: Starting AudioMixerPlatformInterface::RunInternal()
[2022.08.30-06.18.03:536][  0]LogAudioMixer: Display: FMixerPlatformXAudio2::SubmitBuffer() called for the first time
[2022.08.30-06.18.03:536][  0]LogInit: FAudioDevice initialized.
[2022.08.30-06.18.03:537][  0]LogAudio: Display: Audio Device (ID: 1) registered with world 'Untitled'.
[2022.08.30-06.18.03:537][  0]LogNetVersion: Set ProjectVersion to 1.0.0.0. Version Checksum will be recalculated on next use.
[2022.08.30-06.18.03:586][  0]LogDerivedDataCache: Saved boot cache 0.05s 94MB C:/Users/yssy5/AppData/Local/UnrealEngine/4.27/DerivedDataCache/Boot.ddc.
[2022.08.30-06.18.03:587][  0]LogInit: Texture streaming: Enabled
[2022.08.30-06.18.03:601][  0]LogAnalytics: Display: [UEEditor.Rocket.Release] APIServer = https://datarouter.ol.epicgames.com/. AppVersion = 4.27.2-18319896+++UE4+Release-4.27
[2022.08.30-06.18.03:605][  0]LogEngineSessionManager: EngineSessionManager initialized
[2022.08.30-06.18.03:605][  0]LogEditorSessionSummary: Verbose: Initializing EditorSessionSummaryWriter for editor session tracking
[2022.08.30-06.18.03:608][  0]LogEditorSessionSummary: EditorSessionSummaryWriter initialized
[2022.08.30-06.18.03:633][  0]LogInit: Transaction tracking system initialized
[2022.08.30-06.18.03:663][  0]BlueprintLog: New page: 에디터 로드
[2022.08.30-06.18.03:736][  0]LocalizationService: 현지화 서비스가 비활성화되었습니다.
[2022.08.30-06.18.03:764][  0]TimingProfiler: Initialize
[2022.08.30-06.18.03:764][  0]TimingProfiler: OnSessionChanged
[2022.08.30-06.18.03:764][  0]LoadingProfiler: Initialize
[2022.08.30-06.18.03:764][  0]LoadingProfiler: OnSessionChanged
[2022.08.30-06.18.03:764][  0]NetworkingProfiler: Initialize
[2022.08.30-06.18.03:764][  0]NetworkingProfiler: OnSessionChanged
[2022.08.30-06.18.03:764][  0]MemoryProfiler: Initialize
[2022.08.30-06.18.03:764][  0]MemoryProfiler: OnSessionChanged
[2022.08.30-06.18.03:916][  0]LogCook: Display: CookSettings for Memory: MemoryMaxUsedVirtual 0MiB, MemoryMaxUsedPhysical 16384MiB, MemoryMinFreeVirtual 0MiB, MemoryMinFreePhysical 1024MiB
[2022.08.30-06.18.03:916][  0]LogCook: Display: Mobile HDR setting 1
[2022.08.30-06.18.04:125][  0]LogFileCache: Scanning file cache for directory 'C:/Work/TeamProject/UnrealTeam/UnrealTeamProject/Content/' took 0.00s
[2022.08.30-06.18.04:320][  0]LogInit: Display: Engine is initialized. Leaving FEngineLoop::Init()
[2022.08.30-06.18.04:323][  0]SourceControl: 소스 컨트롤이 꺼졌습니다.
[2022.08.30-06.18.04:323][  0]LogUnrealEdMisc: Loading editor; pre map load, took 6.882
[2022.08.30-06.18.04:323][  0]Cmd: MAP LOAD FILE="../../../../../../Work/TeamProject/UnrealTeam/UnrealTeamProject/Content/VehicleAdvBP/Maps/VehicleAdvExampleMap.umap" TEMPLATE=0 SHOWPROGRESS=1 FEATURELEVEL=3
[2022.08.30-06.18.04:324][  0]LightingResults: New page: 라이팅 빌드
[2022.08.30-06.18.04:326][  0]LogWorld: UWorld::CleanupWorld for Untitled, bSessionEnded=true, bCleanupResources=true
[2022.08.30-06.18.04:326][  0]LogSlate: InvalidateAllWidgets triggered.  All widgets were invalidated
[2022.08.30-06.18.04:326][  0]MapCheck: New page: 맵 체크
[2022.08.30-06.18.04:326][  0]LightingResults: New page: 라이팅 빌드
[2022.08.30-06.18.04:330][  0]LogAudio: Display: Audio Device unregistered from world 'None'.
[2022.08.30-06.18.04:332][  0]LogUObjectHash: Compacting FUObjectHashTables data took   0.76ms
[2022.08.30-06.18.04:379][  0]LogLinker: Warning: Asset '../../../../../../Work/TeamProject/UnrealTeam/UnrealTeamProject/Content/Blueprints/TimeConversion.uasset' has been saved with empty engine version. The asset will be loaded but may be incompatible.
[2022.08.30-06.18.04:382][  0]LogLinker: Warning: Asset '../../../../../../Work/TeamProject/UnrealTeam/UnrealTeamProject/Content/Blueprints/MySaveGame.uasset' has been saved with empty engine version. The asset will be loaded but may be incompatible.
[2022.08.30-06.18.04:504][  0]LogLinker: Warning: Asset '../../../../../../Work/TeamProject/UnrealTeam/UnrealTeamProject/Content/Blueprints/UI/HUD.uasset' has been saved with empty engine version. The asset will be loaded but may be incompatible.
[2022.08.30-06.18.04:701][  0]LogTexture: Display: 텍스처 빌드: DeprecatedTextureE11BE2054D83D8A1F63FFE8A745134ED (BGRA8, 128X128)
[2022.08.30-06.18.04:705][  0]LogTexture: Display: 텍스처 빌드: DeprecatedTexture2A6234BC4215506C34E6C38A8159A6F3 (BGRA8, 128X128)
[2022.08.30-06.18.04:712][  0]LogTexture: Display: 텍스처 빌드: DeprecatedTexture9C712D874CE539F6C34BDC8FC549EE60 (BGRA8, 128X128)
[2022.08.30-06.18.04:726][  0]LogSkeletalMesh: Display: [AssetLog] C:\Work\TeamProject\UnrealTeam\UnrealTeamProject\Content\VehicleAdv\Vehicle\Vehicle_SkelMesh.uasset: Find and fix some bad tangent! please re-import this skeletal mesh asset to fix the issue. The shading of the skeletal mesh will be bad and faceted.
[2022.08.30-06.18.04:828][  0]LogAudio: Display: Audio Device (ID: 1) registered with world 'VehicleAdvExampleMap'.
[2022.08.30-06.18.04:828][  0]LogAIModule: Creating AISystem for world VehicleAdvExampleMap
[2022.08.30-06.18.04:850][  0]LogEditorServer: Finished looking for orphan Actors (0.000 secs)
[2022.08.30-06.18.04:862][  0]LogUObjectHash: Compacting FUObjectHashTables data took   0.98ms
[2022.08.30-06.18.04:862][  0]Cmd: MAP CHECKDEP NOCLEARLOG
[2022.08.30-06.18.04:863][  0]MapCheck: 맵 체크 완료: 오류 0 회, 경고 0 회, 소요 시간 0.118ms.
[2022.08.30-06.18.04:863][  0]LogFileHelpers: Loading map 'VehicleAdvExampleMap' took 0.541
[2022.08.30-06.18.04:864][  0]LogUnrealEdMisc: Total Editor Startup Time, took 7.425
[2022.08.30-06.18.04:996][  0]LogSlate: Updating window title bar state: overlay mode, drag disabled, window buttons hidden, title bar hidden
[2022.08.30-06.18.05:001][  0]LogSlate: Updating window title bar state: overlay mode, drag disabled, window buttons hidden, title bar hidden
[2022.08.30-06.18.05:006][  0]LogSlate: Updating window title bar state: overlay mode, drag disabled, window buttons hidden, title bar hidden
[2022.08.30-06.18.05:011][  0]LogSlate: Updating window title bar state: overlay mode, drag disabled, window buttons hidden, title bar hidden
[2022.08.30-06.18.05:024][  0]LogNativeClassHierarchy: Verbose: Native class hierarchy populated in 0.0081 seconds. Added 3824 classes and 931 folders.
[2022.08.30-06.18.05:028][  0]LogNativeClassHierarchy: Verbose: Native class hierarchy updated for 'WidgetCarousel' in 0.0003 seconds. Added 0 classes and 0 folders.
[2022.08.30-06.18.05:030][  0]LogPakFile: PakFile PrimaryIndexSize=187
[2022.08.30-06.18.05:030][  0]LogPakFile: PakFile PathHashIndexSize=101
[2022.08.30-06.18.05:030][  0]LogPakFile: PakFile FullDirectoryIndexSize=148
[2022.08.30-06.18.05:030][  0]LogShaderLibrary: Display: ShaderCodeLibraryPakFileMountedCallback: PakFile 'C:/Program Files/Epic Games/UE_4.27/FeaturePacks/FP_FirstPerson.upack' (chunk index -1, root 'root:/') mounted
[2022.08.30-06.18.05:030][  0]LogShaderLibrary: Display: ShaderCodeLibraryPakFileMountedCallback: pending pak file info (ChunkID:-1 Root:root:/ File:C:/Program Files/Epic Games/UE_4.27/FeaturePacks/FP_FirstPerson.upack)
[2022.08.30-06.18.05:030][  0]LogPakFile: OnPakFileMounted2Time == 0.000045
[2022.08.30-06.18.05:031][  0]LogPakFile: PakFile PrimaryIndexSize=189
[2022.08.30-06.18.05:031][  0]LogPakFile: PakFile PathHashIndexSize=101
[2022.08.30-06.18.05:031][  0]LogPakFile: PakFile FullDirectoryIndexSize=152
[2022.08.30-06.18.05:031][  0]LogShaderLibrary: Display: ShaderCodeLibraryPakFileMountedCallback: PakFile 'C:/Program Files/Epic Games/UE_4.27/FeaturePacks/FP_FirstPersonBP.upack' (chunk index -1, root 'root:/') mounted
[2022.08.30-06.18.05:031][  0]LogShaderLibrary: Display: ShaderCodeLibraryPakFileMountedCallback: pending pak file info (ChunkID:-1 Root:root:/ File:C:/Program Files/Epic Games/UE_4.27/FeaturePacks/FP_FirstPersonBP.upack)
[2022.08.30-06.18.05:031][  0]LogPakFile: OnPakFileMounted2Time == 0.000030
[2022.08.30-06.18.05:033][  0]LogPakFile: PakFile PrimaryIndexSize=191
[2022.08.30-06.18.05:033][  0]LogPakFile: PakFile PathHashIndexSize=101
[2022.08.30-06.18.05:033][  0]LogPakFile: PakFile FullDirectoryIndexSize=160
[2022.08.30-06.18.05:033][  0]LogShaderLibrary: Display: ShaderCodeLibraryPakFileMountedCallback: PakFile 'C:/Program Files/Epic Games/UE_4.27/FeaturePacks/MobileStarterContent.upack' (chunk index -1, root 'root:/') mounted
[2022.08.30-06.18.05:033][  0]LogShaderLibrary: Display: ShaderCodeLibraryPakFileMountedCallback: pending pak file info (ChunkID:-1 Root:root:/ File:C:/Program Files/Epic Games/UE_4.27/FeaturePacks/MobileStarterContent.upack)
[2022.08.30-06.18.05:033][  0]LogPakFile: OnPakFileMounted2Time == 0.000027
[2022.08.30-06.18.05:034][  0]LogPakFile: PakFile PrimaryIndexSize=185
[2022.08.30-06.18.05:034][  0]LogPakFile: PakFile PathHashIndexSize=101
[2022.08.30-06.18.05:034][  0]LogPakFile: PakFile FullDirectoryIndexSize=148
[2022.08.30-06.18.05:034][  0]LogShaderLibrary: Display: ShaderCodeLibraryPakFileMountedCallback: PakFile 'C:/Program Files/Epic Games/UE_4.27/FeaturePacks/StarterContent.upack' (chunk index -1, root 'root:/') mounted
[2022.08.30-06.18.05:034][  0]LogShaderLibrary: Display: ShaderCodeLibraryPakFileMountedCallback: pending pak file info (ChunkID:-1 Root:root:/ File:C:/Program Files/Epic Games/UE_4.27/FeaturePacks/StarterContent.upack)
[2022.08.30-06.18.05:034][  0]LogPakFile: OnPakFileMounted2Time == 0.000029
[2022.08.30-06.18.05:035][  0]LogPakFile: PakFile PrimaryIndexSize=190
[2022.08.30-06.18.05:035][  0]LogPakFile: PakFile PathHashIndexSize=101
[2022.08.30-06.18.05:035][  0]LogPakFile: PakFile FullDirectoryIndexSize=154
[2022.08.30-06.18.05:035][  0]LogShaderLibrary: Display: ShaderCodeLibraryPakFileMountedCallback: PakFile 'C:/Program Files/Epic Games/UE_4.27/FeaturePacks/TP_2DSideScroller.upack' (chunk index -1, root 'root:/') mounted
[2022.08.30-06.18.05:035][  0]LogShaderLibrary: Display: ShaderCodeLibraryPakFileMountedCallback: pending pak file info (ChunkID:-1 Root:root:/ File:C:/Program Files/Epic Games/UE_4.27/FeaturePacks/TP_2DSideScroller.upack)
[2022.08.30-06.18.05:035][  0]LogPakFile: OnPakFileMounted2Time == 0.000028
[2022.08.30-06.18.05:037][  0]LogPakFile: PakFile PrimaryIndexSize=192
[2022.08.30-06.18.05:037][  0]LogPakFile: PakFile PathHashIndexSize=101
[2022.08.30-06.18.05:037][  0]LogPakFile: PakFile FullDirectoryIndexSize=158
[2022.08.30-06.18.05:037][  0]LogShaderLibrary: Display: ShaderCodeLibraryPakFileMountedCallback: PakFile 'C:/Program Files/Epic Games/UE_4.27/FeaturePacks/TP_2DSideScrollerBP.upack' (chunk index -1, root 'root:/') mounted
[2022.08.30-06.18.05:037][  0]LogShaderLibrary: Display: ShaderCodeLibraryPakFileMountedCallback: pending pak file info (ChunkID:-1 Root:root:/ File:C:/Program Files/Epic Games/UE_4.27/FeaturePacks/TP_2DSideScrollerBP.upack)
[2022.08.30-06.18.05:038][  0]LogPakFile: OnPakFileMounted2Time == 0.000028
[2022.08.30-06.18.05:039][  0]LogPakFile: PakFile PrimaryIndexSize=182
[2022.08.30-06.18.05:039][  0]LogPakFile: PakFile PathHashIndexSize=101
[2022.08.30-06.18.05:039][  0]LogPakFile: PakFile FullDirectoryIndexSize=138
[2022.08.30-06.18.05:039][  0]LogShaderLibrary: Display: ShaderCodeLibraryPakFileMountedCallback: PakFile 'C:/Program Files/Epic Games/UE_4.27/FeaturePacks/TP_Flying.upack' (chunk index -1, root 'root:/') mounted
[2022.08.30-06.18.05:039][  0]LogShaderLibrary: Display: ShaderCodeLibraryPakFileMountedCallback: pending pak file info (ChunkID:-1 Root:root:/ File:C:/Program Files/Epic Games/UE_4.27/FeaturePacks/TP_Flying.upack)
[2022.08.30-06.18.05:039][  0]LogPakFile: OnPakFileMounted2Time == 0.000028
[2022.08.30-06.18.05:040][  0]LogPakFile: PakFile PrimaryIndexSize=184
[2022.08.30-06.18.05:040][  0]LogPakFile: PakFile PathHashIndexSize=101
[2022.08.30-06.18.05:040][  0]LogPakFile: PakFile FullDirectoryIndexSize=142
[2022.08.30-06.18.05:040][  0]LogShaderLibrary: Display: ShaderCodeLibraryPakFileMountedCallback: PakFile 'C:/Program Files/Epic Games/UE_4.27/FeaturePacks/TP_FlyingBP.upack' (chunk index -1, root 'root:/') mounted
[2022.08.30-06.18.05:041][  0]LogShaderLibrary: Display: ShaderCodeLibraryPakFileMountedCallback: pending pak file info (ChunkID:-1 Root:root:/ File:C:/Program Files/Epic Games/UE_4.27/FeaturePacks/TP_FlyingBP.upack)
[2022.08.30-06.18.05:041][  0]LogPakFile: OnPakFileMounted2Time == 0.000028
[2022.08.30-06.18.05:042][  0]LogPakFile: PakFile PrimaryIndexSize=188
[2022.08.30-06.18.05:042][  0]LogPakFile: PakFile PathHashIndexSize=101
[2022.08.30-06.18.05:042][  0]LogPakFile: PakFile FullDirectoryIndexSize=150
[2022.08.30-06.18.05:042][  0]LogShaderLibrary: Display: ShaderCodeLibraryPakFileMountedCallback: PakFile 'C:/Program Files/Epic Games/UE_4.27/FeaturePacks/TP_HandheldARBP.upack' (chunk index -1, root 'root:/') mounted
[2022.08.30-06.18.05:042][  0]LogShaderLibrary: Display: ShaderCodeLibraryPakFileMountedCallback: pending pak file info (ChunkID:-1 Root:root:/ File:C:/Program Files/Epic Games/UE_4.27/FeaturePacks/TP_HandheldARBP.upack)
[2022.08.30-06.18.05:042][  0]LogPakFile: OnPakFileMounted2Time == 0.000027
[2022.08.30-06.18.05:044][  0]LogPakFile: PakFile PrimaryIndexSize=182
[2022.08.30-06.18.05:044][  0]LogPakFile: PakFile PathHashIndexSize=101
[2022.08.30-06.18.05:044][  0]LogPakFile: PakFile FullDirectoryIndexSize=138
[2022.08.30-06.18.05:044][  0]LogShaderLibrary: Display: ShaderCodeLibraryPakFileMountedCallback: PakFile 'C:/Program Files/Epic Games/UE_4.27/FeaturePacks/TP_Puzzle.upack' (chunk index -1, root 'root:/') mounted
[2022.08.30-06.18.05:044][  0]LogShaderLibrary: Display: ShaderCodeLibraryPakFileMountedCallback: pending pak file info (ChunkID:-1 Root:root:/ File:C:/Program Files/Epic Games/UE_4.27/FeaturePacks/TP_Puzzle.upack)
[2022.08.30-06.18.05:044][  0]LogPakFile: OnPakFileMounted2Time == 0.000030
[2022.08.30-06.18.05:045][  0]LogPakFile: PakFile PrimaryIndexSize=184
[2022.08.30-06.18.05:045][  0]LogPakFile: PakFile PathHashIndexSize=101
[2022.08.30-06.18.05:045][  0]LogPakFile: PakFile FullDirectoryIndexSize=142
[2022.08.30-06.18.05:045][  0]LogShaderLibrary: Display: ShaderCodeLibraryPakFileMountedCallback: PakFile 'C:/Program Files/Epic Games/UE_4.27/FeaturePacks/TP_PuzzleBP.upack' (chunk index -1, root 'root:/') mounted
[2022.08.30-06.18.05:045][  0]LogShaderLibrary: Display: ShaderCodeLibraryPakFileMountedCallback: pending pak file info (ChunkID:-1 Root:root:/ File:C:/Program Files/Epic Games/UE_4.27/FeaturePacks/TP_PuzzleBP.upack)
[2022.08.30-06.18.05:045][  0]LogPakFile: OnPakFileMounted2Time == 0.000028
[2022.08.30-06.18.05:047][  0]LogPakFile: PakFile PrimaryIndexSize=183
[2022.08.30-06.18.05:047][  0]LogPakFile: PakFile PathHashIndexSize=101
[2022.08.30-06.18.05:047][  0]LogPakFile: PakFile FullDirectoryIndexSize=140
[2022.08.30-06.18.05:047][  0]LogShaderLibrary: Display: ShaderCodeLibraryPakFileMountedCallback: PakFile 'C:/Program Files/Epic Games/UE_4.27/FeaturePacks/TP_Rolling.upack' (chunk index -1, root 'root:/') mounted
[2022.08.30-06.18.05:047][  0]LogShaderLibrary: Display: ShaderCodeLibraryPakFileMountedCallback: pending pak file info (ChunkID:-1 Root:root:/ File:C:/Program Files/Epic Games/UE_4.27/FeaturePacks/TP_Rolling.upack)
[2022.08.30-06.18.05:047][  0]LogPakFile: OnPakFileMounted2Time == 0.000030
[2022.08.30-06.18.05:048][  0]LogPakFile: PakFile PrimaryIndexSize=185
[2022.08.30-06.18.05:048][  0]LogPakFile: PakFile PathHashIndexSize=101
[2022.08.30-06.18.05:048][  0]LogPakFile: PakFile FullDirectoryIndexSize=144
[2022.08.30-06.18.05:048][  0]LogShaderLibrary: Display: ShaderCodeLibraryPakFileMountedCallback: PakFile 'C:/Program Files/Epic Games/UE_4.27/FeaturePacks/TP_RollingBP.upack' (chunk index -1, root 'root:/') mounted
[2022.08.30-06.18.05:048][  0]LogShaderLibrary: Display: ShaderCodeLibraryPakFileMountedCallback: pending pak file info (ChunkID:-1 Root:root:/ File:C:/Program Files/Epic Games/UE_4.27/FeaturePacks/TP_RollingBP.upack)
[2022.08.30-06.18.05:048][  0]LogPakFile: OnPakFileMounted2Time == 0.000031
[2022.08.30-06.18.05:050][  0]LogPakFile: PakFile PrimaryIndexSize=188
[2022.08.30-06.18.05:050][  0]LogPakFile: PakFile PathHashIndexSize=101
[2022.08.30-06.18.05:050][  0]LogPakFile: PakFile FullDirectoryIndexSize=150
[2022.08.30-06.18.05:050][  0]LogShaderLibrary: Display: ShaderCodeLibraryPakFileMountedCallback: PakFile 'C:/Program Files/Epic Games/UE_4.27/FeaturePacks/TP_SideScroller.upack' (chunk index -1, root 'root:/') mounted
[2022.08.30-06.18.05:050][  0]LogShaderLibrary: Display: ShaderCodeLibraryPakFileMountedCallback: pending pak file info (ChunkID:-1 Root:root:/ File:C:/Program Files/Epic Games/UE_4.27/FeaturePacks/TP_SideScroller.upack)
[2022.08.30-06.18.05:050][  0]LogPakFile: OnPakFileMounted2Time == 0.000027
[2022.08.30-06.18.05:051][  0]LogPakFile: PakFile PrimaryIndexSize=190
[2022.08.30-06.18.05:051][  0]LogPakFile: PakFile PathHashIndexSize=101
[2022.08.30-06.18.05:051][  0]LogPakFile: PakFile FullDirectoryIndexSize=154
[2022.08.30-06.18.05:051][  0]LogShaderLibrary: Display: ShaderCodeLibraryPakFileMountedCallback: PakFile 'C:/Program Files/Epic Games/UE_4.27/FeaturePacks/TP_SideScrollerBP.upack' (chunk index -1, root 'root:/') mounted
[2022.08.30-06.18.05:051][  0]LogShaderLibrary: Display: ShaderCodeLibraryPakFileMountedCallback: pending pak file info (ChunkID:-1 Root:root:/ File:C:/Program Files/Epic Games/UE_4.27/FeaturePacks/TP_SideScrollerBP.upack)
[2022.08.30-06.18.05:052][  0]LogPakFile: OnPakFileMounted2Time == 0.000031
[2022.08.30-06.18.05:053][  0]LogPakFile: PakFile PrimaryIndexSize=187
[2022.08.30-06.18.05:053][  0]LogPakFile: PakFile PathHashIndexSize=101
[2022.08.30-06.18.05:053][  0]LogPakFile: PakFile FullDirectoryIndexSize=148
[2022.08.30-06.18.05:053][  0]LogShaderLibrary: Display: ShaderCodeLibraryPakFileMountedCallback: PakFile 'C:/Program Files/Epic Games/UE_4.27/FeaturePacks/TP_ThirdPerson.upack' (chunk index -1, root 'root:/') mounted
[2022.08.30-06.18.05:053][  0]LogShaderLibrary: Display: ShaderCodeLibraryPakFileMountedCallback: pending pak file info (ChunkID:-1 Root:root:/ File:C:/Program Files/Epic Games/UE_4.27/FeaturePacks/TP_ThirdPerson.upack)
[2022.08.30-06.18.05:053][  0]LogPakFile: OnPakFileMounted2Time == 0.000027
[2022.08.30-06.18.05:055][  0]LogPakFile: PakFile PrimaryIndexSize=189
[2022.08.30-06.18.05:055][  0]LogPakFile: PakFile PathHashIndexSize=101
[2022.08.30-06.18.05:055][  0]LogPakFile: PakFile FullDirectoryIndexSize=152
[2022.08.30-06.18.05:055][  0]LogShaderLibrary: Display: ShaderCodeLibraryPakFileMountedCallback: PakFile 'C:/Program Files/Epic Games/UE_4.27/FeaturePacks/TP_ThirdPersonBP.upack' (chunk index -1, root 'root:/') mounted
[2022.08.30-06.18.05:055][  0]LogShaderLibrary: Display: ShaderCodeLibraryPakFileMountedCallback: pending pak file info (ChunkID:-1 Root:root:/ File:C:/Program Files/Epic Games/UE_4.27/FeaturePacks/TP_ThirdPersonBP.upack)
[2022.08.30-06.18.05:055][  0]LogPakFile: OnPakFileMounted2Time == 0.000027
[2022.08.30-06.18.05:056][  0]LogPakFile: PakFile PrimaryIndexSize=183
[2022.08.30-06.18.05:056][  0]LogPakFile: PakFile PathHashIndexSize=101
[2022.08.30-06.18.05:056][  0]LogPakFile: PakFile FullDirectoryIndexSize=140
[2022.08.30-06.18.05:056][  0]LogShaderLibrary: Display: ShaderCodeLibraryPakFileMountedCallback: PakFile 'C:/Program Files/Epic Games/UE_4.27/FeaturePacks/TP_TopDown.upack' (chunk index -1, root 'root:/') mounted
[2022.08.30-06.18.05:056][  0]LogShaderLibrary: Display: ShaderCodeLibraryPakFileMountedCallback: pending pak file info (ChunkID:-1 Root:root:/ File:C:/Program Files/Epic Games/UE_4.27/FeaturePacks/TP_TopDown.upack)
[2022.08.30-06.18.05:056][  0]LogPakFile: OnPakFileMounted2Time == 0.000033
[2022.08.30-06.18.05:057][  0]LogPakFile: PakFile PrimaryIndexSize=185
[2022.08.30-06.18.05:057][  0]LogPakFile: PakFile PathHashIndexSize=101
[2022.08.30-06.18.05:057][  0]LogPakFile: PakFile FullDirectoryIndexSize=144
[2022.08.30-06.18.05:057][  0]LogShaderLibrary: Display: ShaderCodeLibraryPakFileMountedCallback: PakFile 'C:/Program Files/Epic Games/UE_4.27/FeaturePacks/TP_TopDownBP.upack' (chunk index -1, root 'root:/') mounted
[2022.08.30-06.18.05:057][  0]LogShaderLibrary: Display: ShaderCodeLibraryPakFileMountedCallback: pending pak file info (ChunkID:-1 Root:root:/ File:C:/Program Files/Epic Games/UE_4.27/FeaturePacks/TP_TopDownBP.upack)
[2022.08.30-06.18.05:057][  0]LogPakFile: OnPakFileMounted2Time == 0.000027
[2022.08.30-06.18.05:058][  0]LogPakFile: PakFile PrimaryIndexSize=185
[2022.08.30-06.18.05:058][  0]LogPakFile: PakFile PathHashIndexSize=101
[2022.08.30-06.18.05:058][  0]LogPakFile: PakFile FullDirectoryIndexSize=144
[2022.08.30-06.18.05:058][  0]LogShaderLibrary: Display: ShaderCodeLibraryPakFileMountedCallback: PakFile 'C:/Program Files/Epic Games/UE_4.27/FeaturePacks/TP_TwinStick.upack' (chunk index -1, root 'root:/') mounted
[2022.08.30-06.18.05:058][  0]LogShaderLibrary: Display: ShaderCodeLibraryPakFileMountedCallback: pending pak file info (ChunkID:-1 Root:root:/ File:C:/Program Files/Epic Games/UE_4.27/FeaturePacks/TP_TwinStick.upack)
[2022.08.30-06.18.05:058][  0]LogPakFile: OnPakFileMounted2Time == 0.000027
[2022.08.30-06.18.05:059][  0]LogPakFile: PakFile PrimaryIndexSize=187
[2022.08.30-06.18.05:059][  0]LogPakFile: PakFile PathHashIndexSize=101
[2022.08.30-06.18.05:059][  0]LogPakFile: PakFile FullDirectoryIndexSize=148
[2022.08.30-06.18.05:059][  0]LogShaderLibrary: Display: ShaderCodeLibraryPakFileMountedCallback: PakFile 'C:/Program Files/Epic Games/UE_4.27/FeaturePacks/TP_TwinStickBP.upack' (chunk index -1, root 'root:/') mounted
[2022.08.30-06.18.05:059][  0]LogShaderLibrary: Display: ShaderCodeLibraryPakFileMountedCallback: pending pak file info (ChunkID:-1 Root:root:/ File:C:/Program Files/Epic Games/UE_4.27/FeaturePacks/TP_TwinStickBP.upack)
[2022.08.30-06.18.05:059][  0]LogPakFile: OnPakFileMounted2Time == 0.000027
[2022.08.30-06.18.05:061][  0]LogPakFile: PakFile PrimaryIndexSize=183
[2022.08.30-06.18.05:061][  0]LogPakFile: PakFile PathHashIndexSize=101
[2022.08.30-06.18.05:061][  0]LogPakFile: PakFile FullDirectoryIndexSize=140
[2022.08.30-06.18.05:061][  0]LogShaderLibrary: Display: ShaderCodeLibraryPakFileMountedCallback: PakFile 'C:/Program Files/Epic Games/UE_4.27/FeaturePacks/TP_Vehicle.upack' (chunk index -1, root 'root:/') mounted
[2022.08.30-06.18.05:061][  0]LogShaderLibrary: Display: ShaderCodeLibraryPakFileMountedCallback: pending pak file info (ChunkID:-1 Root:root:/ File:C:/Program Files/Epic Games/UE_4.27/FeaturePacks/TP_Vehicle.upack)
[2022.08.30-06.18.05:061][  0]LogPakFile: OnPakFileMounted2Time == 0.000027
[2022.08.30-06.18.05:062][  0]LogPakFile: PakFile PrimaryIndexSize=186
[2022.08.30-06.18.05:062][  0]LogPakFile: PakFile PathHashIndexSize=101
[2022.08.30-06.18.05:062][  0]LogPakFile: PakFile FullDirectoryIndexSize=146
[2022.08.30-06.18.05:062][  0]LogShaderLibrary: Display: ShaderCodeLibraryPakFileMountedCallback: PakFile 'C:/Program Files/Epic Games/UE_4.27/FeaturePacks/TP_VehicleAdv.upack' (chunk index -1, root 'root:/') mounted
[2022.08.30-06.18.05:062][  0]LogShaderLibrary: Display: ShaderCodeLibraryPakFileMountedCallback: pending pak file info (ChunkID:-1 Root:root:/ File:C:/Program Files/Epic Games/UE_4.27/FeaturePacks/TP_VehicleAdv.upack)
[2022.08.30-06.18.05:062][  0]LogPakFile: OnPakFileMounted2Time == 0.000028
[2022.08.30-06.18.05:063][  0]LogPakFile: PakFile PrimaryIndexSize=188
[2022.08.30-06.18.05:063][  0]LogPakFile: PakFile PathHashIndexSize=101
[2022.08.30-06.18.05:063][  0]LogPakFile: PakFile FullDirectoryIndexSize=150
[2022.08.30-06.18.05:063][  0]LogShaderLibrary: Display: ShaderCodeLibraryPakFileMountedCallback: PakFile 'C:/Program Files/Epic Games/UE_4.27/FeaturePacks/TP_VehicleAdvBP.upack' (chunk index -1, root 'root:/') mounted
[2022.08.30-06.18.05:063][  0]LogShaderLibrary: Display: ShaderCodeLibraryPakFileMountedCallback: pending pak file info (ChunkID:-1 Root:root:/ File:C:/Program Files/Epic Games/UE_4.27/FeaturePacks/TP_VehicleAdvBP.upack)
[2022.08.30-06.18.05:063][  0]LogPakFile: OnPakFileMounted2Time == 0.000029
[2022.08.30-06.18.05:065][  0]LogPakFile: PakFile PrimaryIndexSize=185
[2022.08.30-06.18.05:065][  0]LogPakFile: PakFile PathHashIndexSize=101
[2022.08.30-06.18.05:065][  0]LogPakFile: PakFile FullDirectoryIndexSize=144
[2022.08.30-06.18.05:065][  0]LogShaderLibrary: Display: ShaderCodeLibraryPakFileMountedCallback: PakFile 'C:/Program Files/Epic Games/UE_4.27/FeaturePacks/TP_VehicleBP.upack' (chunk index -1, root 'root:/') mounted
[2022.08.30-06.18.05:065][  0]LogShaderLibrary: Display: ShaderCodeLibraryPakFileMountedCallback: pending pak file info (ChunkID:-1 Root:root:/ File:C:/Program Files/Epic Games/UE_4.27/FeaturePacks/TP_VehicleBP.upack)
[2022.08.30-06.18.05:065][  0]LogPakFile: OnPakFileMounted2Time == 0.000033
[2022.08.30-06.18.05:066][  0]LogPakFile: PakFile PrimaryIndexSize=192
[2022.08.30-06.18.05:066][  0]LogPakFile: PakFile PathHashIndexSize=101
[2022.08.30-06.18.05:066][  0]LogPakFile: PakFile FullDirectoryIndexSize=158
[2022.08.30-06.18.05:066][  0]LogShaderLibrary: Display: ShaderCodeLibraryPakFileMountedCallback: PakFile 'C:/Program Files/Epic Games/UE_4.27/FeaturePacks/TP_VirtualRealityBP.upack' (chunk index -1, root 'root:/') mounted
[2022.08.30-06.18.05:066][  0]LogShaderLibrary: Display: ShaderCodeLibraryPakFileMountedCallback: pending pak file info (ChunkID:-1 Root:root:/ File:C:/Program Files/Epic Games/UE_4.27/FeaturePacks/TP_VirtualRealityBP.upack)
[2022.08.30-06.18.05:066][  0]LogPakFile: OnPakFileMounted2Time == 0.000028
[2022.08.30-06.18.05:157][  0]LogNativeClassHierarchy: Verbose: Native class hierarchy updated for 'AddContentDialog' in 0.0003 seconds. Added 0 classes and 0 folders.
[2022.08.30-06.18.05:158][  0]LogNativeClassHierarchy: Verbose: Native class hierarchy updated for 'SceneOutliner' in 0.0004 seconds. Added 2 classes and 0 folders.
[2022.08.30-06.18.05:283][  0]LogSlate: Took 0.001257 seconds to synchronously load lazily loaded font '../../../Engine/Content/Slate/Fonts/Roboto-Regular.ttf' (155K)
[2022.08.30-06.18.05:284][  0]LogSlate: Took 0.000456 seconds to synchronously load lazily loaded font '../../../Engine/Content/Editor/Slate/Fonts/FontAwesome.ttf' (139K)
[2022.08.30-06.18.05:294][  0]LogSlate: Took 0.007916 seconds to synchronously load lazily loaded font '../../../Engine/Content/Editor/Slate/Fonts/NanumGothic.ttf' (4243K)
[2022.08.30-06.18.05:299][  0]LogSlate: Took 0.005445 seconds to synchronously load lazily loaded font '../../../Engine/Content/Editor/Slate/Fonts/NanumGothicBold.ttf' (4188K)
[2022.08.30-06.18.05:299][  0]LogSlate: Took 0.000618 seconds to synchronously load lazily loaded font '../../../Engine/Content/Slate/Fonts/Roboto-Bold.ttf' (160K)
[2022.08.30-06.18.05:389][  0]LogRenderer: Reallocating scene render targets to support 1160x412 Format 10 NumSamples 1 (Frame:1).
[2022.08.30-06.18.05:525][  0]LogNativeClassHierarchy: Verbose: Native class hierarchy updated for 'HierarchicalLODOutliner' in 0.0003 seconds. Added 0 classes and 0 folders.
[2022.08.30-06.18.05:525][  0]LogLoad: (Engine Initialization) Total time: 8.09 seconds
[2022.08.30-06.18.05:525][  0]LogLoad: (Engine Initialization) Total Blueprint compile time: 0.00 seconds
[2022.08.30-06.18.05:558][  0]LogRawInputWindows: Warning: Found device 8 devices
[2022.08.30-06.18.05:559][  0]LogRawInputWindows: Warning: Found device 8 devices
[2022.08.30-06.18.05:559][  0]LogRawInputWindows: Warning: Device was registered succesfully but not connected (Usage:4 UsagePage:1)
[2022.08.30-06.18.05:559][  0]LogRawInputWindows: Warning: Found device 8 devices
[2022.08.30-06.18.05:559][  0]LogRawInputWindows: Warning: Device was registered succesfully but not connected (Usage:5 UsagePage:1)
[2022.08.30-06.18.05:611][  0]LogAssetRegistry: Asset discovery search completed in 5.2206 seconds
[2022.08.30-06.18.05:622][  0]LogCollectionManager: Fixed up redirectors for 0 collections in 0.000003 seconds (updated 0 objects)
[2022.08.30-06.18.05:630][  0]LogContentStreaming: Texture pool size now 1000 MB
[2022.08.30-06.18.06:239][  2]LogSlate: Took 0.011082 seconds to synchronously load lazily loaded font '../../../Engine/Content/Slate/Fonts/Roboto-Light.ttf' (167K)
[2022.08.30-06.18.06:889][  4]LogSlate: Took 0.000130 seconds to synchronously load lazily loaded font '../../../Engine/Content/Slate/Fonts/Roboto-Light.ttf' (167K)
